C51 COMPILER V9.56.0.0   MAIN                                                              09/27/2018 18:17:15 PAGE 1   


C51 COMPILER V9.56.0.0, COMPILATION OF MODULE MAIN
OBJECT MODULE PLACED IN .\Objects\main.obj
COMPILER INVOKED BY: C:\Keil_v5\C51\BIN\C51.EXE src\main.c LARGE OMF2 OPTIMIZE(8,SPEED) BROWSE INCDIR(.\inc) DEBUG PRINT
                    -(.\Listings\main.lst) TABS(2) OBJECT(.\Objects\main.obj)

line level    source

   1          #include <reg52.h>  
   2          #include <stdio.h>
   3          #include "mysys.h"
   4          #include "io.h"
   5          #include "adc.h"
   6          #include "uart.h"
   7          #include "uart2.h"
   8          #include "tasklist.h"
   9          #include "agreement.h"
  10          #include "TFT_LCD.h"
  11          
  12          void bsp_init(void);
  13          void display_background(void);
  14          
  15          void main(void)
  16          {
  17   1        bsp_init();
  18   1        while(1)
  19   1        { 
  20   2          if(flag_taskOne)
  21   2          {
  22   3            MyTask_One(); //任务一:温度DS18B20
  23   3            flag_taskOne=0;
  24   3          }
  25   2          if(flag_taskTwo)
  26   2          {
  27   3            MyTask_Two(); //任务二:水位
  28   3            flag_taskTwo=0;
  29   3          }
  30   2          if(flag_taskThree)
  31   2          {
  32   3            MyTask_Three(); //任务三:PH值
  33   3            flag_taskThree=0;
  34   3          }
  35   2      
  36   2          if(SMARTMODE) //自动模式
  37   2          {
  38   3            if(uartRxSta)
  39   3            {
  40   4              agreementParse(UART_RX_BUF);
  41   4              clearBuf();
  42   4              uartRxSta = 0;
  43   4              uartRxCount = 0;
  44   4            }
  45   3            if(watl_value>watl_threshold) PUMP_ON(); //水位超标
  46   3            else PUMP_OFF();
  47   3          }else //手动模式
  48   2          { 
  49   3            if(uartRxSta)
  50   3            {
  51   4              //uartSendData(UART_RX_BUF, uartRxCount); //通过串口输出
  52   4              agreementParse(UART_RX_BUF);
  53   4              uartRxSta = 0;
  54   4              uartRxCount = 0;
C51 COMPILER V9.56.0.0   MAIN                                                              09/27/2018 18:17:15 PAGE 2   

  55   4            }
  56   3          }
  57   2        } 
  58   1      }
  59          
  60          void bsp_init(void)
  61          {
  62   1        UartInit();
  63   1        Uart2Init();
  64   1        mysysinit();
  65   1        adc_Init();
  66   1        lcd_initial();
  67   1        display_background();
  68   1      }
  69          void display_background(void)
  70          {
  71   1        dsp_single_colour(WHITE);
  72   1        Fast_DrawFont_GBK16(15,10,BLUE,WHITE, "水稻环境监测系统");
  73   1        Fast_DrawFont_GBK16(5,40,BLACK,WHITE, "温度:");
  74   1        Fast_DrawFont_GBK16(5,80,BLACK,WHITE, "水位:");
  75   1        Fast_DrawFont_GBK16(5,80,BLACK,WHITE, "水泵:");
  76   1      }
  77          
  78          


MODULE INFORMATION:   STATIC OVERLAYABLE
   CODE SIZE        =    273    ----
   CONSTANT SIZE    =     35    ----
   XDATA SIZE       =   ----    ----
   PDATA SIZE       =   ----    ----
   DATA SIZE        =   ----    ----
   IDATA SIZE       =   ----    ----
   BIT SIZE         =   ----    ----
   EDATA SIZE       =   ----    ----
   HDATA SIZE       =   ----    ----
   XDATA CONST SIZE =   ----    ----
   FAR CONST SIZE   =   ----    ----
END OF MODULE INFORMATION.


C51 COMPILATION COMPLETE.  0 WARNING(S),  0 ERROR(S)
