C51 COMPILER V9.56.0.0   MYIIC                                                             09/03/2018 23:26:21 PAGE 1   


C51 COMPILER V9.56.0.0, COMPILATION OF MODULE MYIIC
OBJECT MODULE PLACED IN .\Objects\myiic.obj
COMPILER INVOKED BY: D:\Program Files\Keil\C51\BIN\C51.EXE src\myiic.c LARGE OMF2 OPTIMIZE(8,SPEED) BROWSE INCDIR(.\inc)
                    - DEBUG PRINT(.\Listings\myiic.lst) TABS(2) OBJECT(.\Objects\myiic.obj)

line level    source

   1          #include   "STC15Wxxxx.H"
   2          #include   "myiic.h"
   3          
   4          #define SCL P42
   5          #define SDA P41
   6          
   7          void delay()    //@24.000MHz
   8          {
   9   1        unsigned char i;
  10   1      
  11   1        _nop_();
  12   1        _nop_();
  13   1        i = 27;
  14   1        while (--i);
  15   1      }
  16          
  17          static void delay_us(unsigned char us){
  18   1        while((us--)>0){
  19   2          delay();
  20   2        }
  21   1      }
  22          
  23          void IIC_Init()              //初始化
  24          {
  25   1             SCL=1;
  26   1             delay();
  27   1             SDA=1;
  28   1             delay();
  29   1      }
  30          
  31          void IIC_Start()         //启动信号
  32          {
  33   1              delay_us(6);
  34   1             SDA=1;
  35   1             SCL=1;
  36   1             delay_us(6);
  37   1      
  38   1             SDA=0;
  39   1             delay_us(6);
  40   1             SCL=0;
  41   1      }
  42          
  43          void IIC_Stop()            //停止信号
  44          {
  45   1        SCL = 0;
  46   1        delay_us(2);
  47   1        SDA=0;
  48   1        delay_us(6);
  49   1        SCL=1;
  50   1        delay_us(2);
  51   1        SDA = 1;
  52   1        delay_us(6);
  53   1      }
  54          
C51 COMPILER V9.56.0.0   MYIIC                                                             09/03/2018 23:26:21 PAGE 2   

  55          u8 IIC_Wait_Ack()             //回应信号
  56          {
  57   1             u8 i=0;
  58   1             SDA=1;
  59   1             SCL=1;
  60   1              delay_us(6);
  61   1             while((SDA==1)&&i<255)
  62   1             {
  63   2               i++;
  64   2             }
  65   1             SCL=0;
  66   1             delay_us(6);
  67   1             return 0;
  68   1      
  69   1      }
  70          // 产生ACK应答
  71          void IIC_Ack()
  72          {
  73   1            SCL=0;
  74   1            delay_us(3);
  75   1            SDA=0;
  76   1            delay_us(3);
  77   1            SCL=1;
  78   1            delay_us(3);
  79   1            SCL=0;
  80   1      }
  81          // 不产生应答
  82          void IIC_Nack()
  83          {
  84   1            SCL=0;
  85   1            delay_us(3);
  86   1            SDA=1;
  87   1            delay_us(3);
  88   1            SCL=1;
  89   1            delay_us(3);
  90   1            SCL=0;
  91   1      }
  92          
  93          void IIC_Send_Byte(u8 date)//       写一个字节
  94          {
  95   1             u8 i,txd,temp;
  96   1             temp=date;
  97   1             SCL=0;
  98   1             for(i=0;i<8;i++)
  99   1             {
 100   2                    txd=temp/128;
 101   2                    temp=temp<<1;
 102   2      
 103   2                    SDA=txd;
 104   2                    delay_us(6);
 105   2                    SCL=1;
 106   2                    delay_us(6);
 107   2                    SCL=0;
 108   2                    delay_us(6);
 109   2             }
 110   1      }
 111          
 112          u8 IIC_Read_Byte(u8 ack)//读一个字节
 113          {
 114   1             u8 i,ch = 0,date = 0;
 115   1             for(i=0;i<8;i++)     //接收8个数据
 116   1             {
C51 COMPILER V9.56.0.0   MYIIC                                                             09/03/2018 23:26:21 PAGE 3   

 117   2                    SDA = 1;
 118   2                    SCL=0;
 119   2                    delay_us(6);
 120   2                    // delay_us(2);
 121   2                    SCL=1;
 122   2                    if(SDA==1)
 123   2                      ch=1;
 124   2                    else
 125   2                      ch=0;
 126   2      
 127   2                    date = date<<1;
 128   2                    date|=ch;
 129   2                    delay_us(6);
 130   2             }
 131   1      
 132   1             if(!ack){
 133   2                IIC_Nack();
 134   2             }else{
 135   2               IIC_Ack();
 136   2             }
 137   1             return date;
 138   1      }


MODULE INFORMATION:   STATIC OVERLAYABLE
   CODE SIZE        =    260    ----
   CONSTANT SIZE    =   ----    ----
   XDATA SIZE       =   ----    ----
   PDATA SIZE       =   ----    ----
   DATA SIZE        =   ----    ----
   IDATA SIZE       =   ----    ----
   BIT SIZE         =   ----    ----
   EDATA SIZE       =   ----    ----
   HDATA SIZE       =   ----    ----
   XDATA CONST SIZE =   ----    ----
   FAR CONST SIZE   =   ----    ----
END OF MODULE INFORMATION.


C51 COMPILATION COMPLETE.  0 WARNING(S),  0 ERROR(S)
