C51 COMPILER V9.56.0.0   TASKLIST                                                          09/27/2018 18:17:14 PAGE 1   


C51 COMPILER V9.56.0.0, COMPILATION OF MODULE TASKLIST
OBJECT MODULE PLACED IN .\Objects\tasklist.obj
COMPILER INVOKED BY: C:\Keil_v5\C51\BIN\C51.EXE src\tasklist.c LARGE OMF2 OPTIMIZE(8,SPEED) BROWSE INCDIR(.\inc) DEBUG P
                    -RINT(.\Listings\tasklist.lst) TABS(2) OBJECT(.\Objects\tasklist.obj)

line level    source

   1          #include "tasklist.h"
   2          #include "adc.h"
   3          #include "agreement.h"
   4          #include "TFT_LCD.h"
   5          #include "DS18B20.h"
   6          
   7          u8 sdata[4];
   8          
   9          void MyTask_One(void)
  10          {
  11   1        u8 tempstr[6];
  12   1        u16 tempvalue;
  13   1        tempvalue = ReadTemperature(tempstr);
  14   1        //Fast_DrawFont_GBK16(50,40,BLACK,WHITE, "无人");
  15   1      
  16   1        sdata[0] = 0;
  17   1        sdata[1] = 0;
  18   1        sdata[2] = tempvalue>>8;
  19   1        sdata[3] = tempvalue;
  20   1        Send_SensorData(SENSOR_DS18B20, 0, sdata);
  21   1      }
  22          
  23          void MyTask_Two(void)
  24          {
  25   1        u8 str[4];
  26   1        u8 waterl;
  27   1        waterl = get_WTL_value(str);
  28   1        //Fast_DrawFont_GBK16(50,80,BLACK,WHITE, "无震动:");
  29   1      
  30   1        sdata[0] = 0;
  31   1        sdata[1] = 0;
  32   1        sdata[2] = waterl>>8;
  33   1        sdata[3] = waterl;
  34   1        Send_SensorData(SENSOR_WATERLEVEL, 0, sdata);
  35   1      }
  36          void MyTask_Three(void)
  37          {
  38   1        u8 str[4];
  39   1        u8 ph;
  40   1        ph = get_PH_value(str);
  41   1        //Fast_DrawFont_GBK16(50,80,BLACK,WHITE, "无震动:");
  42   1      
  43   1        sdata[0] = 0;
  44   1        sdata[1] = 0;
  45   1        sdata[2] = ph>>8;
  46   1        sdata[3] = ph;
  47   1        Send_SensorData(SENSOR_PH, 0, sdata);
  48   1      }
  49          


MODULE INFORMATION:   STATIC OVERLAYABLE
   CODE SIZE        =    105    ----
   CONSTANT SIZE    =   ----    ----
C51 COMPILER V9.56.0.0   TASKLIST                                                          09/27/2018 18:17:14 PAGE 2   

   XDATA SIZE       =      4      14
   PDATA SIZE       =   ----    ----
   DATA SIZE        =   ----    ----
   IDATA SIZE       =   ----    ----
   BIT SIZE         =   ----    ----
   EDATA SIZE       =   ----    ----
   HDATA SIZE       =   ----    ----
   XDATA CONST SIZE =   ----    ----
   FAR CONST SIZE   =   ----    ----
END OF MODULE INFORMATION.


C51 COMPILATION COMPLETE.  0 WARNING(S),  0 ERROR(S)
