C51 COMPILER V9.56.0.0   ADC                                                               09/28/2018 16:54:18 PAGE 1   


C51 COMPILER V9.56.0.0, COMPILATION OF MODULE ADC
OBJECT MODULE PLACED IN .\Objects\adc.obj
COMPILER INVOKED BY: C:\Keil_v5\C51\BIN\C51.EXE src\adc.c LARGE OMF2 OPTIMIZE(8,SPEED) BROWSE INCDIR(.\inc) DEBUG PRINT(
                    -.\Listings\adc.lst) TABS(2) OBJECT(.\Objects\adc.obj)

line level    source

   1          #include "adc.h"
   2          
   3          //P1.0 P1.1 P1.2 ADC输入
   4          
   5          void adc_Init(void)
   6          {
   7   1        P1ASF = 0x07;     //12C5A60AD/S2系列模拟输入(AD)选择
   8   1        ADC_CONTR = ADC_360T | ADC_ON;
   9   1      }
  10          /*0~vcc 0~1024*/
  11          u16 adc_getValue(u8 channel)  //channel = 0~7
  12          {
  13   1        u16 adc;
  14   1        u8  i = 250;
  15   1      
  16   1        ADC_RES = 0;
  17   1        ADC_RESL = 0;
  18   1      
  19   1        ADC_CONTR = (ADC_CONTR & 0xe0) | ADC_START | channel; 
  20   1        do{
  21   2          if(ADC_CONTR & ADC_FLAG)
  22   2          {
  23   3            ADC_CONTR &= ~ADC_FLAG;
  24   3            adc = (u16)ADC_RES;
  25   3            adc = (adc << 2) | (ADC_RESL & 3);
  26   3            return  adc;
  27   3          }
  28   2        }while(--i);
  29   1        return  1024;
  30   1      }
  31          
  32          u8 watl_value;
  33          u8 get_WTL_value(u8 *str)
  34          {
  35   1        u16 value = 0;
  36   1        value = adc_getValue(0);
  37   1        
  38   1        str[0] = '0'+(value/1000);
  39   1        str[1] = '0'+(value%1000/100);
  40   1        str[2] = '0'+(value%100/10);
  41   1        str[3] = '0'+(value%10);
  42   1        str[4] = '\0';
  43   1        return watl_value;
  44   1      }
  45          
  46          u8 get_Light_value(u8 *str)
  47          {
  48   1        u8 phvalue;
  49   1        u16 value;
  50   1        value = adc_getValue(1);
  51   1        
  52   1        str[0] = '0'+(value/1000);
  53   1        str[1] = '0'+(value%1000/100);
  54   1        str[2] = '0'+(value%100/10);
C51 COMPILER V9.56.0.0   ADC                                                               09/28/2018 16:54:18 PAGE 2   

  55   1        str[3] = '0'+(value%10);
  56   1        str[4] = '\0';
  57   1        /*str[0] = '0'+(sdata/10);
  58   1        str[1] = '0'+(sdata%10);
  59   1        str[2] = '\0';*/
  60   1        return phvalue;
  61   1      }
  62          


MODULE INFORMATION:   STATIC OVERLAYABLE
   CODE SIZE        =    485    ----
   CONSTANT SIZE    =   ----    ----
   XDATA SIZE       =      1      11
   PDATA SIZE       =   ----    ----
   DATA SIZE        =   ----    ----
   IDATA SIZE       =   ----    ----
   BIT SIZE         =   ----    ----
   EDATA SIZE       =   ----    ----
   HDATA SIZE       =   ----    ----
   XDATA CONST SIZE =   ----    ----
   FAR CONST SIZE   =   ----    ----
END OF MODULE INFORMATION.


C51 COMPILATION COMPLETE.  0 WARNING(S),  0 ERROR(S)
