C51 COMPILER V9.56.0.0   AM231X                                                            09/03/2018 23:26:20 PAGE 1   


C51 COMPILER V9.56.0.0, COMPILATION OF MODULE AM231X
OBJECT MODULE PLACED IN .\Objects\AM231X.obj
COMPILER INVOKED BY: D:\Program Files\Keil\C51\BIN\C51.EXE src\AM231X.c LARGE OMF2 OPTIMIZE(8,SPEED) BROWSE INCDIR(.\inc
                    -) DEBUG PRINT(.\Listings\AM231X.lst) TABS(2) OBJECT(.\Objects\AM231X.obj)

line level    source

   1          #include "AM231X.h"
   2          
   3          
   4          unsigned char IIC_TX_Buffer[]={0x03,0x00,0x04};
   5          unsigned char IIC_RX_Buffer[IIC_RX_Length];
   6          unsigned char WR_Flag;
   7          
   8          
   9          
  10          //***************************************************
  11          u8 WriteNByte(unsigned char sla,unsigned char *s,unsigned char n)
  12          {
  13   1         unsigned char i;
  14   1         IIC_Start();
  15   1         IIC_Send_Byte(sla);  
  16   1         Delay40us();
*** WARNING C206 IN LINE 16 OF src\AM231X.c: 'Delay40us': missing function-prototype
  17   1         IIC_Wait_Ack();
  18   1         for(i=0;i<n;i++)
  19   1         {
  20   2            IIC_Send_Byte(*(s+i));
  21   2            IIC_Wait_Ack();
  22   2         }
  23   1         IIC_Stop();
  24   1         return 1;
  25   1      }
  26          
  27          u8 ReadNByte(unsigned char Sal, unsigned char *p,unsigned char n)
  28          {
  29   1        unsigned char i;
  30   1        IIC_Start();
  31   1        IIC_Send_Byte((Sal|0x01));
  32   1        Delay40us();
  33   1        IIC_Wait_Ack();
  34   1        for(i=0;i<n;i++)
  35   1        {
  36   2           if(i == (n-1)) *(p+i)=IIC_Read_Byte(0);
  37   2           else *(p+i)=IIC_Read_Byte(1);
  38   2        }
  39   1        IIC_Stop();
  40   1        return 1;
  41   1      }
  42          
  43          unsigned int CRC16(unsigned char *ptr, unsigned char len)
  44          {
  45   1         unsigned int crc=0xffff;
  46   1         unsigned char i;
  47   1         while(len--)
  48   1         {
  49   2             crc ^=*ptr++;
  50   2             for(i=0;i<8;i++)
  51   2           {
  52   3               if(crc & 0x1)
  53   3             {
C51 COMPILER V9.56.0.0   AM231X                                                            09/03/2018 23:26:20 PAGE 2   

  54   4                crc>>=1;
  55   4              crc^=0xa001;
  56   4             }
  57   3             else
  58   3             {
  59   4                crc>>=1;
  60   4             }
  61   3           }
  62   2         }
  63   1         return crc;
  64   1      }
  65          
  66          unsigned char CheckCRC(unsigned char *ptr,unsigned char len)
  67          {
  68   1        unsigned int crc;
  69   1        crc=(unsigned int)CRC16(ptr,len-2);
  70   1        if(ptr[len-1]==(crc>>8) && ptr[len-2]==(crc & 0x00ff))
  71   1        {
  72   2            return 0xff;
  73   2        }
  74   1        else
  75   1        {
  76   2           return 0x0;
  77   2        }
  78   1      }
  79          void Waken(void)
  80          {
  81   1      
  82   1        IIC_Start();
  83   1        IIC_Send_Byte(IIC_Add);
  84   1        IIC_Wait_Ack();
  85   1        delay_ms(1);
  86   1        IIC_Stop();
  87   1      }
  88          
  89          unsigned char AM231X_getValue(float* tempValue,float* humiValue)
  90          {
  91   1        float Tmp1,Tmp2;
  92   1        Waken();                                                                                                 
             -                                                                                                                        
             -                                                   
  93   1        WriteNByte(IIC_Add,IIC_TX_Buffer,3);
  94   1        delay_ms(2);
  95   1        ReadNByte(IIC_Add,IIC_RX_Buffer,8);
  96   1        delay_ms(3);
  97   1        if(CheckCRC(IIC_RX_Buffer,8))
  98   1        {
  99   2          Tmp1 = IIC_RX_Buffer[2]*256+IIC_RX_Buffer[3];
 100   2          Tmp1=Tmp1/10;
 101   2          Tmp2 = IIC_RX_Buffer[4]*256+IIC_RX_Buffer[5];
 102   2          Tmp2=Tmp2/10;
 103   2          *tempValue = Tmp2;
 104   2          *humiValue = Tmp1;
 105   2          return 1;
 106   2        }else
 107   1        {
 108   2          return 0;
 109   2        }
 110   1      }
 111          
 112          void Clear_Data()
 113          {
C51 COMPILER V9.56.0.0   AM231X                                                            09/03/2018 23:26:20 PAGE 3   

 114   1        int i;
 115   1        for(i=0;i<IIC_RX_Length;i++)
 116   1        {
 117   2        IIC_RX_Buffer[i] = 0x00;
 118   2        }
 119   1      }


MODULE INFORMATION:   STATIC OVERLAYABLE
   CODE SIZE        =    715    ----
   CONSTANT SIZE    =   ----    ----
   XDATA SIZE       =     19      39
   PDATA SIZE       =   ----    ----
   DATA SIZE        =   ----    ----
   IDATA SIZE       =   ----    ----
   BIT SIZE         =   ----    ----
   EDATA SIZE       =   ----    ----
   HDATA SIZE       =   ----    ----
   XDATA CONST SIZE =   ----    ----
   FAR CONST SIZE   =   ----    ----
END OF MODULE INFORMATION.


C51 COMPILATION COMPLETE.  1 WARNING(S),  0 ERROR(S)
