C51 COMPILER V9.56.0.0   IO                                                                10/09/2018 12:38:47 PAGE 1   


C51 COMPILER V9.56.0.0, COMPILATION OF MODULE IO
OBJECT MODULE PLACED IN .\Objects\io.obj
COMPILER INVOKED BY: C:\Keil_v5\C51\BIN\C51.EXE src\io.c LARGE OMF2 OPTIMIZE(8,SPEED) BROWSE INCDIR(.\inc) DEBUG PRINT(.
                    -\Listings\io.lst) TABS(2) OBJECT(.\Objects\io.obj)

line level    source

   1          #include "io.h"
   2          


MODULE INFORMATION:   STATIC OVERLAYABLE
   CODE SIZE        =   ----    ----
   CONSTANT SIZE    =   ----    ----
   XDATA SIZE       =   ----    ----
   PDATA SIZE       =   ----    ----
   DATA SIZE        =   ----    ----
   IDATA SIZE       =   ----    ----
   BIT SIZE         =   ----    ----
   EDATA SIZE       =   ----    ----
   HDATA SIZE       =   ----    ----
   XDATA CONST SIZE =   ----    ----
   FAR CONST SIZE   =   ----    ----
END OF MODULE INFORMATION.


C51 COMPILATION COMPLETE.  0 WARNING(S),  0 ERROR(S)
