C51 COMPILER V9.56.0.0   MAIN                                                              09/28/2018 16:54:18 PAGE 1   


C51 COMPILER V9.56.0.0, COMPILATION OF MODULE MAIN
OBJECT MODULE PLACED IN .\Objects\main.obj
COMPILER INVOKED BY: C:\Keil_v5\C51\BIN\C51.EXE src\main.c LARGE OMF2 OPTIMIZE(8,SPEED) BROWSE INCDIR(.\inc) DEBUG PRINT
                    -(.\Listings\main.lst) TABS(2) OBJECT(.\Objects\main.obj)

line level    source

   1          #include <reg52.h>  
   2          #include <stdio.h>
   3          #include "mysys.h"
   4          #include "io.h"
   5          #include "adc.h"
   6          #include "uart.h"
   7          #include "uart2.h"
   8          #include "tasklist.h"
   9          #include "agreement.h"
  10          #include "TFT_LCD.h"
  11          
  12          void bsp_init(void);
  13          void display_background(void);
  14          
  15          void main(void)
  16          {
  17   1        bsp_init();
  18   1        while(1)
  19   1        { 
  20   2          if(flag_taskOne)
  21   2          {
  22   3            MyTask_One(); //任务一:温度DS18B20
  23   3            flag_taskOne=0;
  24   3          }
  25   2          if(flag_taskTwo)
  26   2          {
  27   3            MyTask_Two(); //任务二:水位
  28   3            flag_taskTwo=0;
  29   3          }
  30   2          if(flag_taskThree)
  31   2          {
  32   3            MyTask_Three(); //任务三:供暖灯
  33   3            flag_taskThree=0;
  34   3          }
  35   2          if(flag_taskFour)
  36   2          {
  37   3            MyTask_Four(); //任务四:水泵
  38   3            flag_taskFour=0;
  39   3          }
  40   2      
  41   2          if(SMARTMODE) //自动模式
  42   2          {
  43   3            if(uartRxSta)
  44   3            {
  45   4              agreementParse(UART_RX_BUF);
  46   4              uartRxSta = 0;
  47   4              uartRxCount = 0;
  48   4            }
  49   3            if(watl_value>watl_threshold) PUMP_ON(); //水位超标
  50   3            else PUMP_OFF();
  51   3            
  52   3            if(tempvalue<temp_threshold) LAMP_ON(); //温度过低
  53   3            else LAMP_OFF();
  54   3          }else //手动模式
C51 COMPILER V9.56.0.0   MAIN                                                              09/28/2018 16:54:18 PAGE 2   

  55   2          { 
  56   3            if(uartRxSta)
  57   3            {
  58   4              //uartSendData(UART_RX_BUF, uartRxCount); //通过串口输出
  59   4              agreementParse(UART_RX_BUF);
  60   4              uartRxSta = 0;
  61   4              uartRxCount = 0;
  62   4            }
  63   3          }
  64   2        } 
  65   1      }
  66          
  67          void bsp_init(void)
  68          {
  69   1        UartInit();
  70   1        Uart2Init();
  71   1        mysysinit();
  72   1        adc_Init();
  73   1        lcd_initial();
  74   1        display_background();
  75   1      }
  76          void display_background(void)
  77          {
  78   1        dsp_single_colour(WHITE);
  79   1        Fast_DrawFont_GBK16(33,10,BLUE,WHITE, "智能鱼缸");
  80   1        Fast_DrawFont_GBK16(5,40,BLACK,WHITE, "温度:");
  81   1        Fast_DrawFont_GBK16(5,60,BLACK,WHITE, "水位:");
  82   1        Fast_DrawFont_GBK16(5,80,BLACK,WHITE, "热灯:"); 
  83   1        Fast_DrawFont_GBK16(5,100,BLACK,WHITE, "水泵:");
  84   1      }
  85          
  86          


MODULE INFORMATION:   STATIC OVERLAYABLE
   CODE SIZE        =    344    ----
   CONSTANT SIZE    =     33    ----
   XDATA SIZE       =   ----    ----
   PDATA SIZE       =   ----    ----
   DATA SIZE        =   ----    ----
   IDATA SIZE       =   ----    ----
   BIT SIZE         =   ----    ----
   EDATA SIZE       =   ----    ----
   HDATA SIZE       =   ----    ----
   XDATA CONST SIZE =   ----    ----
   FAR CONST SIZE   =   ----    ----
END OF MODULE INFORMATION.


C51 COMPILATION COMPLETE.  0 WARNING(S),  0 ERROR(S)
