C51 COMPILER V9.56.0.0   MYSYS                                                             10/09/2018 12:38:47 PAGE 1   


C51 COMPILER V9.56.0.0, COMPILATION OF MODULE MYSYS
OBJECT MODULE PLACED IN .\Objects\mysys.obj
COMPILER INVOKED BY: C:\Keil_v5\C51\BIN\C51.EXE src\mysys.c LARGE OMF2 OPTIMIZE(8,SPEED) BROWSE INCDIR(.\inc) DEBUG PRIN
                    -T(.\Listings\mysys.lst) TABS(2) OBJECT(.\Objects\mysys.obj)

line level    source

   1          #include "mysys.h"
   2          #include "uart.h"
   3          #include "uart2.h"
   4          
   5          u32 heartBeat;
   6          u8 flag_taskOne = 0;
   7          u8 flag_taskTwo = 0;
   8          u8 flag_taskThree = 0;
   9          u8 flag_taskFour = 0;
  10          u8 flag_taskFive = 0;
  11          
  12          void mysysinit()
  13          {
  14   1        TMOD &= 0xF0;
  15   1        TMOD |= 0x01;    //设置为16位自动重装定时器，溢出值自动重装入TL0和TH0中
  16   1        TH0=(65536-46080)/256; //50ms = 46080 进入中断
  17   1        TL0=(65536-46080)%256;
  18   1        TR0 = 1;        //定时器0的运行控制位
  19   1        ET0 = 1;        //定时器0的中断允许控制位
  20   1        EA = 1;         //打开总中断
  21   1      }
  22          
  23          // 描述: timer0中断函数.50ms
  24          // 中断时间太短会导致串口异常
  25          void timer0(void) interrupt TIMER0_VECTOR
  26          {
  27   1        TH0=(65536-46080)/256;
  28   1        TL0=(65536-46080)%256;
  29   1        
  30   1        if(heartBeat < 30000) heartBeat++;
  31   1        else heartBeat = 0;
  32   1      
  33   1        if((heartBeat%40)==0)flag_taskOne = 1;
  34   1        if(heartBeat%30 == 0)flag_taskTwo = 1;
  35   1        if(heartBeat%80 == 0)flag_taskThree = 1;
  36   1        if(heartBeat%100 == 0)flag_taskFour = 1;
  37   1        if(heartBeat%400 == 0)flag_taskFive = 1;
  38   1        
  39   1        //串口控制相关
  40   1        if(flag_uart_rx) //uart1
  41   1        {
  42   2          if(uartRxTimeOut>0)uartRxTimeOut--;
  43   2          else 
  44   2          {
  45   3            flag_uart_rx = 0;
  46   3            uartRxSta = 1;
  47   3          }
  48   2        }
  49   1        if(flag_uart2_rx) //uart2
  50   1        {
  51   2          if(uart2RxTimeOut>0)uart2RxTimeOut--;
  52   2          else 
  53   2          {
  54   3            flag_uart2_rx = 0;
C51 COMPILER V9.56.0.0   MYSYS                                                             10/09/2018 12:38:47 PAGE 2   

  55   3            uart2RxSta = 1;
  56   3          }
  57   2        }
  58   1      }


MODULE INFORMATION:   STATIC OVERLAYABLE
   CODE SIZE        =    447    ----
   CONSTANT SIZE    =   ----    ----
   XDATA SIZE       =      9    ----
   PDATA SIZE       =   ----    ----
   DATA SIZE        =   ----    ----
   IDATA SIZE       =   ----    ----
   BIT SIZE         =   ----    ----
   EDATA SIZE       =   ----    ----
   HDATA SIZE       =   ----    ----
   XDATA CONST SIZE =   ----    ----
   FAR CONST SIZE   =   ----    ----
END OF MODULE INFORMATION.


C51 COMPILATION COMPLETE.  0 WARNING(S),  0 ERROR(S)
