C51 COMPILER V9.56.0.0   TASKLIST                                                          10/09/2018 12:38:47 PAGE 1   


C51 COMPILER V9.56.0.0, COMPILATION OF MODULE TASKLIST
OBJECT MODULE PLACED IN .\Objects\tasklist.obj
COMPILER INVOKED BY: C:\Keil_v5\C51\BIN\C51.EXE src\tasklist.c LARGE OMF2 OPTIMIZE(8,SPEED) BROWSE INCDIR(.\inc) DEBUG P
                    -RINT(.\Listings\tasklist.lst) TABS(2) OBJECT(.\Objects\tasklist.obj)

line level    source

   1          #include "tasklist.h"
   2          #include "io.h"
   3          #include "adc.h"
   4          #include "agreement.h"
   5          #include "TFT_LCD.h"
   6          #include "DS18B20.h"
   7          
   8          u8 sdata[4] = {0};
   9          
  10          u16 tempvalue = 0;
  11          void MyTask_One(void)
  12          {
  13   1        u8 tempstr[6];
  14   1        
  15   1        tempvalue = ReadTemperature(tempstr);
  16   1        Display_ASCII8X16_Color(50,40,tempstr,RED,WHITE); //ÏÔÊ¾×Ö·û
  17   1      
  18   1        sdata[0] = 0;
  19   1        sdata[1] = 0;
  20   1        sdata[2] = tempvalue>>8;
  21   1        sdata[3] = tempvalue;
  22   1        Send_SensorData(SENSOR_DS18B20, 0, sdata);
  23   1      }
  24          
  25          void MyTask_Two(void)
  26          {
  27   1        u8 str[5];
  28   1        u8 waterl;
  29   1        
  30   1        waterl = get_WTL_value(str);
  31   1        Display_ASCII8X16_Color(50,60,str,RED,WHITE); 
  32   1      
  33   1        sdata[0] = 0;
  34   1        sdata[1] = 0;
  35   1        sdata[2] = waterl>>8;
  36   1        sdata[3] = waterl;
  37   1        Send_SensorData(SENSOR_WATERLEVEL, 0, sdata);
  38   1      }
  39          void MyTask_Three(void)
  40          {
  41   1        if(IO_LAMP) Display_ASCII8X16_Color(50,80,"ON ",RED,WHITE); 
  42   1        else Display_ASCII8X16_Color(50,80,"OFF",BLACK,WHITE);
  43   1        sdata[0] = 0;
  44   1        sdata[1] = 0;
  45   1        sdata[2] = 0;
  46   1        sdata[3] = IO_LAMP;
  47   1        Send_SensorData(SENSOR_LAMP, 0, sdata);
  48   1      }
  49          
  50          void MyTask_Four(void)
  51          {
  52   1        if(IO_PUMP) Display_ASCII8X16_Color(50,100,"ON ",RED,WHITE); 
  53   1        else Display_ASCII8X16_Color(50,100,"OFF",BLACK,WHITE); 
  54   1        sdata[0] = 0;
C51 COMPILER V9.56.0.0   TASKLIST                                                          10/09/2018 12:38:47 PAGE 2   

  55   1        sdata[1] = 0;
  56   1        sdata[2] = 0;
  57   1        sdata[3] = IO_PUMP;
  58   1        Send_SensorData(SENSOR_WATER_PUMP, 0, sdata);
  59   1      }
  60          
  61          void MyTask_Five(void)
  62          {
  63   1        //if(IO_PUMP) Display_ASCII8X16_Color(50,100,"ON ",RED,WHITE); 
  64   1        //else Display_ASCII8X16_Color(50,100,"OFF",BLACK,WHITE); 
  65   1        sdata[0] = 0;
  66   1        sdata[1] = 0;
  67   1        sdata[2] = 0;
  68   1        sdata[3] = IO_TURB;
  69   1        Send_SensorData(SENSOR_WATER_TURB, 0, sdata);
  70   1      }
  71          


MODULE INFORMATION:   STATIC OVERLAYABLE
   CODE SIZE        =    339    ----
   CONSTANT SIZE    =      8    ----
   XDATA SIZE       =      6      12
   PDATA SIZE       =   ----    ----
   DATA SIZE        =   ----    ----
   IDATA SIZE       =   ----    ----
   BIT SIZE         =   ----    ----
   EDATA SIZE       =   ----    ----
   HDATA SIZE       =   ----    ----
   XDATA CONST SIZE =   ----    ----
   FAR CONST SIZE   =   ----    ----
END OF MODULE INFORMATION.


C51 COMPILATION COMPLETE.  0 WARNING(S),  0 ERROR(S)
