C51 COMPILER V9.56.0.0   TFT_LCD                                                           09/28/2018 16:54:18 PAGE 1   


C51 COMPILER V9.56.0.0, COMPILATION OF MODULE TFT_LCD
OBJECT MODULE PLACED IN .\Objects\TFT_LCD.obj
COMPILER INVOKED BY: C:\Keil_v5\C51\BIN\C51.EXE src\TFT_LCD.c LARGE OMF2 OPTIMIZE(8,SPEED) BROWSE INCDIR(.\inc) DEBUG PR
                    -INT(.\Listings\TFT_LCD.lst) TABS(2) OBJECT(.\Objects\TFT_LCD.obj)

line level    source

   1          #include "TFT_LCD.h"
   2          
   3          code  typFNT_GBK16 hz16[] = {
   4          "水",0x01,0x00,0x01,0x00,0x01,0x00,0x01,0x08,0x01,0x08,0x7D,0x90,0x05,0xA0,0x09,0x40,
   5          0x09,0x40,0x11,0x20,0x11,0x10,0x21,0x08,0x41,0x06,0x81,0x00,0x05,0x00,0x02,0x00,
   6          "智",0x20,0x00,0x3E,0x7C,0x48,0x44,0x08,0x44,0xFF,0x44,0x14,0x44,0x22,0x7C,0x40,0x00,
   7          0x1F,0xF0,0x10,0x10,0x10,0x10,0x1F,0xF0,0x10,0x10,0x10,0x10,0x1F,0xF0,0x10,0x10,
   8          "能",0x10,0x40,0x24,0x44,0x42,0x48,0xFF,0x70,0x01,0x40,0x00,0x42,0x7E,0x42,0x42,0x3E,
   9          0x42,0x00,0x7E,0x44,0x42,0x48,0x42,0x70,0x7E,0x40,0x42,0x42,0x4A,0x42,0x44,0x3E,
  10          "鱼",0x04,0x00,0x04,0x00,0x0F,0xE0,0x10,0x20,0x20,0x40,0x7F,0xF8,0xA1,0x08,0x21,0x08,
  11          0x3F,0xF8,0x21,0x08,0x21,0x08,0x3F,0xF8,0x00,0x00,0x00,0x00,0xFF,0xFE,0x00,0x00,
  12          "缸",0x20,0x00,0x20,0x00,0x3F,0x7E,0x48,0x10,0x88,0x10,0x08,0x10,0xFF,0x10,0x08,0x10,
  13          0x08,0x10,0x49,0x10,0x49,0x10,0x49,0x10,0x4F,0x10,0x79,0xFE,0x01,0x00,0x00,0x00,
  14          "温",0x00,0x00,0x23,0xF8,0x12,0x08,0x12,0x08,0x83,0xF8,0x42,0x08,0x42,0x08,0x13,0xF8,
  15          0x10,0x00,0x27,0xFC,0xE4,0xA4,0x24,0xA4,0x24,0xA4,0x24,0xA4,0x2F,0xFE,0x00,0x00,
  16          "度",0x01,0x00,0x00,0x80,0x3F,0xFE,0x22,0x20,0x22,0x20,0x3F,0xFC,0x22,0x20,0x22,0x20,
  17          0x23,0xE0,0x20,0x00,0x2F,0xF0,0x24,0x10,0x42,0x20,0x41,0xC0,0x86,0x30,0x38,0x0E,
  18          "位",0x08,0x80,0x08,0x40,0x08,0x40,0x10,0x00,0x17,0xFC,0x30,0x00,0x30,0x08,0x52,0x08,
  19          0x92,0x08,0x11,0x10,0x11,0x10,0x11,0x10,0x11,0x20,0x10,0x20,0x1F,0xFE,0x10,0x00,
  20          "值",0x08,0x40,0x08,0x40,0x0F,0xFC,0x10,0x40,0x10,0x40,0x33,0xF8,0x32,0x08,0x53,0xF8,
  21          0x92,0x08,0x13,0xF8,0x12,0x08,0x13,0xF8,0x12,0x08,0x12,0x08,0x1F,0xFE,0x10,0x00,
  22          "泵",0x00,0x00,0xFF,0xFE,0x04,0x00,0x08,0x00,0x1F,0xF0,0x28,0x10,0xC8,0x10,0x0F,0xF0,
  23          0x01,0x00,0x01,0x04,0x7D,0x88,0x09,0x50,0x11,0x20,0x21,0x18,0xC5,0x06,0x02,0x00,
  24          "打",0x10,0x00,0x10,0x00,0x13,0xFE,0x10,0x20,0xFC,0x20,0x10,0x20,0x10,0x20,0x14,0x20,
  25          0x18,0x20,0x30,0x20,0xD0,0x20,0x10,0x20,0x10,0x20,0x10,0x20,0x50,0xA0,0x20,0x40,
  26          "开",0x00,0x00,0x7F,0xFC,0x08,0x20,0x08,0x20,0x08,0x20,0x08,0x20,0x08,0x20,0xFF,0xFE,
  27          0x08,0x20,0x08,0x20,0x08,0x20,0x08,0x20,0x10,0x20,0x10,0x20,0x20,0x20,0x40,0x20,
  28          "关",0x10,0x10,0x08,0x10,0x08,0x20,0x00,0x00,0x3F,0xF8,0x01,0x00,0x01,0x00,0x01,0x00,
  29          0xFF,0xFE,0x01,0x00,0x02,0x80,0x02,0x80,0x04,0x40,0x08,0x20,0x30,0x18,0xC0,0x06,
  30          "闭",0x20,0x00,0x17,0xFC,0x00,0x04,0x40,0x84,0x40,0x84,0x5F,0xF4,0x40,0x84,0x41,0x84,
  31          0x42,0x84,0x44,0x84,0x48,0x84,0x50,0x84,0x42,0x84,0x41,0x04,0x40,0x14,0x40,0x08,
  32          "热",0x10,0x40,0x10,0x40,0x10,0x40,0xFD,0xF8,0x10,0x48,0x10,0x48,0x1C,0xC8,0x30,0x48,
  33          0xD0,0xAA,0x10,0xAA,0x51,0x06,0x22,0x02,0x00,0x00,0x48,0x88,0x44,0x44,0x84,0x44,
  34          "灯",0x10,0x00,0x10,0x00,0x13,0xFE,0x10,0x20,0x54,0x20,0x58,0x20,0x50,0x20,0x90,0x20,
  35          0x10,0x20,0x10,0x20,0x10,0x20,0x28,0x20,0x24,0x20,0x44,0x20,0x40,0xA0,0x80,0x40,
  36          };
  37          
  38          uchar code Zk_ASCII8X16[]=
  39          {
  40            0x00,0x00,0x00,0x00,0x00,0x00,0x00,0x00,0x00,0x00,0x00,0x00,0x00,
  41            0x00,0x00,0x00,0x00,0x00,0x00,0x00,0x00,0x00,0x00,0x00,0x00,0x00,
  42            0x00,0x00,0x00,0x00,0x00,0x00,0x00,0x00,0x00,0x00,0x00,0x00,0x00,
  43            0x00,0x00,0x00,0x00,0x00,0x00,0x00,0x00,0x00,0x00,0x00,0x00,0x00,
  44            0x00,0x00,0x00,0x00,0x00,0x00,0x00,0x00,0x00,0x00,0x00,0x00,0x00,
  45            0x00,0x00,0x00,0x00,0x00,0x00,0x00,0x00,0x00,0x00,0x00,0x00,0x00,
  46            0x00,0x00,0x00,0x00,0x00,0x00,0x00,0x00,0x00,0x00,0x00,0x00,0x00,
  47            0x00,0x00,0x00,0x00,0x00,0x00,0x00,0x00,0x00,0x00,0x00,0x00,0x00,
  48            0x00,0x00,0x00,0x00,0x00,0x00,0x00,0x00,0x00,0x00,0x00,0x00,0x00,
  49            0x00,0x00,0x00,0x00,0x00,0x00,0x00,0x00,0x00,0x00,0x00,0x00,0x00,
  50            0x00,0x18,0x08,0xc8,0x08,0x08,0x00,0x00,0x00,0x00,0x00,0x00,0x00,
  51            0x00,0x00,0x00,0x7f,0x60,0x60,0x60,0x60,0x60,0x60,0x60,0x60,0xe0,
  52            0x60,0x20,0x00,0x00,0x00,0x00,0x00,0x00,0x00,0x00,0x00,0x00,0x00,
  53            0x00,0x00,0x00,0x00,0x00,0x00,0x00,0x00,0x00,0x18,0x18,0x18,0x10,
  54            0x10,0x10,0x00,0x00,0x00,0x00,0x00,0x00,0x00,0x00,0x00,0x00,0x00,
C51 COMPILER V9.56.0.0   TFT_LCD                                                           09/28/2018 16:54:18 PAGE 2   

  55            0x00,0x00,0x00,0x00,0x00,0x08,0x08,0x08,0x0c,0x0c,0x0c,0x00,0x00,
  56            0x00,0x00,0x00,0x00,0x00,0x00,0x00,0x00,0x00,0x00,0x00,0x00,0x00,
  57            0x00,0x00,0x00,0x00,0x00,0x6c,0x38,0x10,0x00,0x7c,0xc6,0x70,0x1c,
  58            0xc6,0x7c,0x00,0x00,0x00,0x00,0x00,0x00,0x10,0x38,0x6c,0x00,0x78,
  59            0x0c,0x7c,0xcc,0xcc,0x76,0x00,0x00,0x00,0x00,0x00,0x00,0x00,0x00,
  60            0x00,0x00,0x7c,0xc6,0x70,0xc0,0xc6,0x7c,0x00,0x00,0x00,0x00,0x00,
  61            0x00,0x00,0x00,0x00,0x00,0x6c,0x96,0x7c,0xd0,0xd6,0x6c,0x00,0x00,
  62            0x00,0x00,0x00,0x00,0x00,0x00,0x00,0x00,0x7c,0xc6,0x06,0x06,0xc6,
  63            0x7c,0x00,0x00,0x00,0x00,0x00,0x00,0x00,0x38,0x6c,0xc6,0xc6,0xfe,
  64            0xc6,0xc6,0x6c,0x38,0x00,0x00,0x00,0x00,0x00,0x00,0x00,0x00,0x00,
  65            0x10,0x38,0x28,0x6c,0x44,0xc6,0xc6,0x00,0x00,0x00,0x00,0x00,0x00,
  66            0x00,0x00,0x00,0x00,0x7c,0xc6,0x06,0xfe,0xc6,0x7c,0x00,0x00,0x00,
  67            0x00,0x00,0x00,0x00,0x00,0x00,0x00,0xdc,0x66,0x66,0x66,0xf6,0x06,
  68            0x06,0x66,0x3c,0x00,0x00,0x00,0x00,0x6c,0x38,0xf8,0x0c,0x7e,0xc6,
  69            0xc6,0xc6,0x7c,0x00,0x00,0x00,0x00,0x00,0x00,0x00,0x0e,0x1b,0x18,
  70            0x18,0x18,0x18,0x18,0x18,0x18,0xd8,0x70,0x00,0x00,0x00,0x00,0x00,
  71            0x00,0x00,0xfe,0x86,0x0c,0x18,0x0c,0x06,0x06,0xc6,0x7c,0x00,0x00,
  72            0x00,0x00,0x76,0xdc,0x00,0x00,0x78,0x0c,0x7c,0xcc,0xcc,0x76,0x00,
  73            0x00,0x00,0x00,0x00,0x00,0x76,0xdc,0x00,0x00,0x7c,0xc6,0x06,0x06,
  74            0xc6,0x7c,0x00,0x00,0x00,0x00,0x00,0x00,0x76,0xdc,0x00,0x00,0xdc,
  75            0x66,0x66,0x66,0x66,0x66,0x00,0x00,0x00,0x00,0x00,0x00,0x00,0x00,
  76            0x00,0x00,0x76,0x99,0x9f,0x98,0x99,0x6f,0x00,0x00,0x00,0x00,0x00,
  77            0x00,0x00,0x00,0x00,0x00,0x00,0x00,0x00,0x00,0x00,0x0c,0x06,0x06,
  78            0x00,0x00,0x00,0x00,0x00,0x00,0x00,0x00,0x00,0x00,0x00,0x00,0x3c,
  79            0x66,0x66,0x3c,0x00,0x00,0x00,0x00,0x00,0x00,0x00,0x00,0x00,0x00,
  80            0x00,0x00,0x00,0x00,0x00,0x00,0x00,0x00,0x00,0x00,0x00,0x18,0x3c,
  81            0x3c,0x3c,0x18,0x18,0x00,0x18,0x18,0x00,0x00,0x00,0x00,0x00,0x00,
  82            0xc6,0xc6,0xc6,0x44,0x00,0x00,0x00,0x00,0x00,0x00,0x00,0x00,0x00,
  83            0x00,0x00,0x00,0x00,0x6c,0x6c,0xfe,0x6c,0x6c,0x6c,0xfe,0x6c,0x6c,
  84            0x00,0x00,0x00,0x00,0x00,0x18,0x18,0x7c,0xc6,0xc2,0xc0,0x7c,0x06,
  85            0x86,0xc6,0x7c,0x18,0x18,0x00,0x00,0x00,0x00,0x00,0x00,0x00,0xc3,
  86            0xc6,0x0c,0x18,0x30,0x63,0xc3,0x00,0x00,0x00,0x00,0x00,0x00,0x00,
  87            0x38,0x6c,0x6c,0x38,0x76,0xdc,0xcc,0xcc,0x76,0x00,0x00,0x00,0x00,
  88            0x00,0x00,0x30,0x30,0x30,0x60,0x00,0x00,0x00,0x00,0x00,0x00,0x00,
  89            0x00,0x00,0x00,0x00,0x00,0x00,0x18,0x30,0x60,0x60,0x60,0x60,0x60,
  90            0x30,0x18,0x00,0x00,0x00,0x00,0x00,0x00,0x00,0x18,0x0c,0x06,0x06,
  91            0x06,0x06,0x06,0x0c,0x18,0x00,0x00,0x00,0x00,0x00,0x00,0x00,0x00,
  92            0x00,0x6c,0x38,0xfe,0x38,0x6c,0x00,0x00,0x00,0x00,0x00,0x00,0x00,
  93            0x00,0x00,0x00,0x18,0x18,0x18,0x7e,0x18,0x18,0x18,0x00,0x00,0x00,
  94            0x00,0x00,0x00,0x00,0x00,0x00,0x00,0x00,0x00,0x00,0x00,0x18,0x18,
  95            0x18,0x30,0x00,0x00,0x00,0x00,0x00,0x00,0x00,0x00,0x00,0x00,0xfe,
  96            0x00,0x00,0x00,0x00,0x00,0x00,0x00,0x00,0x00,0x00,0x00,0x00,0x00,
  97            0x00,0x00,0x00,0x00,0x00,0x18,0x18,0x00,0x00,0x00,0x00,0x00,0x00,
  98            0x00,0x02,0x06,0x0c,0x18,0x30,0x60,0xc0,0x80,0x00,0x00,0x00,0x00,
  99            0x00,0x00,0x00,0x00,0x7c,0xc6,0xce,0xde,0xf6,0xe6,0xc6,0xc6,0x7c,
 100            0x00,0x00,0x00,0x00,0x00,0x00,0x00,0x18,0x38,0x78,0x18,0x18,0x18,
 101            0x18,0x18,0x7e,0x00,0x00,0x00,0x00,0x00,0x00,0x00,0x7c,0xc6,0x06,
 102            0x0c,0x18,0x30,0x60,0xc6,0xfe,0x00,0x00,0x00,0x00,0x00,0x00,0x00,
 103            0x7c,0xc6,0x06,0x06,0x3c,0x06,0x06,0xc6,0x7c,0x00,0x00,0x00,0x00,
 104            0x00,0x00,0x00,0x0c,0x1c,0x3c,0x6c,0xcc,0xfe,0x0c,0x0c,0x1e,0x00,
 105            0x00,0x00,0x00,0x00,0x00,0x00,0xfe,0xc0,0xc0,0xc0,0xfc,0x06,0x06,
 106            0xc6,0x7c,0x00,0x00,0x00,0x00,0x00,0x00,0x00,0x38,0x60,0xc0,0xc0,
 107            0xfc,0xc6,0xc6,0xc6,0x7c,0x00,0x00,0x00,0x00,0x00,0x00,0x00,0xfe,
 108            0xc6,0x06,0x0c,0x18,0x30,0x30,0x30,0x30,0x00,0x00,0x00,0x00,0x00,
 109            0x00,0x00,0x7c,0xc6,0xc6,0xc6,0x7c,0xc6,0xc6,0xc6,0x7c,0x00,0x00,
 110            0x00,0x00,0x00,0x00,0x00,0x7c,0xc6,0xc6,0xc6,0x7e,0x06,0x06,0x0c,
 111            0x78,0x00,0x00,0x00,0x00,0x00,0x00,0x00,0x00,0x18,0x18,0x00,0x00,
 112            0x00,0x18,0x18,0x00,0x00,0x00,0x00,0x00,0x00,0x00,0x00,0x00,0x18,
 113            0x18,0x00,0x00,0x00,0x18,0x18,0x30,0x00,0x00,0x00,0x00,0x00,0x00,
 114            0x00,0x06,0x0c,0x18,0x30,0x60,0x30,0x18,0x0c,0x06,0x00,0x00,0x00,
 115            0x00,0x00,0x00,0x00,0x00,0x00,0x00,0x7e,0x00,0x00,0x7e,0x00,0x00,
 116            0x00,0x00,0x00,0x00,0x00,0x00,0x00,0x60,0x30,0x18,0x0c,0x06,0x0c,
C51 COMPILER V9.56.0.0   TFT_LCD                                                           09/28/2018 16:54:18 PAGE 3   

 117            0x18,0x30,0x60,0x00,0x00,0x00,0x00,0x00,0x00,0x00,0x7c,0xc6,0xc6,
 118            0x0c,0x18,0x18,0x00,0x18,0x18,0x00,0x00,0x00,0x00,0x00,0x00,0x00,
 119            0x7c,0xc6,0xc6,0xde,0xde,0xde,0xdc,0xc0,0x7c,0x00,0x00,0x00,0x00,
 120            0x00,0x00,0x00,0x10,0x38,0x6c,0xc6,0xc6,0xfe,0xc6,0xc6,0xc6,0x00,
 121            0x00,0x00,0x00,0x00,0x00,0x00,0xfc,0x66,0x66,0x66,0x7c,0x66,0x66,
 122            0x66,0xfc,0x00,0x00,0x00,0x00,0x00,0x00,0x00,0x3c,0x66,0xc2,0xc0,
 123            0xc0,0xc0,0xc2,0x66,0x3c,0x00,0x00,0x00,0x00,0x00,0x00,0x00,0xf8,
 124            0x6c,0x66,0x66,0x66,0x66,0x66,0x6c,0xf8,0x00,0x00,0x00,0x00,0x00,
 125            0x00,0x00,0xfe,0x66,0x62,0x68,0x78,0x68,0x62,0x66,0xfe,0x00,0x00,
 126            0x00,0x00,0x00,0x00,0x00,0xfe,0x66,0x62,0x68,0x78,0x68,0x60,0x60,
 127            0xf0,0x00,0x00,0x00,0x00,0x00,0x00,0x00,0x3c,0x66,0xc2,0xc0,0xc0,
 128            0xde,0xc6,0x66,0x3a,0x00,0x00,0x00,0x00,0x00,0x00,0x00,0xc6,0xc6,
 129            0xc6,0xc6,0xfe,0xc6,0xc6,0xc6,0xc6,0x00,0x00,0x00,0x00,0x00,0x00,
 130            0x00,0x3c,0x18,0x18,0x18,0x18,0x18,0x18,0x18,0x3c,0x00,0x00,0x00,
 131            0x00,0x00,0x00,0x00,0x1e,0x0c,0x0c,0x0c,0x0c,0x0c,0xcc,0xcc,0x78,
 132            0x00,0x00,0x00,0x00,0x00,0x00,0x00,0xe6,0x66,0x6c,0x6c,0x78,0x6c,
 133            0x6c,0x66,0xe6,0x00,0x00,0x00,0x00,0x00,0x00,0x00,0xf0,0x60,0x60,
 134            0x60,0x60,0x60,0x62,0x66,0xfe,0x00,0x00,0x00,0x00,0x00,0x00,0x00,
 135            0xc6,0xee,0xfe,0xd6,0xc6,0xc6,0xc6,0xc6,0xc6,0x00,0x00,0x00,0x00,
 136            0x00,0x00,0x00,0xc6,0xe6,0xf6,0xfe,0xde,0xce,0xc6,0xc6,0xc6,0x00,
 137            0x00,0x00,0x00,0x00,0x00,0x00,0x38,0x6c,0xc6,0xc6,0xc6,0xc6,0xc6,
 138            0x6c,0x38,0x00,0x00,0x00,0x00,0x00,0x00,0x00,0xfc,0x66,0x66,0x66,
 139            0x7c,0x60,0x60,0x60,0xf0,0x00,0x00,0x00,0x00,0x00,0x00,0x00,0x7c,
 140            0xc6,0xc6,0xc6,0xd6,0xde,0x7c,0x0c,0x0e,0x00,0x00,0x00,0x00,0x00,
 141            0x00,0x00,0xfc,0x66,0x66,0x66,0x7c,0x6c,0x66,0x66,0xe6,0x00,0x00,
 142            0x00,0x00,0x00,0x00,0x00,0x7c,0xc6,0xc6,0x60,0x38,0x0c,0xc6,0xc6,
 143            0x7c,0x00,0x00,0x00,0x00,0x00,0x00,0x00,0x7e,0x5a,0x18,0x18,0x18,
 144            0x18,0x18,0x18,0x3c,0x00,0x00,0x00,0x00,0x00,0x00,0x00,0xc6,0xc6,
 145            0xc6,0xc6,0xc6,0xc6,0xc6,0xc6,0x7c,0x00,0x00,0x00,0x00,0x00,0x00,
 146            0x00,0xc6,0xc6,0xc6,0xc6,0xc6,0xc6,0x6c,0x38,0x10,0x00,0x00,0x00,
 147            0x00,0x00,0x00,0x00,0xc6,0xc6,0xc6,0xc6,0xc6,0xd6,0xfe,0xee,0xc6,
 148            0x00,0x00,0x00,0x00,0x00,0x00,0x00,0xc6,0xc6,0xc6,0x6c,0x38,0x6c,
 149            0xc6,0xc6,0xc6,0x00,0x00,0x00,0x00,0x00,0x00,0x00,0xc6,0xc6,0xc6,
 150            0x6c,0x38,0x38,0x38,0x38,0x7c,0x00,0x00,0x00,0x00,0x00,0x00,0x00,
 151            0xfe,0xc6,0x8c,0x18,0x30,0x60,0xc2,0xc6,0xfe,0x00,0x00,0x00,0x00,
 152            0x00,0x00,0x00,0x3c,0x30,0x30,0x30,0x30,0x30,0x30,0x30,0x3c,0x00,
 153            0x00,0x00,0x00,0x00,0x00,0x00,0x80,0xc0,0xe0,0x70,0x38,0x1c,0x0e,
 154            0x06,0x02,0x00,0x00,0x00,0x00,0x00,0x00,0x00,0x3c,0x0c,0x0c,0x0c,
 155            0x0c,0x0c,0x0c,0x0c,0x3c,0x00,0x00,0x00,0x00,0x00,0x10,0x38,0x6c,
 156            0xc6,0x00,0x00,0x00,0x00,0x00,0x00,0x00,0x00,0x00,0x00,0x00,0x00,
 157            0x00,0x00,0x00,0x00,0x00,0x00,0x00,0x00,0x00,0x00,0x00,0x00,0xfe,
 158            0x00,0x00,0x00,0x00,0x30,0x30,0x18,0x00,0x00,0x00,0x00,0x00,0x00,
 159            0x00,0x00,0x00,0x00,0x00,0x00,0x00,0x00,0x00,0x00,0x00,0x78,0x0c,
 160            0x7c,0xcc,0xcc,0x76,0x00,0x00,0x00,0x00,0x00,0x00,0x00,0xe0,0x60,
 161            0x60,0x78,0x6c,0x66,0x66,0x66,0xdc,0x00,0x00,0x00,0x00,0x00,0x00,
 162            0x00,0x00,0x00,0x00,0x7c,0xc6,0xc0,0xc0,0xc6,0x7c,0x00,0x00,0x00,
 163            0x00,0x00,0x00,0x00,0x1c,0x0c,0x0c,0x3c,0x6c,0xcc,0xcc,0xcc,0x76,
 164            0x00,0x00,0x00,0x00,0x00,0x00,0x00,0x00,0x00,0x00,0x7c,0xc6,0xfe,
 165            0xc0,0xc6,0x7c,0x00,0x00,0x00,0x00,0x00,0x00,0x00,0x1c,0x36,0x32,
 166            0x30,0x7c,0x30,0x30,0x30,0x78,0x00,0x00,0x00,0x00,0x00,0x00,0x00,
 167            0x00,0x00,0x00,0x76,0xcc,0xcc,0xcc,0x7c,0x0c,0xcc,0x78,0x00,0x00,
 168            0x00,0x00,0x00,0xe0,0x60,0x60,0x6c,0x76,0x66,0x66,0x66,0xe6,0x00,
 169            0x00,0x00,0x00,0x00,0x00,0x00,0x18,0x18,0x00,0x38,0x18,0x18,0x18,
 170            0x18,0x3c,0x00,0x00,0x00,0x00,0x00,0x00,0x00,0x06,0x06,0x00,0x0e,
 171            0x06,0x06,0x06,0x06,0x66,0x66,0x3c,0x00,0x00,0x00,0x00,0x00,0xe0,
 172            0x60,0x60,0x66,0x6c,0x78,0x6c,0x66,0xe6,0x00,0x00,0x00,0x00,0x00,
 173            0x00,0x00,0x38,0x18,0x18,0x18,0x18,0x18,0x18,0x18,0x3c,0x00,0x00,
 174            0x00,0x00,0x00,0x00,0x00,0x00,0x00,0x00,0x44,0xfe,0xd6,0xd6,0xd6,
 175            0xd6,0x00,0x00,0x00,0x00,0x00,0x00,0x00,0x00,0x00,0x00,0xdc,0x66,
 176            0x66,0x66,0x66,0x66,0x00,0x00,0x00,0x00,0x00,0x00,0x00,0x00,0x00,
 177            0x00,0x7c,0xc6,0xc6,0xc6,0xc6,0x7c,0x00,0x00,0x00,0x00,0x00,0x00,
 178            0x00,0x00,0x00,0x00,0xdc,0x66,0x66,0x66,0x7c,0x60,0x60,0xf0,0x00,
C51 COMPILER V9.56.0.0   TFT_LCD                                                           09/28/2018 16:54:18 PAGE 4   

 179            0x00,0x00,0x00,0x00,0x00,0x00,0x00,0x76,0xcc,0xcc,0xcc,0x7c,0x0c,
 180            0x0c,0x1e,0x00,0x00,0x00,0x00,0x00,0x00,0x00,0x00,0xdc,0x76,0x66,
 181            0x60,0x60,0xf0,0x00,0x00,0x00,0x00,0x00,0x00,0x00,0x00,0x00,0x00,
 182            0x7c,0xc6,0x70,0x1c,0xc6,0x7c,0x00,0x00,0x00,0x00,0x00,0x00,0x00,
 183            0x10,0x30,0x30,0xfc,0x30,0x30,0x30,0x36,0x1c,0x00,0x00,0x00,0x00,
 184            0x00,0x00,0x00,0x00,0x00,0x00,0xcc,0xcc,0xcc,0xcc,0xcc,0x76,0x00,
 185            0x00,0x00,0x00,0x00,0x00,0x00,0x00,0x00,0x00,0xc6,0xc6,0xc6,0x6c,
 186            0x38,0x10,0x00,0x00,0x00,0x00,0x00,0x00,0x00,0x00,0x00,0x00,0xc6,
 187            0xc6,0xc6,0xd6,0xfe,0x6c,0x00,0x00,0x00,0x00,0x00,0x00,0x00,0x00,
 188            0x00,0x00,0xc6,0x6c,0x38,0x38,0x6c,0xc6,0x00,0x00,0x00,0x00,0x00,
 189            0x00,0x00,0x00,0x00,0x00,0xc6,0xc6,0xc6,0xc6,0x7e,0x06,0x0c,0x78,
 190            0x00,0x00,0x00,0x00,0x00,0x00,0x00,0x00,0xfe,0xcc,0x18,0x30,0x66,
 191            0xfe,0x00,0x00,0x00,0x00,0x00,0x00,0x00,0x0e,0x18,0x18,0x18,0x70,
 192            0x18,0x18,0x18,0x0e,0x00,0x00,0x00,0x00,0x00,0x00,0x00,0x18,0x18,
 193            0x18,0x18,0x00,0x18,0x18,0x18,0x18,0x00,0x00,0x00,0x00,0x00,0x00,
 194            0x00,0x70,0x18,0x18,0x18,0x0e,0x18,0x18,0x18,0x70,0x00,0x00,0x00,
 195            0x00,0x00,0x00,0x00,0x76,0xdc,0x00,0x00,0x00,0x00,0x00,0x00,0x00,
 196            0x00,0x00,0x00,0x00,0x00,0x00,0x00,0x00,0x00,0x00,0x00,0x00,0x00,
 197            0x00,0x00,0x00,0x00,0x00,0x00,0x00,0x00,0x00,0x00,0x00,0x00,0x00,
 198            0x00,0x00,0x00,0x00,0x00,0x00,0x00,0x00,0x00,0x00,0x00,0x00,0x00,
 199            0x00,0x00,0x00,0x00,0x00,0x00,0x00,0x00,0x00,0x00,0x00,0x00,0x00,
 200            0x00,0x00,0x00,0x00,0x00,0x00,0x00,0x00,0x00,0x00,0x00,0x00,0x00,
 201            0x00,0x00,0x00,0x00,0x00,0x00,0x00,0x00,0x00,0x00,0x00,0x00,0x00,
 202            0x00,0x00,0x00,0x00,0x00,0x00,0x00,0x00,0x00,0x00,0x00,0x00,0x00,
 203            0x00,0x00,0x00,0x00,0x00,0x00,0x00,0x00,0x00,0x00,0x00,0x00,0x00,
 204            0x00,0x00,0x00,0x00,0x00,0x00,0x00,0x00,0x00,0x00,0x00,0x00,0x00,
 205            0x00,0x00,0x00,0x00,0x00,0x00,0x00,0x00,0x00,0x00,0x00,0x00,0x00,
 206            0x00,0x00,0x00,0x00,0x00,0x00,0x00,0x00,0x00,0x00,0x00,0x00,0x00,
 207            0x00,0x00,0x00,0x00,0x00,0x00,0x00,0x00,0x00,0x00,0x00,0x00,0x00,
 208            0x00,0x00,0x00,0x00,0x00,0x00,0x00,0x00,0x00,0x00,0x00,0x00,0x00,
 209            0x00,0x00,0x00,0x00,0x00,0x00,0x00,0x00,0x00,0x00,0x00,0x00,0x00,
 210            0x00,0x00,0x00,0x00,0x00,0x00,0x00,0x00,0x00,0x00,0x00,0x00,0x00,
 211            0x00,0x00,0x00,0x00,0x00,0x00,0x00,0x00,0x00,0x00,0x00,0x00,0x00,
 212            0x00,0x00,0x00,0x00,0x00,0x00,0x00,0x00,0x00,0x00,0x00,0x00,0x00,
 213            0x00,0x00,0x00,0x00,0x00,0x00,0x00,0x00,0x00,0x00,0x00,0x00,0x00,
 214            0x00,0x00,0x00,0x00,0x00,0x00,0x00,0x00,0x00,0x00,0x00,0x00,0x00,
 215            0x00,0x00,0x00,0x00,0x00,0x00,0x00,0x00,0x00,0x00,0x00,0x00,0x00,
 216            0x00,0x00,0x00,0x00,0x00,0x00,0x00,0x00,0x00,0x00,0x00,0x00,0x00,
 217            0x00,0x00,0x00,0x00,0x00,0x00,0x00,0x00,0x00,0x00,0x00,0x00,0x00,
 218            0x00,0x00,0x00,0x00,0x00,0x00,0x00,0x00,0x00,0x00,0x00,0x00,0x00,
 219            0x00,0x00,0x00,0x00,0x00,0x00,0x00,0x00,0x00,0x00,0x00,0x00,0x00,
 220            0x00,0x00,0x00,0x00,0x00,0x00,0x00,0x00,0x00,0x00,0x00,0x00,0x00,
 221            0x00,0x00,0x00,0x00,0x00,0x00,0x00,0x00,0x00,0x00,0x00,0x00,0x00,
 222            0x00,0x00,0x00,0x00,0x00,0x00,0x00,0x00,0x00,0x00,0x00,0x00,0x00,
 223            0x00,0x00,0x00,0x00,0x00,0x00,0x00,0x00,0x00,0x00,0x00,0x00,0x00,
 224            0x00,0x00,0x00,0x00,0x00,0x00,0x00,0x00,0x00,0x00,0x00,0x00,0x00,
 225            0x00,0x00,0x00,0x00,0x00,0x00,0x00,0x00,0x00,0x00,0x00,0x00,0x00,
 226            0x00,0x00,0x00,0x00,0x00,0x00,0x00,0x00,0x00,0x00,0x00,0x00,0x00,
 227            0x00,0x00,0x00,0x00,0x00,0x00,0x00,0x00,0x00,0x00,0x00,0x00,0x00,
 228            0x00,0x00,0x00,0x00,0x00,0x00,0x00,0x00,0x00,0x00,0x00,0x00,0x00,
 229            0x00,0x00,0x00,0x00,0x00,0x00,0x00,0x00,0x00,0x00,0x00,0x00,0x00,
 230            0x00,0x00,0x00,0x00,0x00,0x00,0x00,0x00,0x00,0x00,0x00,0x00,0x00,
 231            0x00,0x00,0x00,0x00,0x00,0x00,0x00,0x00,0x00,0x00,0x00,0x00,0x00,
 232            0x00,0x00,0x00,0x00,0x00,0x00,0x00,0x00,0x00,0x00,0x00,0x00,0x00,
 233            0x00,0x00,0x00,0x00,0x00,0x00,0x00,0x00,0x00,0x00,0x00,0x00,0x00,
 234            0x00,0x00,0x00,0x00,0x00,0x00,0x00,0x00,0x00,0x00,0x00,0x00,0x00,
 235            0x00,0x00,0x00,0x00,0x00,0x00,0x00,0x00,0x00,0x00,0x00,0x00,0x00,
 236            0x00,0x00,0x00,0x00,0x00,0x00,0x00,0x00,0x00,0x00,0x00,0x00,0x00,
 237            0x00,0x00,0x00,0x00,0x00,0x00,0x00,0x00,0x00,0x00,0x00,0x00,0x00,
 238            0x00,0x00,0x00,0x00,0x00,0x00,0x00,0x00,0x00,0x00,0x00,0x00,0x00,
 239            0x00,0x00,0x00,0x00,0x00,0x00,0x00,0x00,0x00,0x00,0x00,0x00,0x00,
 240            0x00,0x00,0x00,0x00,0x00,0x00,0x00,0x00,0x00,0x00,0x00,0x00,0x00,
C51 COMPILER V9.56.0.0   TFT_LCD                                                           09/28/2018 16:54:18 PAGE 5   

 241            0x00,0x00,0x00,0x00,0x00,0x00,0x00,0x00,0x00,0x00,0x00,0x00,0x00,
 242            0x00,0x00,0x00,0x00,0x00,0x00,0x00,0x00,0x00,0x00,0x00,0x00,0x00,
 243            0x00,0x00,0x00,0x00,0x00,0x00,0x00,0x00,0x00,0x00,0x00,0x00,0x00,
 244            0x00,0x00,0x00,0x00,0x00,0x00,0x00,0x00,0x00,0x00,0x00,0x00,0x00,
 245            0x00,0x00,0x00,0x00,0x00,0x00,0x00,0x00,0x00,0x00,0x00,0x00,0x00,
 246            0x00,0x00,0x00,0x00,0x00,0x00,0x00,0x00,0x00,0x00,0x00,0x00,0x00,
 247            0x00,0x00,0x00,0x00,0x00,0x00,0x00,0x00,0x00,0x00,0x00,0x00,0x00,
 248            0x00,0x00,0x00,0x00,0x00,0x00,0x00,0x00,0x00,0x00,0x00,0x00,0x00,
 249            0x00,0x00,0x00,0x00,0x00,0x00,0x00,0x00,0x00,0x00,0x00,0x00,0x00,
 250            0x00,0x00,0x00,0x00,0x00,0x00,0x00,0x00,0x00,0x00,0x00,0x00,0x00,
 251            0x00,0x00,0x00,0x00,0x00,0x00,0x00,0x00,0x00,0x00,0x00,0x00,0x00,
 252            0x00,0x00,0x00,0x00,0x00,0x00,0x00,0x00,0x00,0x00,0x00,0x00,0x00,
 253            0x00,0x00,0x00,0x00,0x00,0x00,0x00,0x00,0x00,0x00,0x00,0x00,0x00,
 254            0x00,0x00,0x00,0x00,0x00,0x00,0x00,0x00,0x00,0x00,0x00,0x00,0x00,
 255            0x00,0x00,0x00,0x00,0x00,0x00,0x00,0x00,0x00,0x00,0x00,0x00,0x00,
 256            0x00,0x00,0x00,0x00,0x00,0x00,0x00,0x00,0x00,0x00,0x00,0x00,0x00,
 257            0x00,0x00,0x00,0x00,0x00,0x00,0x00,0x00,0x00,0x00,0x00,0x00,0x00,
 258            0x00,0x00,0x00,0x00,0x00,0x00,0x00,0x00,0x00,0x00,0x00,0x00,0x00,
 259            0x00,0x00,0x00,0x00,0x00,0x00,0x00,0x00,0x00,0x00,0x00,0x00,0x00,
 260            0x00,0x00,0x00,0x00,0x00,0x00,0x00,0x00,0x00,0x00,0x00,0x00,0x00,
 261            0x00,0x00,0x00,0x00,0x00,0x00,0x00,0x00,0x00,0x00,0x00,0x00,0x00,
 262            0x00,0x00,0x00,0x00,0x00,0x00,0x00,0x00,0x00,0x00,0x00,0x00,0x00,
 263            0x00,0x00,0x00,0x00,0x00,0x00,0x00,0x00,0x00,0x00,0x00,0x00,0x00,
 264            0x00,0x00,0x00,0x00,0x00,0x00,0x00,0x00,0x00,0x00,0x00,0x00,0x00,
 265            0x00,0x00,0x00,0x00,0x00,0x00,0x00,0x00,0x00,0x00,0x00,0x00,0x00,
 266            0x00,0x00,0x00,0x00,0x00,0x00,0x00,0x00,0x00,0x00,0x00,0x00,0x00,
 267            0x00,0x00,0x00,0x00,0x00,0x00,0x00,0x00,0x00,0x00,0x00,0x00,0x00,
 268            0x00,0x00,0x00,0x00,0x00,0x00,0x00,0x00,0x00,0x00,0x00,0x00,0x00,
 269            0x00,0x00,0x00,0x00,0x00,0x00,0x00,0x00,0x00,0x00,0x00,0x00,0x00,
 270            0x00,0x00,0x00,0x00,0x00,0x00,0x00,0x00,0x00,0x00,0x00,0x00,0x00,
 271            0x00,0x00,0x00,0x00,0x00,0x00,0x00,0x00,0x00,0x00,0x00,0x00,0x00,
 272            0x00,0x00,0x00,0x00,0x00,0x00,0x00,0x00,0x00,0x00,0x00,0x00,0x00,
 273            0x00,0x00,0x00,0x00,0x00,0x00,0x00,0x00,0x00,0x00,0x00,0x00,0x00,
 274            0x00,0x00,0x00,0x00,0x00,0x00,0x00,0x00,0x00,0x00,0x00,0x00,0x00,
 275            0x00,0x00,0x00,0x00,0x00,0x00,0x00,0x00,0x00,0x00,0x00,0x00,0x00,
 276            0x00,0x00,0x00,0x00,0x00,0x00,0x00,0x00,0x00,0x00,0x00,0x00,0x00,
 277            0x00,0x00,0x00,0x00,0x00,0x00,0x00,0x00,0x00,0x00,0x00,0x00,0x00,
 278            0x00,0x00,0x00,0x00,0x00,0x00,0x00,0x00,0x00,0x00,0x00,0x00,0x00,
 279            0x00,0x00,0x00,0x00,0x00,0x00,0x00,0x00,0x00,0x00,0x00,0x00,0x00,
 280            0x00,0x00,0x00,0x00,0x00,0x00,0x00,0x00,0x00,0x00,0x00,0x00,0x00,
 281            0x00,0x00,0x00,0x00,0x00,0x00,0x00,0x00,0x00,0x00,0x00,0x00,0x00,
 282            0x00,0x00,0x00,0x00,0x00,0x00,0x00,0x00,0x00,0x00,0x00,0x00,0x00,
 283            0x00,0x00,0x00,0x00,0x00,0x00,0x00,0x00,0x00,0x00,0x00,0x00,0x00,
 284            0x00,0x00,0x00,0x00,0x00,0x00,0x00,0x00,0x00,0x00,0x00,0x00,0x00,
 285            0x00,0x00,0x00,0x00,0x00,0x00,0x00,0x00,0x00,0x00,0x00,0x00,0x00,
 286            0x00,0x00,0x00,0x00,0x00,0x00,0x00,0x00,0x00,0x00,0x00,0x00,0x00,
 287            0x00,0x00,0x00,0x00,0x00,0x00,0x00,0x00,0x00,0x00,0x00,0x00,0x00,
 288            0x00,0x00,0x00,0x00,0x00,0x00,0x00,0x00,0x00,0x00,0x00,0x00,0x00,
 289            0x00,0x00,0x00,0x00,0x00,0x00,0x00,0x00,0x00,0x00,0x00,0x00,0x00,
 290            0x00,0x00,0x00,0x00,0x00,0x00,0x00,0x00,0x00,0x00,0x00,0x00,0x00,
 291            0x00,0x00,0x00,0x00,0x00,0x00,0x00,0x00,0x00,0x00,0x00,0x00,0x00,
 292            0x00,0x00,0x00,0x00,0x00,0x00,0x00,0x00,0x00,0x00,0x00,0x00,0x00,
 293            0x00,0x00,0x00,0x00,0x00,0x00,0x00,0x00,0x00,0x00,0x00,0x00,0x00,
 294            0x00,0x00,0x00,0x00,0x00,0x00,0x00,0x00,0x00,0x00,0x00,0x00,0x00,
 295            0x00,0x00,0x00,0x00,0x00,0x00,0x00,0x00,0x00,0x00,0x00,0x00,0x00,
 296            0x00,0x00,0x00,0x00,0x00,0x00,0x00,0x00,0x00,0x00,0x00,0x00,0x00,
 297            0x00,0x00,0x00,0x00,0x00,0x00,0x00,0x00,0x00,0x00,0x00,0x00,0x00,
 298            0x00,0x00,0x00,0x00,0x00,0x00,0x00,0x00,0x00,0x00,0x00,0x00,0x00,
 299            0x00,0x00,0x00,0x00,0x00,0x00,0x00,0x00,0x00,0x00,0x00,0x00,0x00,
 300            0x00,0x00,0x00,0x00,0x00,0x00,0x00,0x00,0x00,0x00,0x00,0x00,0x00,
 301            0x00,0x00,0x00,0x00,0x00,0x00,0x00,0x00,0x00,0x00,0x00,0x00,0x00,
 302            0x00,0x00,0x00,0x00,0x00,0x00,0x00,0x00,0x00,0x00,0x00,0x00,0x00,
C51 COMPILER V9.56.0.0   TFT_LCD                                                           09/28/2018 16:54:18 PAGE 6   

 303            0x00,0x00,0x00,0x00,0x00,0x00,0x00,0x00,0x00,0x00,0x00,0x00,0x00,
 304            0x00,0x00,0x00,0x00,0x00,0x00,0x00,0x00,0x00,0x00,0x00,0x00,0x00,
 305            0x00,0x00,0x00,0x00,0x00,0x00,0x00,0x00,0x00,0x00,0x00,0x00,0x00,
 306            0x00,0x00,0x00,0x00,0x00,0x00,0x00,0x00,0x00,0x00,0x00,0x00,0x00,
 307            0x00,0x00,0x00,0x00,0x00,0x00,0x00,0x00,0x00,0x00,0x00,0x00,0x00,
 308            0x00,0x00,0x00,0x00,0x00,0x00,0x00,0x00,0x00,0x00,0x00,0x00,0x00,
 309            0x00,0x00,0x00,0x00,0x00,0x00,0x00,0x00,0x00,0x00,0x00,0x00,0x00,
 310            0x00,0x00,0x00,0x00,0x00,0x00,0x00,0x00,0x00,0x00,0x00,0x00,0x00,
 311            0x00,0x00,0x00,0x00,0x00,0x00,0x00,0x00,0x00,0x00,0x00,0x00,0x00,
 312            0x00,0x00,0x00,0x00,0x00,0x00,0x00,0x00,0x00,0x00,0x00,0x00,0x00,
 313            0x00,0x00,0x00,0x00,0x00,0x00,0x00,0x00,0x00,0x00,0x00,0x00,0x00,
 314            0x00,0x00,0x00,0x00,0x00,0x00,0x00,0x00,0x00,0x00,0x00,0x00,0x00,
 315            0x00,0x00,0x00,0x00,0x00,0x00,0x00,0x00,0x00,0x00,0x00,0x00,0x00,
 316            0x00,0x00,0x00,0x00,0x00,0x00,0x00,0x00,0x00,0x00,0x00,0x00,0x00,
 317            0x00,0x00,0x00,0x00,0x00,0x00,0x00,0x00,0x00,0x00,0x00,0x00,0x00,
 318            0x00,0x00,0x00,0x00,0x00,0x00,0x00,0x00,0x00,0x00,0x00,0x00,0x00,
 319            0x00,0x00,0x00,0x00,0x00,0x00,0x00,0x00,0x00,0x00,0x00,0x00,0x00,
 320            0x00,0x00,0x00,0x00,0x00,0x00,0x00,0x00,0x00,0x00,0x00,0x00,0x00,
 321            0x00,0x00,0x00,0x00,0x00,0x00,0x00,0x00,0x00,0x00,0x00,0x00,0x00,
 322            0x00,0x00,0x00,0x00,0x00,0x00,0x00,0x00,0x00,0x00,0x00,0x00,0x00,
 323            0x00,0x00,0x00,0x00,0x00,0x00,0x00,0x00,0x00,0x00,0x00,0x00,0x00,
 324            0x00,0x00,0x00,0x00,0x00,0x00,0x00,0x00,0x00,0x00,0x00,0x00,0x00,
 325            0x00,0x00,0x00,0x00,0x00,0x00,0x00,0x00,0x00,0x00,0x00,0x00,0x00,
 326            0x00,0x00,0x00,0x00,0x00,0x00,0x00,0x00,0x00,0x00,0x00,0x00,0x00,
 327            0x00,0x00,0x00,0x00,0x00,0x00,0x00,0x00,0x00,0x00,0x00,0x00,0x00,
 328            0x00,0x00,0x00,0x00,0x00,0x00,0x00,0x00,0x00,0x00,0x00,0x00,0x00,
 329            0x00,0x00,0x00,0x00,0x00,0x00,0x00,0x00,0x00,0x00,0x00,0x00,0x00,
 330            0x00,0x00,0x00,0x00,0x00,0x00,0x00,0x00,0x00,0x00,0x00,0x00,0x00,
 331            0x00,0x00,0x00,0x00,0x00,0x00,0x00,0x00,0x00,0x00,0x00,0x00,0x00,
 332            0x00,0x00,0x00,0x00,0x00,0x00,0x00,0x00,0x00,0x00,0x00,0x00,0x00,
 333            0x00,0x00,0x00,0x00,0x00,0x00,0x00,0x00,0x00,0x00,0x00,0x00,0x00,
 334            0x00,0x00,0x00,0x00,0x00,0x00,0x00,0x00,0x00,0x00,0x00,0x00,0x00,
 335            0x00,0x00,0x00,0x00,0x00,0x00,0x00,0x00,0x00,0x00,0x00,0x00,0x00,
 336            0x00,0x00,0x00,0x00,0x00,0x00,0x00,0x00,0x00,0x00,0x00,0x00,0x00,
 337            0x00,0x00,0x00,0x00,0x00,0x00,0x00,0x00,0x00,0x00,0x00,0x00,0x00,
 338            0x00,0x00,0x00,0x00,0x00,0x00,0x00,0x00,0x00,0x00,0x00,0x00,0x00,
 339            0x00,0x00,0x00,0x00,0x00,0x00,0x00,0x00,0x00,0x00,0x00,0x00,0x00,
 340            0x00,0x00,0x00,0x00,0x00,0x00,0x00,0x00,0x00,0x00,0x00,0x00,0x00,
 341            0x00,0x00,0x00,0x00,0x00,0x00,0x00,0x00,0x00,0x00,0x00,0x00,0x00,
 342            0x00,0x00,0x00,0x00,0x00,0x00,0x00,0x00,0x00,0x00,0x00,0x00,0x00,
 343            0x00,0x00,0x00,0x00,0x00,0x00,0x00,0x00,0x00,0x00,0x00,0x00,0x00,
 344            0x00,0x00,0x00,0x00,0x00,0x00,0x00,0x00,0x00,0x00,0x00,0x00,0x00,
 345            0x00,0x00,0x00,0x00,0x00,0x00,0x00,0x00,0x00,0x00,0x00,0x00,0x00,
 346            0x00,0x00,0x00,0x00,0x00,0x00,0x00,0x00,0x00,0x00,0x00,0x00,0x00,
 347            0x00,0x00,0x00,0x00,0x00,0x00,0x00,0x00,0x00,0x00,0x00,0x00,0x00,
 348            0x00,0x00,0x00,0x00,0x00,0x00,0x00,0x00,0x00,0x00,0x00,0x00,0x00,
 349            0x00,0x00,0x00,0x00,0x00,0x00,0x00,0x00,0x00,0x00,0x00,0x00,0x00,
 350            0x00,0x00,0x00,0x00,0x00,0x00,0x00,0x00,0x00,0x00,0x00,0x00,0x00,
 351            0x00,0x00,0x00,0x00,0x00,0x00,0x00,0x00,0x00,0x00,0x00,0x00,0x00,
 352            0x00,0x00,0x00,0x00,0x00,0x00,0x00,0x00,0x00,0x00,0x00,0x00,0x00,
 353            0x00,0x00,0x00,0x00,0x00,0x00,0x00,0x00,0x00,0x00,0x00,0x00,0x00,
 354            0x00,0x00,0x00,0x00,0x00,0x00,0x00,0x00,0x00,0x00,0x00,0x00,0x00,
 355            0x00,0x00 
 356            };
 357          
 358          
 359          
 360          
 361          
 362          void lcd_delay_ms(uint time)
 363          {
 364   1       uint i,j;
C51 COMPILER V9.56.0.0   TFT_LCD                                                           09/28/2018 16:54:18 PAGE 7   

 365   1        for(i=0;i<time;i++)
 366   1         for(j=0;j<250;j++);
 367   1      }
 368          
 369          
 370          //向SPI总线传输一个8位数据
 371          void  SPI_WriteData(uchar Data)
 372          {
 373   1        unsigned char i=0;
 374   1        for(i=8;i>0;i--)
 375   1        {
 376   2          if(Data&0x80) 
 377   2          sda=1; //输出数据
 378   2          else sda=0;
 379   2          scl=0;
 380   2          scl=1;
 381   2          Data<<=1;
 382   2        }
 383   1      }
 384          //向液晶屏写一个8位指令
 385          void  Lcd_WriteIndex(uchar Data)
 386          {
 387   1          
 388   1          cs=0;
 389   1          rs=0;
 390   1          SPI_WriteData(Data);    
 391   1          cs=1;
 392   1      }
 393          //向液晶屏写一个8位数据
 394          void  Lcd_WriteData(uchar Data)
 395          { 
 396   1          unsigned char i=0;
 397   1          cs=0;
 398   1          rs=1;
 399   1          SPI_WriteData(Data);  
 400   1          cs=1;
 401   1      }
 402          //向液晶屏写一个16位数据
 403          void  LCD_WriteData_16Bit(unsigned int Data)
 404          {
 405   1        unsigned char i=0;
 406   1        cs=0;
 407   1        rs=1;
 408   1        SPI_WriteData(Data>>8);   //写入高8位数据
 409   1        SPI_WriteData(Data);      //写入低8位数据
 410   1        cs=1;
 411   1      
 412   1      }
 413          
 414          void Lcd_Reset()
 415          {
 416   1          reset=0;
 417   1          lcd_delay_ms(100);
 418   1          reset=1;
 419   1          lcd_delay_ms(100);
 420   1      }
 421          //////////////////////////////////////////////////////////////////////////////////////////////
 422          //液晶屏初始化 for S6D02A1
 423          void lcd_initial()
 424          {
 425   1        Lcd_Reset();//Reset before LCD Init.
 426   1          
C51 COMPILER V9.56.0.0   TFT_LCD                                                           09/28/2018 16:54:18 PAGE 8   

 427   1        //LCD Init For 1.44Inch LCD Panel with ST7735R.
 428   1        Lcd_WriteIndex(0x11);//Sleep exit 
 429   1        lcd_delay_ms (120);
 430   1          
 431   1        //ST7735R Frame Rate
 432   1        Lcd_WriteIndex(0xB1); 
 433   1        Lcd_WriteData(0x01); 
 434   1        Lcd_WriteData(0x2C); 
 435   1        Lcd_WriteData(0x2D); 
 436   1      
 437   1        Lcd_WriteIndex(0xB2); 
 438   1        Lcd_WriteData(0x01); 
 439   1        Lcd_WriteData(0x2C); 
 440   1        Lcd_WriteData(0x2D); 
 441   1      
 442   1        Lcd_WriteIndex(0xB3); 
 443   1        Lcd_WriteData(0x01); 
 444   1        Lcd_WriteData(0x2C); 
 445   1        Lcd_WriteData(0x2D); 
 446   1        Lcd_WriteData(0x01); 
 447   1        Lcd_WriteData(0x2C); 
 448   1        Lcd_WriteData(0x2D); 
 449   1        
 450   1        Lcd_WriteIndex(0xB4); //Column inversion 
 451   1        Lcd_WriteData(0x07); 
 452   1        
 453   1        //ST7735R Power Sequence
 454   1        Lcd_WriteIndex(0xC0); 
 455   1        Lcd_WriteData(0xA2); 
 456   1        Lcd_WriteData(0x02); 
 457   1        Lcd_WriteData(0x84); 
 458   1        Lcd_WriteIndex(0xC1); 
 459   1        Lcd_WriteData(0xC5); 
 460   1      
 461   1        Lcd_WriteIndex(0xC2); 
 462   1        Lcd_WriteData(0x0A); 
 463   1        Lcd_WriteData(0x00); 
 464   1      
 465   1        Lcd_WriteIndex(0xC3); 
 466   1        Lcd_WriteData(0x8A); 
 467   1        Lcd_WriteData(0x2A); 
 468   1        Lcd_WriteIndex(0xC4); 
 469   1        Lcd_WriteData(0x8A); 
 470   1        Lcd_WriteData(0xEE); 
 471   1        
 472   1        Lcd_WriteIndex(0xC5); //VCOM 
 473   1        Lcd_WriteData(0x0E); 
 474   1        
 475   1        Lcd_WriteIndex(0x36); //MX, MY, RGB mode 
 476   1      #ifdef USE_LANDSCAPE
                Lcd_WriteData(0xA8); //竖屏C8 横屏08 A8
              #else
 479   1        Lcd_WriteData(0xC8); //竖屏C8 横屏08 A8
 480   1      #endif    
 481   1        //ST7735R Gamma Sequence
 482   1        Lcd_WriteIndex(0xe0); 
 483   1        Lcd_WriteData(0x0f); 
 484   1        Lcd_WriteData(0x1a); 
 485   1        Lcd_WriteData(0x0f); 
 486   1        Lcd_WriteData(0x18); 
 487   1        Lcd_WriteData(0x2f); 
 488   1        Lcd_WriteData(0x28); 
C51 COMPILER V9.56.0.0   TFT_LCD                                                           09/28/2018 16:54:18 PAGE 9   

 489   1        Lcd_WriteData(0x20); 
 490   1        Lcd_WriteData(0x22); 
 491   1        Lcd_WriteData(0x1f); 
 492   1        Lcd_WriteData(0x1b); 
 493   1        Lcd_WriteData(0x23); 
 494   1        Lcd_WriteData(0x37); 
 495   1        Lcd_WriteData(0x00);  
 496   1        Lcd_WriteData(0x07); 
 497   1        Lcd_WriteData(0x02); 
 498   1        Lcd_WriteData(0x10); 
 499   1      
 500   1        Lcd_WriteIndex(0xe1); 
 501   1        Lcd_WriteData(0x0f); 
 502   1        Lcd_WriteData(0x1b); 
 503   1        Lcd_WriteData(0x0f); 
 504   1        Lcd_WriteData(0x17); 
 505   1        Lcd_WriteData(0x33); 
 506   1        Lcd_WriteData(0x2c); 
 507   1        Lcd_WriteData(0x29); 
 508   1        Lcd_WriteData(0x2e); 
 509   1        Lcd_WriteData(0x30); 
 510   1        Lcd_WriteData(0x30); 
 511   1        Lcd_WriteData(0x39); 
 512   1        Lcd_WriteData(0x3f); 
 513   1        Lcd_WriteData(0x00); 
 514   1        Lcd_WriteData(0x07); 
 515   1        Lcd_WriteData(0x03); 
 516   1        Lcd_WriteData(0x10);  
 517   1        
 518   1        Lcd_WriteIndex(0x2a);
 519   1        Lcd_WriteData(0x00);
 520   1        Lcd_WriteData(0x00+2);
 521   1        Lcd_WriteData(0x00);
 522   1        Lcd_WriteData(0x80+2);
 523   1      
 524   1        Lcd_WriteIndex(0x2b);
 525   1        Lcd_WriteData(0x00);
 526   1        Lcd_WriteData(0x00+3);
 527   1        Lcd_WriteData(0x00);
 528   1        Lcd_WriteData(0x80+3);
 529   1        
 530   1        Lcd_WriteIndex(0xF0); //Enable test command  
 531   1        Lcd_WriteData(0x01); 
 532   1        Lcd_WriteIndex(0xF6); //Disable ram power save mode 
 533   1        Lcd_WriteData(0x00); 
 534   1        
 535   1        Lcd_WriteIndex(0x3A); //65k mode 
 536   1        Lcd_WriteData(0x05); 
 537   1        
 538   1        
 539   1        Lcd_WriteIndex(0x29);//Display on
 540   1      
 541   1      }
 542          
 543          
 544          
 545          /*************************************************
 546          函数名：LCD_Set_Region
 547          功能：设置lcd显示区域，在此区域写点数据自动换行
 548          入口参数：xy起点和终点
 549          返回值：无
 550          *************************************************/
C51 COMPILER V9.56.0.0   TFT_LCD                                                           09/28/2018 16:54:18 PAGE 10  

 551          void Lcd_SetRegion(unsigned int x_start,unsigned int y_start,unsigned int x_end,unsigned int y_end)
 552          { 
 553   1      #ifdef USE_LANDSCAPE//使用横屏模式
                Lcd_WriteIndex(0x2a);
                Lcd_WriteData(0x00);
                Lcd_WriteData(x_start+3);
                Lcd_WriteData(0x00);
                Lcd_WriteData(x_end+3);
              
                Lcd_WriteIndex(0x2b);
                Lcd_WriteData(0x00);
                Lcd_WriteData(y_start+2);
                Lcd_WriteData(0x00);
                Lcd_WriteData(y_end+2);
              
              #else//竖屏模式 
 567   1        Lcd_WriteIndex(0x2a);
 568   1        Lcd_WriteData(0x00);
 569   1        Lcd_WriteData(x_start+2);
 570   1        Lcd_WriteData(0x00);
 571   1        Lcd_WriteData(x_end+2);
 572   1      
 573   1        Lcd_WriteIndex(0x2b);
 574   1        Lcd_WriteData(0x00);
 575   1        Lcd_WriteData(y_start+3);
 576   1        Lcd_WriteData(0x00);
 577   1        Lcd_WriteData(y_end+3); 
 578   1      #endif
 579   1        Lcd_WriteIndex(0x2c);
 580   1      }
 581          
 582          
 583          void PutPixel(uint x_start,uint y_start,uint color)
 584          {
 585   1        Lcd_SetRegion(x_start,y_start,x_start+1,y_start+1);
 586   1        LCD_WriteData_16Bit(color);
 587   1        
 588   1      }
 589          
 590          
 591          
 592          void dsp_single_colour(int color)
 593          {
 594   1        uchar i,j;
 595   1        Lcd_SetRegion(0,0,128-1,128-1);
 596   1        for (i=0;i<128;i++)
 597   1            for (j=0;j<128;j++)
 598   1                LCD_WriteData_16Bit(color);
 599   1      }
 600          
 601          
 602          //显示一个英文字符,带前景色和背景色设定
 603          void Display_ASCII8X16_Color(uint x0,uint y0,uchar *s,uint forecolor,uint backgroundcolor)
 604          {
 605   1        int i,j,k,x,y,xx;
 606   1        
 607   1        unsigned char qm;
 608   1        
 609   1        long int ulOffset;
 610   1        
 611   1        char xdata ywbuf[32],temp[2];
 612   1        
C51 COMPILER V9.56.0.0   TFT_LCD                                                           09/28/2018 16:54:18 PAGE 11  

 613   1        for(i = 0; i<strlen((char*)s);i++)
 614   1        {
 615   2          if(((unsigned char)(*(s+i))) >= 161)
 616   2          {
 617   3            temp[0] = *(s+i);
 618   3            temp[1] = '\0';
 619   3            return;
 620   3          }
 621   2          else
 622   2          {
 623   3            qm = *(s+i);
 624   3            
 625   3            ulOffset = (long int)(qm) * 16;
 626   3            
 627   3            for (j = 0; j < 16; j ++)
 628   3            {
 629   4              ywbuf[j]=Zk_ASCII8X16[ulOffset+j];
 630   4            }
 631   3            
 632   3            for(y = 0;y < 16;y++)
 633   3            {
 634   4              for(x=0;x<8;x++) 
 635   4              {
 636   5                k=x % 8;
 637   5                
 638   5                if(ywbuf[y]&(0x80 >> k))
 639   5                {
 640   6                  xx=x0+x+i*8;
 641   6                  PutPixel(xx,y+y0,forecolor);
 642   6                }
 643   5                else
 644   5                {
 645   6                  xx=x0+x+i*8;
 646   6                  PutPixel(xx,y+y0,backgroundcolor);  
 647   6                }
 648   5              }
 649   4            }
 650   3          }
 651   2        }       
 652   1      }
 653          
 654          //显示一个英文字符
 655          void Display_ASCII8X16(uint x0,uint y0,uchar *s)
 656          {
 657   1        int i,j,k,x,y,xx;
 658   1        
 659   1        unsigned char qm;
 660   1        
 661   1        long int ulOffset;
 662   1        
 663   1        char  xdata ywbuf[32],temp[2];
 664   1        
 665   1        for(i = 0; i<strlen((char*)s);i++)
 666   1        {
 667   2          if(((unsigned char)(*(s+i))) >= 161)
 668   2          {
 669   3            temp[0] = *(s+i);
 670   3            temp[1] = '\0';
 671   3            return;
 672   3          }
 673   2          else
 674   2          {
C51 COMPILER V9.56.0.0   TFT_LCD                                                           09/28/2018 16:54:18 PAGE 12  

 675   3            qm = *(s+i);
 676   3            
 677   3            ulOffset = (long int)(qm) * 16;
 678   3            
 679   3            for (j = 0; j < 16; j ++)
 680   3            {
 681   4              ywbuf[j]=Zk_ASCII8X16[ulOffset+j];
 682   4            }
 683   3            
 684   3            for(y = 0;y < 16;y++)
 685   3            {
 686   4              for(x=0;x<8;x++) 
 687   4              {
 688   5                k=x % 8;
 689   5                
 690   5                if(ywbuf[y]&(0x80 >> k))
 691   5                {
 692   6                  xx=x0+x+i*8;
 693   6                  PutPixel(xx,y+y0,RED);
 694   6                }
 695   5      //          else    //会不会背景色覆盖未填充区域
 696   5      //          {
 697   5      //            xx=x0+x+i*8;
 698   5      //            PutPixel(xx,y+y0,WHITE);  
 699   5      //          }
 700   5          
 701   5              }
 702   4            }
 703   3          
 704   3          }
 705   2        }       
 706   1      }
 707          
 708          //采用设置窗口方法填充字库数据，相比Gui_DrawFont_GBK16更快速
 709          void Fast_DrawFont_GBK16(uint x, uint y, uint fc, uint bc, uchar *s)
 710          {
 711   1        unsigned char i,j;
 712   1        unsigned short k;
 713   1        uint HZnum;
 714   1        HZnum=sizeof(hz16)/sizeof(typFNT_GBK16);
 715   1        while(*s) 
 716   1        { 
 717   2          if((*s) >= 128) 
 718   2          {   
 719   3            for (k=0;k<HZnum;k++) 
 720   3            {
 721   4              if ((hz16[k].Index[0]==*(s))&&(hz16[k].Index[1]==*(s+1)))
 722   4              {   Lcd_SetRegion(x,y,x+16-1,y+16-1);
 723   5                  for(i=0;i<16*2;i++)
 724   5                  {
 725   6                  for(j=0;j<8;j++)
 726   6                    {
 727   7                    if(hz16[k].Msk[i]&(0x80>>j))  LCD_WriteData_16Bit(fc);
 728   7                    else 
 729   7                    {
 730   8                    if (fc!=bc) LCD_WriteData_16Bit(bc);
 731   8                    }
 732   7                  }
 733   6                }
 734   5                
 735   5                
 736   5              }
C51 COMPILER V9.56.0.0   TFT_LCD                                                           09/28/2018 16:54:18 PAGE 13  

 737   4            }
 738   3          s+=2;x+=16;
 739   3          }
 740   2            
 741   2          
 742   2          else
 743   2          s+=1; 
 744   2          
 745   2        }
 746   1      }
 747          
 748          //此方法描绘汉字较慢
 749          void Gui_DrawFont_GBK16(uint x, uint y, uint fc, uint bc, uchar *s)
 750          {
 751   1        unsigned char i,j;
 752   1        unsigned short k,x0;
 753   1        x0=x;
 754   1      
 755   1        while(*s) 
 756   1        { 
 757   2          if((*s) >= 128) 
 758   2          {   
 759   3            for (k=0;k<hz16_num;k++) 
 760   3            {
 761   4              if ((hz16[k].Index[0]==*(s))&&(hz16[k].Index[1]==*(s+1)))
 762   4              { 
 763   5                  for(i=0;i<16;i++)
 764   5                  {
 765   6                  for(j=0;j<8;j++) 
 766   6                    {
 767   7                        if(hz16[k].Msk[i*2]&(0x80>>j))  PutPixel(x+j,y+i,fc);
 768   7                      else {
 769   8                        if (fc!=bc) PutPixel(x+j,y+i,bc);
 770   8                      }
 771   7                    }
 772   6                  for(j=0;j<8;j++) 
 773   6                    {
 774   7                        if(hz16[k].Msk[i*2+1]&(0x80>>j))  PutPixel(x+j+8,y+i,fc);
 775   7                      else 
 776   7                      {
 777   8                        if (fc!=bc) PutPixel(x+j+8,y+i,bc);
 778   8                      }
 779   7                    }
 780   6                  }
 781   5              }
 782   4              }
 783   3            s+=2;x+=16;
 784   3          }
 785   2          else
 786   2          s+=1; 
 787   2          
 788   2        }
 789   1      }


MODULE INFORMATION:   STATIC OVERLAYABLE
   CODE SIZE        =   2709    ----
   CONSTANT SIZE    =   4641    ----
   XDATA SIZE       =   ----     158
   PDATA SIZE       =   ----    ----
   DATA SIZE        =   ----    ----
   IDATA SIZE       =   ----    ----
C51 COMPILER V9.56.0.0   TFT_LCD                                                           09/28/2018 16:54:18 PAGE 14  

   BIT SIZE         =   ----    ----
   EDATA SIZE       =   ----    ----
   HDATA SIZE       =   ----    ----
   XDATA CONST SIZE =   ----    ----
   FAR CONST SIZE   =   ----    ----
END OF MODULE INFORMATION.


C51 COMPILATION COMPLETE.  0 WARNING(S),  0 ERROR(S)
