C51 COMPILER V9.56.0.0   UART2                                                             09/28/2018 16:54:18 PAGE 1   


C51 COMPILER V9.56.0.0, COMPILATION OF MODULE UART2
OBJECT MODULE PLACED IN .\Objects\uart2.obj
COMPILER INVOKED BY: C:\Keil_v5\C51\BIN\C51.EXE src\uart2.c LARGE OMF2 OPTIMIZE(8,SPEED) BROWSE INCDIR(.\inc) DEBUG PRIN
                    -T(.\Listings\uart2.lst) TABS(2) OBJECT(.\Objects\uart2.obj)

line level    source

   1          #include"uart2.h"
   2          
   3          sfr AUXR1 = 0xA2;
   4          sfr AUXR = 0x8E;
   5          sfr S2CON = 0x9A; //12C5A60S2双串口系列
   6          sfr S2BUF = 0x9B; //12C5A60S2双串口系列
   7          sfr IE2   = 0xAF; //STC12C5A60S2系列
   8          sfr BRT   = 0x9C;
   9          
  10          bit busy2;
  11          u8 UART2_RX_BUF[BUFFER_LENGTH];
  12          u8 uart2RxSta = 0;
  13          u8 uart2RxCount;
  14          u8 uart2RxTimeOut;
  15          u8 flag_uart2_rx;
  16          
  17          void Uart2Init(void)    //9600@12.000MHz
  18          {
  19   1        AUXR |=  (1 << 3);    //串口2波特率加倍
  20   1        S2CON  = (S2CON & 0x3f) | (1<<6); //串口2模式1，8位UART，(2^S2SMOD / 32) * BRT溢出率
  21   1        S2CON |= 1 << 4;    //允许串2接收
  22   1      
  23   1        AUXR |=  1 << 4;  //baudrate use BRT
  24   1        BRT = BRT_Reload;
  25   1      
  26   1        IE2 |=  1;      //允许串口2中断
  27   1      }
  28          
  29          /*----------------------------
  30          UART2 中断服务程序
  31          -----------------------------*/
  32          void Uart2() interrupt 8 using 1
  33          {
  34   1        if (RI2)
  35   1        {
  36   2          CLR_RI2();         //清除S2RI位
  37   2          if (uart2RxSta == 0) flag_uart2_rx = 1;
  38   2          if(uart2RxCount < BUFFER_LENGTH){
  39   3            uart2RxTimeOut = TIME_OUT;
  40   3            UART2_RX_BUF[uart2RxCount++] = S2BUF;
  41   3          }else{
  42   3            uart2RxSta = 1;
  43   3            uart2RxCount = 0;
  44   3          }
  45   2        }
  46   1        if (TI2)
  47   1        {
  48   2            CLR_TI2();         //清除S2TI位
  49   2            busy2 = 0;         //清忙标志
  50   2        }
  51   1      }
  52          
  53          /*----------------------------
  54          发送串口数据
C51 COMPILER V9.56.0.0   UART2                                                             09/28/2018 16:54:18 PAGE 2   

  55          ----------------------------*/
  56          void SendData(u8 dat)
  57          {
  58   1          S2BUF = dat;                //写数据到UART2数据寄存器
  59   1          busy2 = 1;
  60   1          while (busy2);               //等待前面的数据发送完成
  61   1      }
  62          
  63          /*----------------------------
  64          发送字符串
  65          ----------------------------*/
  66          void UART2_SendString(char *s)
  67          {
  68   1          while (*s)                  //检测字符串结束标志
  69   1          {
  70   2              SendData(*s++);         //发送当前字符
  71   2          }
  72   1      }
  73          
  74          void uart2SendData(char *buffer, u8 datalen)
  75          {
  76   1        u8 i;
  77   1        for(i=0;i<datalen;i++)
  78   1          SendData(buffer[i]);
  79   1      }
  80          
  81          void clearBuf2(){
  82   1        u8 i;
  83   1        for(i = 0; i < BUFFER_LENGTH;i++){
  84   2          UART2_RX_BUF[i] = 0;
  85   2          uart2RxCount = 0;
  86   2        }
  87   1      }


MODULE INFORMATION:   STATIC OVERLAYABLE
   CODE SIZE        =    252    ----
   CONSTANT SIZE    =   ----    ----
   XDATA SIZE       =    131       6
   PDATA SIZE       =   ----    ----
   DATA SIZE        =   ----    ----
   IDATA SIZE       =   ----    ----
   BIT SIZE         =      1    ----
   EDATA SIZE       =   ----    ----
   HDATA SIZE       =   ----    ----
   XDATA CONST SIZE =   ----    ----
   FAR CONST SIZE   =   ----    ----
END OF MODULE INFORMATION.


C51 COMPILATION COMPLETE.  0 WARNING(S),  0 ERROR(S)
