C51 COMPILER V9.56.0.0   IO                                                                10/09/2018 14:31:48 PAGE 1   


C51 COMPILER V9.56.0.0, COMPILATION OF MODULE IO
OBJECT MODULE PLACED IN .\Objects\io.obj
COMPILER INVOKED BY: C:\Keil_v5\C51\BIN\C51.EXE src\io.c LARGE OMF2 OPTIMIZE(8,SPEED) BROWSE INCDIR(.\inc) DEBUG PRINT(.
                    -\Listings\io.lst) TABS(2) OBJECT(.\Objects\io.obj)

line level    source

   1          #include "io.h"
   2          /*
   3          u8 human_flag = 0;
   4          
   5          void Init_INT0(void)
   6          {
   7            EA=1;          //全局中断开
   8            EX0=1;         //外部中断0开
   9            IT0=0;         //低电平触发
  10          }
  11          void Key_INT(void) interrupt 0 using 1
  12          {
  13              human_flag = 1;
  14          }*/
  15          


MODULE INFORMATION:   STATIC OVERLAYABLE
   CODE SIZE        =   ----    ----
   CONSTANT SIZE    =   ----    ----
   XDATA SIZE       =   ----    ----
   PDATA SIZE       =   ----    ----
   DATA SIZE        =   ----    ----
   IDATA SIZE       =   ----    ----
   BIT SIZE         =   ----    ----
   EDATA SIZE       =   ----    ----
   HDATA SIZE       =   ----    ----
   XDATA CONST SIZE =   ----    ----
   FAR CONST SIZE   =   ----    ----
END OF MODULE INFORMATION.


C51 COMPILATION COMPLETE.  0 WARNING(S),  0 ERROR(S)
