C51 COMPILER V9.56.0.0   MYSYS                                                             10/09/2018 14:31:47 PAGE 1   


C51 COMPILER V9.56.0.0, COMPILATION OF MODULE MYSYS
OBJECT MODULE PLACED IN .\Objects\mysys.obj
COMPILER INVOKED BY: C:\Keil_v5\C51\BIN\C51.EXE src\mysys.c LARGE OMF2 OPTIMIZE(8,SPEED) BROWSE INCDIR(.\inc) DEBUG PRIN
                    -T(.\Listings\mysys.lst) TABS(2) OBJECT(.\Objects\mysys.obj)

line level    source

   1          #include "mysys.h"
   2          #include "uart.h"
   3          #include "uart2.h"
   4          
   5          u32 heartBeat;
   6          u8 flag_taskOne = 0;
   7          u8 flag_taskTwo = 0;
   8          u8 flag_taskThree = 0;
   9          
  10          u8 sendManMsgFlag = 1;
  11          u8 sendManMsgTout = 0;
  12          u8 sendShkMsgFlag = 1;
  13          u8 sendShkMsgTout = 0;
  14          
  15          void mysysinit()
  16          {
  17   1        TMOD &= 0xF0;
  18   1        TMOD |= 0x01;    //设置为16位自动重装定时器，溢出值自动重装入TL0和TH0中
  19   1        TH0=(65536-46080)/256; //50ms = 46080 进入中断
  20   1        TL0=(65536-46080)%256;
  21   1        TR0 = 1;        //定时器0的运行控制位
  22   1        ET0 = 1;        //定时器0的中断允许控制位
  23   1        EA = 1;         //打开总中断
  24   1      }
  25          
  26          // 描述: timer0中断函数.50ms
  27          // 中断时间太短会导致串口异常
  28          void timer0(void) interrupt TIMER0_VECTOR
  29          {
  30   1        TH0=(65536-46080)/256;
  31   1        TL0=(65536-46080)%256;
  32   1        
  33   1        if(heartBeat < 30000) heartBeat++;
  34   1        else heartBeat = 0;
  35   1      
  36   1        if((heartBeat%20)==0)
  37   1          flag_taskOne = 1;
  38   1      
  39   1        if(heartBeat%15 == 0)
  40   1          flag_taskTwo = 1;
  41   1        
  42   1        if(heartBeat%40 == 0)
  43   1          flag_taskThree = 1;
  44   1        
  45   1        if(sendManMsgTout>0)sendManMsgTout--;
  46   1        else sendManMsgFlag = 1;
  47   1        
  48   1        if(sendShkMsgTout>0)sendShkMsgTout--;
  49   1        else sendShkMsgFlag = 1;
  50   1        
  51   1        //串口控制相关
  52   1        if(flag_uart_rx) //uart1
  53   1        {
  54   2          if(uartRxTimeOut>0)uartRxTimeOut--;
C51 COMPILER V9.56.0.0   MYSYS                                                             10/09/2018 14:31:47 PAGE 2   

  55   2          else 
  56   2          {
  57   3            flag_uart_rx = 0;
  58   3            uartRxSta = 1;
  59   3          }
  60   2        }
  61   1        if(flag_uart2_rx) //uart2
  62   1        {
  63   2          if(uart2RxTimeOut>0)uart2RxTimeOut--;
  64   2          else 
  65   2          {
  66   3            flag_uart2_rx = 0;
  67   3            uart2RxSta = 1;
  68   3          }
  69   2        }
  70   1      }


MODULE INFORMATION:   STATIC OVERLAYABLE
   CODE SIZE        =    392    ----
   CONSTANT SIZE    =   ----    ----
   XDATA SIZE       =     11    ----
   PDATA SIZE       =   ----    ----
   DATA SIZE        =   ----    ----
   IDATA SIZE       =   ----    ----
   BIT SIZE         =   ----    ----
   EDATA SIZE       =   ----    ----
   HDATA SIZE       =   ----    ----
   XDATA CONST SIZE =   ----    ----
   FAR CONST SIZE   =   ----    ----
END OF MODULE INFORMATION.


C51 COMPILATION COMPLETE.  0 WARNING(S),  0 ERROR(S)
