C51 COMPILER V9.56.0.0   TFT_LCD                                                           10/09/2018 14:31:48 PAGE 1   


C51 COMPILER V9.56.0.0, COMPILATION OF MODULE TFT_LCD
OBJECT MODULE PLACED IN .\Objects\TFT_LCD.obj
COMPILER INVOKED BY: C:\Keil_v5\C51\BIN\C51.EXE src\TFT_LCD.c LARGE OMF2 OPTIMIZE(8,SPEED) BROWSE INCDIR(.\inc) DEBUG PR
                    -INT(.\Listings\TFT_LCD.lst) TABS(2) OBJECT(.\Objects\TFT_LCD.obj)

line level    source

   1          #include "TFT_LCD.h"
   2          
   3          code  typFNT_GBK16 hz16[] = {
   4          "车",0x02,0x00,0x02,0x00,0x02,0x00,0x7F,0xFC,0x04,0x00,0x09,0x00,0x11,0x00,0x21,0x00,
   5          0x3F,0xF8,0x01,0x00,0x01,0x00,0xFF,0xFE,0x01,0x00,0x01,0x00,0x01,0x00,0x01,0x00,//0
   6          "辆",0x20,0x00,0x23,0xFE,0x20,0x50,0xFC,0x50,0x40,0x50,0x53,0xFE,0x92,0x52,0xFE,0x52,
   7          0x12,0x52,0x12,0xAA,0x1E,0xA6,0xF3,0x02,0x52,0x02,0x12,0x02,0x12,0x0A,0x12,0x04,//1
   8          "防",0x00,0x40,0x7C,0x20,0x44,0x20,0x4B,0xFE,0x48,0x80,0x50,0x80,0x48,0x80,0x48,0xFC,
   9          0x44,0x84,0x44,0x84,0x44,0x84,0x68,0x84,0x51,0x04,0x41,0x04,0x42,0x28,0x44,0x10,//2
  10          "盗",0x40,0x80,0x20,0x80,0x09,0xFC,0x12,0x04,0x24,0x48,0xE0,0x40,0x20,0xA0,0x23,0x18,
  11          0x2C,0x06,0x00,0x00,0x3F,0xF8,0x24,0x48,0x24,0x48,0x24,0x48,0xFF,0xFE,0x00,0x00,//3
  12          "系",0x00,0xF8,0x3F,0x00,0x04,0x00,0x08,0x20,0x10,0x40,0x3F,0x80,0x01,0x00,0x06,0x10,
  13          0x18,0x08,0x7F,0xFC,0x01,0x04,0x09,0x20,0x11,0x10,0x21,0x08,0x45,0x04,0x02,0x00,//4
  14          "统",0x10,0x40,0x10,0x20,0x20,0x20,0x23,0xFE,0x48,0x40,0xF8,0x88,0x11,0x04,0x23,0xFE,
  15          0x40,0x92,0xF8,0x90,0x40,0x90,0x00,0x90,0x19,0x12,0xE1,0x12,0x42,0x0E,0x04,0x00,//5
  16          "人",0x01,0x00,0x01,0x00,0x01,0x00,0x01,0x00,0x01,0x00,0x01,0x00,0x02,0x80,0x02,0x80,
  17          0x04,0x40,0x04,0x40,0x08,0x20,0x08,0x20,0x10,0x10,0x20,0x08,0x40,0x04,0x80,0x02,//0
  18          "体",0x08,0x40,0x08,0x40,0x08,0x40,0x10,0x40,0x17,0xFC,0x30,0x40,0x30,0xE0,0x50,0xE0,
  19          0x91,0x50,0x11,0x50,0x12,0x48,0x15,0xF4,0x18,0x42,0x10,0x40,0x10,0x40,0x10,0x40,//1
  20          "震",0x3F,0xF8,0x01,0x00,0x7F,0xFE,0x41,0x02,0x9D,0x74,0x01,0x00,0x1D,0x70,0x00,0x00,
  21          0x3F,0xFC,0x20,0x00,0x2F,0xF8,0x20,0x00,0x3F,0xFC,0x24,0x48,0x44,0x30,0x86,0x0E,//2
  22          "动",0x00,0x40,0x00,0x40,0x7C,0x40,0x00,0x40,0x01,0xFC,0x00,0x44,0xFE,0x44,0x20,0x44,
  23          0x20,0x44,0x20,0x84,0x48,0x84,0x44,0x84,0xFD,0x04,0x45,0x04,0x02,0x28,0x04,0x10,//3
  24          "检",0x10,0x40,0x10,0x40,0x10,0xA0,0x10,0xA0,0xFD,0x10,0x12,0x08,0x35,0xF6,0x38,0x00,
  25          0x54,0x88,0x50,0x48,0x92,0x48,0x11,0x50,0x11,0x10,0x10,0x20,0x17,0xFE,0x10,0x00,//4
  26          "测",0x00,0x04,0x27,0xC4,0x14,0x44,0x14,0x54,0x85,0x54,0x45,0x54,0x45,0x54,0x15,0x54,
  27          0x15,0x54,0x25,0x54,0xE5,0x54,0x21,0x04,0x22,0x84,0x22,0x44,0x24,0x14,0x08,0x08,//5
  28          "有",0x02,0x00,0x02,0x00,0xFF,0xFE,0x04,0x00,0x04,0x00,0x0F,0xF0,0x08,0x10,0x18,0x10,
  29          0x2F,0xF0,0x48,0x10,0x88,0x10,0x0F,0xF0,0x08,0x10,0x08,0x10,0x08,0x50,0x08,0x20,//6
  30          "无",0x00,0x00,0x3F,0xF0,0x02,0x00,0x02,0x00,0x02,0x00,0x02,0x00,0x7F,0xFC,0x04,0x80,
  31          0x04,0x80,0x04,0x80,0x08,0x80,0x08,0x80,0x10,0x84,0x20,0x84,0x40,0x7C,0x80,0x00,//7
  32          ":",0x00,0x00,0x00,0x00,0x00,0x00,0x00,0x00,0x00,0x00,0x00,0x00,0x00,0x00,0x00,0x00,
  33          0x00,0x00,0x30,0x00,0x30,0x00,0x00,0x00,0x30,0x00,0x30,0x00,0x00,0x00,0x00,0x00,//8
  34          };
  35          
  36          uchar code Zk_ASCII8X16[]=
  37          {
  38            0x00,0x00,0x00,0x00,0x00,0x00,0x00,0x00,0x00,0x00,0x00,0x00,0x00,
  39            0x00,0x00,0x00,0x00,0x00,0x00,0x00,0x00,0x00,0x00,0x00,0x00,0x00,
  40            0x00,0x00,0x00,0x00,0x00,0x00,0x00,0x00,0x00,0x00,0x00,0x00,0x00,
  41            0x00,0x00,0x00,0x00,0x00,0x00,0x00,0x00,0x00,0x00,0x00,0x00,0x00,
  42            0x00,0x00,0x00,0x00,0x00,0x00,0x00,0x00,0x00,0x00,0x00,0x00,0x00,
  43            0x00,0x00,0x00,0x00,0x00,0x00,0x00,0x00,0x00,0x00,0x00,0x00,0x00,
  44            0x00,0x00,0x00,0x00,0x00,0x00,0x00,0x00,0x00,0x00,0x00,0x00,0x00,
  45            0x00,0x00,0x00,0x00,0x00,0x00,0x00,0x00,0x00,0x00,0x00,0x00,0x00,
  46            0x00,0x00,0x00,0x00,0x00,0x00,0x00,0x00,0x00,0x00,0x00,0x00,0x00,
  47            0x00,0x00,0x00,0x00,0x00,0x00,0x00,0x00,0x00,0x00,0x00,0x00,0x00,
  48            0x00,0x18,0x08,0xc8,0x08,0x08,0x00,0x00,0x00,0x00,0x00,0x00,0x00,
  49            0x00,0x00,0x00,0x7f,0x60,0x60,0x60,0x60,0x60,0x60,0x60,0x60,0xe0,
  50            0x60,0x20,0x00,0x00,0x00,0x00,0x00,0x00,0x00,0x00,0x00,0x00,0x00,
  51            0x00,0x00,0x00,0x00,0x00,0x00,0x00,0x00,0x00,0x18,0x18,0x18,0x10,
  52            0x10,0x10,0x00,0x00,0x00,0x00,0x00,0x00,0x00,0x00,0x00,0x00,0x00,
  53            0x00,0x00,0x00,0x00,0x00,0x08,0x08,0x08,0x0c,0x0c,0x0c,0x00,0x00,
  54            0x00,0x00,0x00,0x00,0x00,0x00,0x00,0x00,0x00,0x00,0x00,0x00,0x00,
C51 COMPILER V9.56.0.0   TFT_LCD                                                           10/09/2018 14:31:48 PAGE 2   

  55            0x00,0x00,0x00,0x00,0x00,0x6c,0x38,0x10,0x00,0x7c,0xc6,0x70,0x1c,
  56            0xc6,0x7c,0x00,0x00,0x00,0x00,0x00,0x00,0x10,0x38,0x6c,0x00,0x78,
  57            0x0c,0x7c,0xcc,0xcc,0x76,0x00,0x00,0x00,0x00,0x00,0x00,0x00,0x00,
  58            0x00,0x00,0x7c,0xc6,0x70,0xc0,0xc6,0x7c,0x00,0x00,0x00,0x00,0x00,
  59            0x00,0x00,0x00,0x00,0x00,0x6c,0x96,0x7c,0xd0,0xd6,0x6c,0x00,0x00,
  60            0x00,0x00,0x00,0x00,0x00,0x00,0x00,0x00,0x7c,0xc6,0x06,0x06,0xc6,
  61            0x7c,0x00,0x00,0x00,0x00,0x00,0x00,0x00,0x38,0x6c,0xc6,0xc6,0xfe,
  62            0xc6,0xc6,0x6c,0x38,0x00,0x00,0x00,0x00,0x00,0x00,0x00,0x00,0x00,
  63            0x10,0x38,0x28,0x6c,0x44,0xc6,0xc6,0x00,0x00,0x00,0x00,0x00,0x00,
  64            0x00,0x00,0x00,0x00,0x7c,0xc6,0x06,0xfe,0xc6,0x7c,0x00,0x00,0x00,
  65            0x00,0x00,0x00,0x00,0x00,0x00,0x00,0xdc,0x66,0x66,0x66,0xf6,0x06,
  66            0x06,0x66,0x3c,0x00,0x00,0x00,0x00,0x6c,0x38,0xf8,0x0c,0x7e,0xc6,
  67            0xc6,0xc6,0x7c,0x00,0x00,0x00,0x00,0x00,0x00,0x00,0x0e,0x1b,0x18,
  68            0x18,0x18,0x18,0x18,0x18,0x18,0xd8,0x70,0x00,0x00,0x00,0x00,0x00,
  69            0x00,0x00,0xfe,0x86,0x0c,0x18,0x0c,0x06,0x06,0xc6,0x7c,0x00,0x00,
  70            0x00,0x00,0x76,0xdc,0x00,0x00,0x78,0x0c,0x7c,0xcc,0xcc,0x76,0x00,
  71            0x00,0x00,0x00,0x00,0x00,0x76,0xdc,0x00,0x00,0x7c,0xc6,0x06,0x06,
  72            0xc6,0x7c,0x00,0x00,0x00,0x00,0x00,0x00,0x76,0xdc,0x00,0x00,0xdc,
  73            0x66,0x66,0x66,0x66,0x66,0x00,0x00,0x00,0x00,0x00,0x00,0x00,0x00,
  74            0x00,0x00,0x76,0x99,0x9f,0x98,0x99,0x6f,0x00,0x00,0x00,0x00,0x00,
  75            0x00,0x00,0x00,0x00,0x00,0x00,0x00,0x00,0x00,0x00,0x0c,0x06,0x06,
  76            0x00,0x00,0x00,0x00,0x00,0x00,0x00,0x00,0x00,0x00,0x00,0x00,0x3c,
  77            0x66,0x66,0x3c,0x00,0x00,0x00,0x00,0x00,0x00,0x00,0x00,0x00,0x00,
  78            0x00,0x00,0x00,0x00,0x00,0x00,0x00,0x00,0x00,0x00,0x00,0x18,0x3c,
  79            0x3c,0x3c,0x18,0x18,0x00,0x18,0x18,0x00,0x00,0x00,0x00,0x00,0x00,
  80            0xc6,0xc6,0xc6,0x44,0x00,0x00,0x00,0x00,0x00,0x00,0x00,0x00,0x00,
  81            0x00,0x00,0x00,0x00,0x6c,0x6c,0xfe,0x6c,0x6c,0x6c,0xfe,0x6c,0x6c,
  82            0x00,0x00,0x00,0x00,0x00,0x18,0x18,0x7c,0xc6,0xc2,0xc0,0x7c,0x06,
  83            0x86,0xc6,0x7c,0x18,0x18,0x00,0x00,0x00,0x00,0x00,0x00,0x00,0xc3,
  84            0xc6,0x0c,0x18,0x30,0x63,0xc3,0x00,0x00,0x00,0x00,0x00,0x00,0x00,
  85            0x38,0x6c,0x6c,0x38,0x76,0xdc,0xcc,0xcc,0x76,0x00,0x00,0x00,0x00,
  86            0x00,0x00,0x30,0x30,0x30,0x60,0x00,0x00,0x00,0x00,0x00,0x00,0x00,
  87            0x00,0x00,0x00,0x00,0x00,0x00,0x18,0x30,0x60,0x60,0x60,0x60,0x60,
  88            0x30,0x18,0x00,0x00,0x00,0x00,0x00,0x00,0x00,0x18,0x0c,0x06,0x06,
  89            0x06,0x06,0x06,0x0c,0x18,0x00,0x00,0x00,0x00,0x00,0x00,0x00,0x00,
  90            0x00,0x6c,0x38,0xfe,0x38,0x6c,0x00,0x00,0x00,0x00,0x00,0x00,0x00,
  91            0x00,0x00,0x00,0x18,0x18,0x18,0x7e,0x18,0x18,0x18,0x00,0x00,0x00,
  92            0x00,0x00,0x00,0x00,0x00,0x00,0x00,0x00,0x00,0x00,0x00,0x18,0x18,
  93            0x18,0x30,0x00,0x00,0x00,0x00,0x00,0x00,0x00,0x00,0x00,0x00,0xfe,
  94            0x00,0x00,0x00,0x00,0x00,0x00,0x00,0x00,0x00,0x00,0x00,0x00,0x00,
  95            0x00,0x00,0x00,0x00,0x00,0x18,0x18,0x00,0x00,0x00,0x00,0x00,0x00,
  96            0x00,0x02,0x06,0x0c,0x18,0x30,0x60,0xc0,0x80,0x00,0x00,0x00,0x00,
  97            0x00,0x00,0x00,0x00,0x7c,0xc6,0xce,0xde,0xf6,0xe6,0xc6,0xc6,0x7c,
  98            0x00,0x00,0x00,0x00,0x00,0x00,0x00,0x18,0x38,0x78,0x18,0x18,0x18,
  99            0x18,0x18,0x7e,0x00,0x00,0x00,0x00,0x00,0x00,0x00,0x7c,0xc6,0x06,
 100            0x0c,0x18,0x30,0x60,0xc6,0xfe,0x00,0x00,0x00,0x00,0x00,0x00,0x00,
 101            0x7c,0xc6,0x06,0x06,0x3c,0x06,0x06,0xc6,0x7c,0x00,0x00,0x00,0x00,
 102            0x00,0x00,0x00,0x0c,0x1c,0x3c,0x6c,0xcc,0xfe,0x0c,0x0c,0x1e,0x00,
 103            0x00,0x00,0x00,0x00,0x00,0x00,0xfe,0xc0,0xc0,0xc0,0xfc,0x06,0x06,
 104            0xc6,0x7c,0x00,0x00,0x00,0x00,0x00,0x00,0x00,0x38,0x60,0xc0,0xc0,
 105            0xfc,0xc6,0xc6,0xc6,0x7c,0x00,0x00,0x00,0x00,0x00,0x00,0x00,0xfe,
 106            0xc6,0x06,0x0c,0x18,0x30,0x30,0x30,0x30,0x00,0x00,0x00,0x00,0x00,
 107            0x00,0x00,0x7c,0xc6,0xc6,0xc6,0x7c,0xc6,0xc6,0xc6,0x7c,0x00,0x00,
 108            0x00,0x00,0x00,0x00,0x00,0x7c,0xc6,0xc6,0xc6,0x7e,0x06,0x06,0x0c,
 109            0x78,0x00,0x00,0x00,0x00,0x00,0x00,0x00,0x00,0x18,0x18,0x00,0x00,
 110            0x00,0x18,0x18,0x00,0x00,0x00,0x00,0x00,0x00,0x00,0x00,0x00,0x18,
 111            0x18,0x00,0x00,0x00,0x18,0x18,0x30,0x00,0x00,0x00,0x00,0x00,0x00,
 112            0x00,0x06,0x0c,0x18,0x30,0x60,0x30,0x18,0x0c,0x06,0x00,0x00,0x00,
 113            0x00,0x00,0x00,0x00,0x00,0x00,0x00,0x7e,0x00,0x00,0x7e,0x00,0x00,
 114            0x00,0x00,0x00,0x00,0x00,0x00,0x00,0x60,0x30,0x18,0x0c,0x06,0x0c,
 115            0x18,0x30,0x60,0x00,0x00,0x00,0x00,0x00,0x00,0x00,0x7c,0xc6,0xc6,
 116            0x0c,0x18,0x18,0x00,0x18,0x18,0x00,0x00,0x00,0x00,0x00,0x00,0x00,
C51 COMPILER V9.56.0.0   TFT_LCD                                                           10/09/2018 14:31:48 PAGE 3   

 117            0x7c,0xc6,0xc6,0xde,0xde,0xde,0xdc,0xc0,0x7c,0x00,0x00,0x00,0x00,
 118            0x00,0x00,0x00,0x10,0x38,0x6c,0xc6,0xc6,0xfe,0xc6,0xc6,0xc6,0x00,
 119            0x00,0x00,0x00,0x00,0x00,0x00,0xfc,0x66,0x66,0x66,0x7c,0x66,0x66,
 120            0x66,0xfc,0x00,0x00,0x00,0x00,0x00,0x00,0x00,0x3c,0x66,0xc2,0xc0,
 121            0xc0,0xc0,0xc2,0x66,0x3c,0x00,0x00,0x00,0x00,0x00,0x00,0x00,0xf8,
 122            0x6c,0x66,0x66,0x66,0x66,0x66,0x6c,0xf8,0x00,0x00,0x00,0x00,0x00,
 123            0x00,0x00,0xfe,0x66,0x62,0x68,0x78,0x68,0x62,0x66,0xfe,0x00,0x00,
 124            0x00,0x00,0x00,0x00,0x00,0xfe,0x66,0x62,0x68,0x78,0x68,0x60,0x60,
 125            0xf0,0x00,0x00,0x00,0x00,0x00,0x00,0x00,0x3c,0x66,0xc2,0xc0,0xc0,
 126            0xde,0xc6,0x66,0x3a,0x00,0x00,0x00,0x00,0x00,0x00,0x00,0xc6,0xc6,
 127            0xc6,0xc6,0xfe,0xc6,0xc6,0xc6,0xc6,0x00,0x00,0x00,0x00,0x00,0x00,
 128            0x00,0x3c,0x18,0x18,0x18,0x18,0x18,0x18,0x18,0x3c,0x00,0x00,0x00,
 129            0x00,0x00,0x00,0x00,0x1e,0x0c,0x0c,0x0c,0x0c,0x0c,0xcc,0xcc,0x78,
 130            0x00,0x00,0x00,0x00,0x00,0x00,0x00,0xe6,0x66,0x6c,0x6c,0x78,0x6c,
 131            0x6c,0x66,0xe6,0x00,0x00,0x00,0x00,0x00,0x00,0x00,0xf0,0x60,0x60,
 132            0x60,0x60,0x60,0x62,0x66,0xfe,0x00,0x00,0x00,0x00,0x00,0x00,0x00,
 133            0xc6,0xee,0xfe,0xd6,0xc6,0xc6,0xc6,0xc6,0xc6,0x00,0x00,0x00,0x00,
 134            0x00,0x00,0x00,0xc6,0xe6,0xf6,0xfe,0xde,0xce,0xc6,0xc6,0xc6,0x00,
 135            0x00,0x00,0x00,0x00,0x00,0x00,0x38,0x6c,0xc6,0xc6,0xc6,0xc6,0xc6,
 136            0x6c,0x38,0x00,0x00,0x00,0x00,0x00,0x00,0x00,0xfc,0x66,0x66,0x66,
 137            0x7c,0x60,0x60,0x60,0xf0,0x00,0x00,0x00,0x00,0x00,0x00,0x00,0x7c,
 138            0xc6,0xc6,0xc6,0xd6,0xde,0x7c,0x0c,0x0e,0x00,0x00,0x00,0x00,0x00,
 139            0x00,0x00,0xfc,0x66,0x66,0x66,0x7c,0x6c,0x66,0x66,0xe6,0x00,0x00,
 140            0x00,0x00,0x00,0x00,0x00,0x7c,0xc6,0xc6,0x60,0x38,0x0c,0xc6,0xc6,
 141            0x7c,0x00,0x00,0x00,0x00,0x00,0x00,0x00,0x7e,0x5a,0x18,0x18,0x18,
 142            0x18,0x18,0x18,0x3c,0x00,0x00,0x00,0x00,0x00,0x00,0x00,0xc6,0xc6,
 143            0xc6,0xc6,0xc6,0xc6,0xc6,0xc6,0x7c,0x00,0x00,0x00,0x00,0x00,0x00,
 144            0x00,0xc6,0xc6,0xc6,0xc6,0xc6,0xc6,0x6c,0x38,0x10,0x00,0x00,0x00,
 145            0x00,0x00,0x00,0x00,0xc6,0xc6,0xc6,0xc6,0xc6,0xd6,0xfe,0xee,0xc6,
 146            0x00,0x00,0x00,0x00,0x00,0x00,0x00,0xc6,0xc6,0xc6,0x6c,0x38,0x6c,
 147            0xc6,0xc6,0xc6,0x00,0x00,0x00,0x00,0x00,0x00,0x00,0xc6,0xc6,0xc6,
 148            0x6c,0x38,0x38,0x38,0x38,0x7c,0x00,0x00,0x00,0x00,0x00,0x00,0x00,
 149            0xfe,0xc6,0x8c,0x18,0x30,0x60,0xc2,0xc6,0xfe,0x00,0x00,0x00,0x00,
 150            0x00,0x00,0x00,0x3c,0x30,0x30,0x30,0x30,0x30,0x30,0x30,0x3c,0x00,
 151            0x00,0x00,0x00,0x00,0x00,0x00,0x80,0xc0,0xe0,0x70,0x38,0x1c,0x0e,
 152            0x06,0x02,0x00,0x00,0x00,0x00,0x00,0x00,0x00,0x3c,0x0c,0x0c,0x0c,
 153            0x0c,0x0c,0x0c,0x0c,0x3c,0x00,0x00,0x00,0x00,0x00,0x10,0x38,0x6c,
 154            0xc6,0x00,0x00,0x00,0x00,0x00,0x00,0x00,0x00,0x00,0x00,0x00,0x00,
 155            0x00,0x00,0x00,0x00,0x00,0x00,0x00,0x00,0x00,0x00,0x00,0x00,0xfe,
 156            0x00,0x00,0x00,0x00,0x30,0x30,0x18,0x00,0x00,0x00,0x00,0x00,0x00,
 157            0x00,0x00,0x00,0x00,0x00,0x00,0x00,0x00,0x00,0x00,0x00,0x78,0x0c,
 158            0x7c,0xcc,0xcc,0x76,0x00,0x00,0x00,0x00,0x00,0x00,0x00,0xe0,0x60,
 159            0x60,0x78,0x6c,0x66,0x66,0x66,0xdc,0x00,0x00,0x00,0x00,0x00,0x00,
 160            0x00,0x00,0x00,0x00,0x7c,0xc6,0xc0,0xc0,0xc6,0x7c,0x00,0x00,0x00,
 161            0x00,0x00,0x00,0x00,0x1c,0x0c,0x0c,0x3c,0x6c,0xcc,0xcc,0xcc,0x76,
 162            0x00,0x00,0x00,0x00,0x00,0x00,0x00,0x00,0x00,0x00,0x7c,0xc6,0xfe,
 163            0xc0,0xc6,0x7c,0x00,0x00,0x00,0x00,0x00,0x00,0x00,0x1c,0x36,0x32,
 164            0x30,0x7c,0x30,0x30,0x30,0x78,0x00,0x00,0x00,0x00,0x00,0x00,0x00,
 165            0x00,0x00,0x00,0x76,0xcc,0xcc,0xcc,0x7c,0x0c,0xcc,0x78,0x00,0x00,
 166            0x00,0x00,0x00,0xe0,0x60,0x60,0x6c,0x76,0x66,0x66,0x66,0xe6,0x00,
 167            0x00,0x00,0x00,0x00,0x00,0x00,0x18,0x18,0x00,0x38,0x18,0x18,0x18,
 168            0x18,0x3c,0x00,0x00,0x00,0x00,0x00,0x00,0x00,0x06,0x06,0x00,0x0e,
 169            0x06,0x06,0x06,0x06,0x66,0x66,0x3c,0x00,0x00,0x00,0x00,0x00,0xe0,
 170            0x60,0x60,0x66,0x6c,0x78,0x6c,0x66,0xe6,0x00,0x00,0x00,0x00,0x00,
 171            0x00,0x00,0x38,0x18,0x18,0x18,0x18,0x18,0x18,0x18,0x3c,0x00,0x00,
 172            0x00,0x00,0x00,0x00,0x00,0x00,0x00,0x00,0x44,0xfe,0xd6,0xd6,0xd6,
 173            0xd6,0x00,0x00,0x00,0x00,0x00,0x00,0x00,0x00,0x00,0x00,0xdc,0x66,
 174            0x66,0x66,0x66,0x66,0x00,0x00,0x00,0x00,0x00,0x00,0x00,0x00,0x00,
 175            0x00,0x7c,0xc6,0xc6,0xc6,0xc6,0x7c,0x00,0x00,0x00,0x00,0x00,0x00,
 176            0x00,0x00,0x00,0x00,0xdc,0x66,0x66,0x66,0x7c,0x60,0x60,0xf0,0x00,
 177            0x00,0x00,0x00,0x00,0x00,0x00,0x00,0x76,0xcc,0xcc,0xcc,0x7c,0x0c,
 178            0x0c,0x1e,0x00,0x00,0x00,0x00,0x00,0x00,0x00,0x00,0xdc,0x76,0x66,
C51 COMPILER V9.56.0.0   TFT_LCD                                                           10/09/2018 14:31:48 PAGE 4   

 179            0x60,0x60,0xf0,0x00,0x00,0x00,0x00,0x00,0x00,0x00,0x00,0x00,0x00,
 180            0x7c,0xc6,0x70,0x1c,0xc6,0x7c,0x00,0x00,0x00,0x00,0x00,0x00,0x00,
 181            0x10,0x30,0x30,0xfc,0x30,0x30,0x30,0x36,0x1c,0x00,0x00,0x00,0x00,
 182            0x00,0x00,0x00,0x00,0x00,0x00,0xcc,0xcc,0xcc,0xcc,0xcc,0x76,0x00,
 183            0x00,0x00,0x00,0x00,0x00,0x00,0x00,0x00,0x00,0xc6,0xc6,0xc6,0x6c,
 184            0x38,0x10,0x00,0x00,0x00,0x00,0x00,0x00,0x00,0x00,0x00,0x00,0xc6,
 185            0xc6,0xc6,0xd6,0xfe,0x6c,0x00,0x00,0x00,0x00,0x00,0x00,0x00,0x00,
 186            0x00,0x00,0xc6,0x6c,0x38,0x38,0x6c,0xc6,0x00,0x00,0x00,0x00,0x00,
 187            0x00,0x00,0x00,0x00,0x00,0xc6,0xc6,0xc6,0xc6,0x7e,0x06,0x0c,0x78,
 188            0x00,0x00,0x00,0x00,0x00,0x00,0x00,0x00,0xfe,0xcc,0x18,0x30,0x66,
 189            0xfe,0x00,0x00,0x00,0x00,0x00,0x00,0x00,0x0e,0x18,0x18,0x18,0x70,
 190            0x18,0x18,0x18,0x0e,0x00,0x00,0x00,0x00,0x00,0x00,0x00,0x18,0x18,
 191            0x18,0x18,0x00,0x18,0x18,0x18,0x18,0x00,0x00,0x00,0x00,0x00,0x00,
 192            0x00,0x70,0x18,0x18,0x18,0x0e,0x18,0x18,0x18,0x70,0x00,0x00,0x00,
 193            0x00,0x00,0x00,0x00,0x76,0xdc,0x00,0x00,0x00,0x00,0x00,0x00,0x00,
 194            0x00,0x00,0x00,0x00,0x00,0x00,0x00,0x00,0x00,0x00,0x00,0x00,0x00,
 195            0x00,0x00,0x00,0x00,0x00,0x00,0x00,0x00,0x00,0x00,0x00,0x00,0x00,
 196            0x00,0x00,0x00,0x00,0x00,0x00,0x00,0x00,0x00,0x00,0x00,0x00,0x00,
 197            0x00,0x00,0x00,0x00,0x00,0x00,0x00,0x00,0x00,0x00,0x00,0x00,0x00,
 198            0x00,0x00,0x00,0x00,0x00,0x00,0x00,0x00,0x00,0x00,0x00,0x00,0x00,
 199            0x00,0x00,0x00,0x00,0x00,0x00,0x00,0x00,0x00,0x00,0x00,0x00,0x00,
 200            0x00,0x00,0x00,0x00,0x00,0x00,0x00,0x00,0x00,0x00,0x00,0x00,0x00,
 201            0x00,0x00,0x00,0x00,0x00,0x00,0x00,0x00,0x00,0x00,0x00,0x00,0x00,
 202            0x00,0x00,0x00,0x00,0x00,0x00,0x00,0x00,0x00,0x00,0x00,0x00,0x00,
 203            0x00,0x00,0x00,0x00,0x00,0x00,0x00,0x00,0x00,0x00,0x00,0x00,0x00,
 204            0x00,0x00,0x00,0x00,0x00,0x00,0x00,0x00,0x00,0x00,0x00,0x00,0x00,
 205            0x00,0x00,0x00,0x00,0x00,0x00,0x00,0x00,0x00,0x00,0x00,0x00,0x00,
 206            0x00,0x00,0x00,0x00,0x00,0x00,0x00,0x00,0x00,0x00,0x00,0x00,0x00,
 207            0x00,0x00,0x00,0x00,0x00,0x00,0x00,0x00,0x00,0x00,0x00,0x00,0x00,
 208            0x00,0x00,0x00,0x00,0x00,0x00,0x00,0x00,0x00,0x00,0x00,0x00,0x00,
 209            0x00,0x00,0x00,0x00,0x00,0x00,0x00,0x00,0x00,0x00,0x00,0x00,0x00,
 210            0x00,0x00,0x00,0x00,0x00,0x00,0x00,0x00,0x00,0x00,0x00,0x00,0x00,
 211            0x00,0x00,0x00,0x00,0x00,0x00,0x00,0x00,0x00,0x00,0x00,0x00,0x00,
 212            0x00,0x00,0x00,0x00,0x00,0x00,0x00,0x00,0x00,0x00,0x00,0x00,0x00,
 213            0x00,0x00,0x00,0x00,0x00,0x00,0x00,0x00,0x00,0x00,0x00,0x00,0x00,
 214            0x00,0x00,0x00,0x00,0x00,0x00,0x00,0x00,0x00,0x00,0x00,0x00,0x00,
 215            0x00,0x00,0x00,0x00,0x00,0x00,0x00,0x00,0x00,0x00,0x00,0x00,0x00,
 216            0x00,0x00,0x00,0x00,0x00,0x00,0x00,0x00,0x00,0x00,0x00,0x00,0x00,
 217            0x00,0x00,0x00,0x00,0x00,0x00,0x00,0x00,0x00,0x00,0x00,0x00,0x00,
 218            0x00,0x00,0x00,0x00,0x00,0x00,0x00,0x00,0x00,0x00,0x00,0x00,0x00,
 219            0x00,0x00,0x00,0x00,0x00,0x00,0x00,0x00,0x00,0x00,0x00,0x00,0x00,
 220            0x00,0x00,0x00,0x00,0x00,0x00,0x00,0x00,0x00,0x00,0x00,0x00,0x00,
 221            0x00,0x00,0x00,0x00,0x00,0x00,0x00,0x00,0x00,0x00,0x00,0x00,0x00,
 222            0x00,0x00,0x00,0x00,0x00,0x00,0x00,0x00,0x00,0x00,0x00,0x00,0x00,
 223            0x00,0x00,0x00,0x00,0x00,0x00,0x00,0x00,0x00,0x00,0x00,0x00,0x00,
 224            0x00,0x00,0x00,0x00,0x00,0x00,0x00,0x00,0x00,0x00,0x00,0x00,0x00,
 225            0x00,0x00,0x00,0x00,0x00,0x00,0x00,0x00,0x00,0x00,0x00,0x00,0x00,
 226            0x00,0x00,0x00,0x00,0x00,0x00,0x00,0x00,0x00,0x00,0x00,0x00,0x00,
 227            0x00,0x00,0x00,0x00,0x00,0x00,0x00,0x00,0x00,0x00,0x00,0x00,0x00,
 228            0x00,0x00,0x00,0x00,0x00,0x00,0x00,0x00,0x00,0x00,0x00,0x00,0x00,
 229            0x00,0x00,0x00,0x00,0x00,0x00,0x00,0x00,0x00,0x00,0x00,0x00,0x00,
 230            0x00,0x00,0x00,0x00,0x00,0x00,0x00,0x00,0x00,0x00,0x00,0x00,0x00,
 231            0x00,0x00,0x00,0x00,0x00,0x00,0x00,0x00,0x00,0x00,0x00,0x00,0x00,
 232            0x00,0x00,0x00,0x00,0x00,0x00,0x00,0x00,0x00,0x00,0x00,0x00,0x00,
 233            0x00,0x00,0x00,0x00,0x00,0x00,0x00,0x00,0x00,0x00,0x00,0x00,0x00,
 234            0x00,0x00,0x00,0x00,0x00,0x00,0x00,0x00,0x00,0x00,0x00,0x00,0x00,
 235            0x00,0x00,0x00,0x00,0x00,0x00,0x00,0x00,0x00,0x00,0x00,0x00,0x00,
 236            0x00,0x00,0x00,0x00,0x00,0x00,0x00,0x00,0x00,0x00,0x00,0x00,0x00,
 237            0x00,0x00,0x00,0x00,0x00,0x00,0x00,0x00,0x00,0x00,0x00,0x00,0x00,
 238            0x00,0x00,0x00,0x00,0x00,0x00,0x00,0x00,0x00,0x00,0x00,0x00,0x00,
 239            0x00,0x00,0x00,0x00,0x00,0x00,0x00,0x00,0x00,0x00,0x00,0x00,0x00,
 240            0x00,0x00,0x00,0x00,0x00,0x00,0x00,0x00,0x00,0x00,0x00,0x00,0x00,
C51 COMPILER V9.56.0.0   TFT_LCD                                                           10/09/2018 14:31:48 PAGE 5   

 241            0x00,0x00,0x00,0x00,0x00,0x00,0x00,0x00,0x00,0x00,0x00,0x00,0x00,
 242            0x00,0x00,0x00,0x00,0x00,0x00,0x00,0x00,0x00,0x00,0x00,0x00,0x00,
 243            0x00,0x00,0x00,0x00,0x00,0x00,0x00,0x00,0x00,0x00,0x00,0x00,0x00,
 244            0x00,0x00,0x00,0x00,0x00,0x00,0x00,0x00,0x00,0x00,0x00,0x00,0x00,
 245            0x00,0x00,0x00,0x00,0x00,0x00,0x00,0x00,0x00,0x00,0x00,0x00,0x00,
 246            0x00,0x00,0x00,0x00,0x00,0x00,0x00,0x00,0x00,0x00,0x00,0x00,0x00,
 247            0x00,0x00,0x00,0x00,0x00,0x00,0x00,0x00,0x00,0x00,0x00,0x00,0x00,
 248            0x00,0x00,0x00,0x00,0x00,0x00,0x00,0x00,0x00,0x00,0x00,0x00,0x00,
 249            0x00,0x00,0x00,0x00,0x00,0x00,0x00,0x00,0x00,0x00,0x00,0x00,0x00,
 250            0x00,0x00,0x00,0x00,0x00,0x00,0x00,0x00,0x00,0x00,0x00,0x00,0x00,
 251            0x00,0x00,0x00,0x00,0x00,0x00,0x00,0x00,0x00,0x00,0x00,0x00,0x00,
 252            0x00,0x00,0x00,0x00,0x00,0x00,0x00,0x00,0x00,0x00,0x00,0x00,0x00,
 253            0x00,0x00,0x00,0x00,0x00,0x00,0x00,0x00,0x00,0x00,0x00,0x00,0x00,
 254            0x00,0x00,0x00,0x00,0x00,0x00,0x00,0x00,0x00,0x00,0x00,0x00,0x00,
 255            0x00,0x00,0x00,0x00,0x00,0x00,0x00,0x00,0x00,0x00,0x00,0x00,0x00,
 256            0x00,0x00,0x00,0x00,0x00,0x00,0x00,0x00,0x00,0x00,0x00,0x00,0x00,
 257            0x00,0x00,0x00,0x00,0x00,0x00,0x00,0x00,0x00,0x00,0x00,0x00,0x00,
 258            0x00,0x00,0x00,0x00,0x00,0x00,0x00,0x00,0x00,0x00,0x00,0x00,0x00,
 259            0x00,0x00,0x00,0x00,0x00,0x00,0x00,0x00,0x00,0x00,0x00,0x00,0x00,
 260            0x00,0x00,0x00,0x00,0x00,0x00,0x00,0x00,0x00,0x00,0x00,0x00,0x00,
 261            0x00,0x00,0x00,0x00,0x00,0x00,0x00,0x00,0x00,0x00,0x00,0x00,0x00,
 262            0x00,0x00,0x00,0x00,0x00,0x00,0x00,0x00,0x00,0x00,0x00,0x00,0x00,
 263            0x00,0x00,0x00,0x00,0x00,0x00,0x00,0x00,0x00,0x00,0x00,0x00,0x00,
 264            0x00,0x00,0x00,0x00,0x00,0x00,0x00,0x00,0x00,0x00,0x00,0x00,0x00,
 265            0x00,0x00,0x00,0x00,0x00,0x00,0x00,0x00,0x00,0x00,0x00,0x00,0x00,
 266            0x00,0x00,0x00,0x00,0x00,0x00,0x00,0x00,0x00,0x00,0x00,0x00,0x00,
 267            0x00,0x00,0x00,0x00,0x00,0x00,0x00,0x00,0x00,0x00,0x00,0x00,0x00,
 268            0x00,0x00,0x00,0x00,0x00,0x00,0x00,0x00,0x00,0x00,0x00,0x00,0x00,
 269            0x00,0x00,0x00,0x00,0x00,0x00,0x00,0x00,0x00,0x00,0x00,0x00,0x00,
 270            0x00,0x00,0x00,0x00,0x00,0x00,0x00,0x00,0x00,0x00,0x00,0x00,0x00,
 271            0x00,0x00,0x00,0x00,0x00,0x00,0x00,0x00,0x00,0x00,0x00,0x00,0x00,
 272            0x00,0x00,0x00,0x00,0x00,0x00,0x00,0x00,0x00,0x00,0x00,0x00,0x00,
 273            0x00,0x00,0x00,0x00,0x00,0x00,0x00,0x00,0x00,0x00,0x00,0x00,0x00,
 274            0x00,0x00,0x00,0x00,0x00,0x00,0x00,0x00,0x00,0x00,0x00,0x00,0x00,
 275            0x00,0x00,0x00,0x00,0x00,0x00,0x00,0x00,0x00,0x00,0x00,0x00,0x00,
 276            0x00,0x00,0x00,0x00,0x00,0x00,0x00,0x00,0x00,0x00,0x00,0x00,0x00,
 277            0x00,0x00,0x00,0x00,0x00,0x00,0x00,0x00,0x00,0x00,0x00,0x00,0x00,
 278            0x00,0x00,0x00,0x00,0x00,0x00,0x00,0x00,0x00,0x00,0x00,0x00,0x00,
 279            0x00,0x00,0x00,0x00,0x00,0x00,0x00,0x00,0x00,0x00,0x00,0x00,0x00,
 280            0x00,0x00,0x00,0x00,0x00,0x00,0x00,0x00,0x00,0x00,0x00,0x00,0x00,
 281            0x00,0x00,0x00,0x00,0x00,0x00,0x00,0x00,0x00,0x00,0x00,0x00,0x00,
 282            0x00,0x00,0x00,0x00,0x00,0x00,0x00,0x00,0x00,0x00,0x00,0x00,0x00,
 283            0x00,0x00,0x00,0x00,0x00,0x00,0x00,0x00,0x00,0x00,0x00,0x00,0x00,
 284            0x00,0x00,0x00,0x00,0x00,0x00,0x00,0x00,0x00,0x00,0x00,0x00,0x00,
 285            0x00,0x00,0x00,0x00,0x00,0x00,0x00,0x00,0x00,0x00,0x00,0x00,0x00,
 286            0x00,0x00,0x00,0x00,0x00,0x00,0x00,0x00,0x00,0x00,0x00,0x00,0x00,
 287            0x00,0x00,0x00,0x00,0x00,0x00,0x00,0x00,0x00,0x00,0x00,0x00,0x00,
 288            0x00,0x00,0x00,0x00,0x00,0x00,0x00,0x00,0x00,0x00,0x00,0x00,0x00,
 289            0x00,0x00,0x00,0x00,0x00,0x00,0x00,0x00,0x00,0x00,0x00,0x00,0x00,
 290            0x00,0x00,0x00,0x00,0x00,0x00,0x00,0x00,0x00,0x00,0x00,0x00,0x00,
 291            0x00,0x00,0x00,0x00,0x00,0x00,0x00,0x00,0x00,0x00,0x00,0x00,0x00,
 292            0x00,0x00,0x00,0x00,0x00,0x00,0x00,0x00,0x00,0x00,0x00,0x00,0x00,
 293            0x00,0x00,0x00,0x00,0x00,0x00,0x00,0x00,0x00,0x00,0x00,0x00,0x00,
 294            0x00,0x00,0x00,0x00,0x00,0x00,0x00,0x00,0x00,0x00,0x00,0x00,0x00,
 295            0x00,0x00,0x00,0x00,0x00,0x00,0x00,0x00,0x00,0x00,0x00,0x00,0x00,
 296            0x00,0x00,0x00,0x00,0x00,0x00,0x00,0x00,0x00,0x00,0x00,0x00,0x00,
 297            0x00,0x00,0x00,0x00,0x00,0x00,0x00,0x00,0x00,0x00,0x00,0x00,0x00,
 298            0x00,0x00,0x00,0x00,0x00,0x00,0x00,0x00,0x00,0x00,0x00,0x00,0x00,
 299            0x00,0x00,0x00,0x00,0x00,0x00,0x00,0x00,0x00,0x00,0x00,0x00,0x00,
 300            0x00,0x00,0x00,0x00,0x00,0x00,0x00,0x00,0x00,0x00,0x00,0x00,0x00,
 301            0x00,0x00,0x00,0x00,0x00,0x00,0x00,0x00,0x00,0x00,0x00,0x00,0x00,
 302            0x00,0x00,0x00,0x00,0x00,0x00,0x00,0x00,0x00,0x00,0x00,0x00,0x00,
C51 COMPILER V9.56.0.0   TFT_LCD                                                           10/09/2018 14:31:48 PAGE 6   

 303            0x00,0x00,0x00,0x00,0x00,0x00,0x00,0x00,0x00,0x00,0x00,0x00,0x00,
 304            0x00,0x00,0x00,0x00,0x00,0x00,0x00,0x00,0x00,0x00,0x00,0x00,0x00,
 305            0x00,0x00,0x00,0x00,0x00,0x00,0x00,0x00,0x00,0x00,0x00,0x00,0x00,
 306            0x00,0x00,0x00,0x00,0x00,0x00,0x00,0x00,0x00,0x00,0x00,0x00,0x00,
 307            0x00,0x00,0x00,0x00,0x00,0x00,0x00,0x00,0x00,0x00,0x00,0x00,0x00,
 308            0x00,0x00,0x00,0x00,0x00,0x00,0x00,0x00,0x00,0x00,0x00,0x00,0x00,
 309            0x00,0x00,0x00,0x00,0x00,0x00,0x00,0x00,0x00,0x00,0x00,0x00,0x00,
 310            0x00,0x00,0x00,0x00,0x00,0x00,0x00,0x00,0x00,0x00,0x00,0x00,0x00,
 311            0x00,0x00,0x00,0x00,0x00,0x00,0x00,0x00,0x00,0x00,0x00,0x00,0x00,
 312            0x00,0x00,0x00,0x00,0x00,0x00,0x00,0x00,0x00,0x00,0x00,0x00,0x00,
 313            0x00,0x00,0x00,0x00,0x00,0x00,0x00,0x00,0x00,0x00,0x00,0x00,0x00,
 314            0x00,0x00,0x00,0x00,0x00,0x00,0x00,0x00,0x00,0x00,0x00,0x00,0x00,
 315            0x00,0x00,0x00,0x00,0x00,0x00,0x00,0x00,0x00,0x00,0x00,0x00,0x00,
 316            0x00,0x00,0x00,0x00,0x00,0x00,0x00,0x00,0x00,0x00,0x00,0x00,0x00,
 317            0x00,0x00,0x00,0x00,0x00,0x00,0x00,0x00,0x00,0x00,0x00,0x00,0x00,
 318            0x00,0x00,0x00,0x00,0x00,0x00,0x00,0x00,0x00,0x00,0x00,0x00,0x00,
 319            0x00,0x00,0x00,0x00,0x00,0x00,0x00,0x00,0x00,0x00,0x00,0x00,0x00,
 320            0x00,0x00,0x00,0x00,0x00,0x00,0x00,0x00,0x00,0x00,0x00,0x00,0x00,
 321            0x00,0x00,0x00,0x00,0x00,0x00,0x00,0x00,0x00,0x00,0x00,0x00,0x00,
 322            0x00,0x00,0x00,0x00,0x00,0x00,0x00,0x00,0x00,0x00,0x00,0x00,0x00,
 323            0x00,0x00,0x00,0x00,0x00,0x00,0x00,0x00,0x00,0x00,0x00,0x00,0x00,
 324            0x00,0x00,0x00,0x00,0x00,0x00,0x00,0x00,0x00,0x00,0x00,0x00,0x00,
 325            0x00,0x00,0x00,0x00,0x00,0x00,0x00,0x00,0x00,0x00,0x00,0x00,0x00,
 326            0x00,0x00,0x00,0x00,0x00,0x00,0x00,0x00,0x00,0x00,0x00,0x00,0x00,
 327            0x00,0x00,0x00,0x00,0x00,0x00,0x00,0x00,0x00,0x00,0x00,0x00,0x00,
 328            0x00,0x00,0x00,0x00,0x00,0x00,0x00,0x00,0x00,0x00,0x00,0x00,0x00,
 329            0x00,0x00,0x00,0x00,0x00,0x00,0x00,0x00,0x00,0x00,0x00,0x00,0x00,
 330            0x00,0x00,0x00,0x00,0x00,0x00,0x00,0x00,0x00,0x00,0x00,0x00,0x00,
 331            0x00,0x00,0x00,0x00,0x00,0x00,0x00,0x00,0x00,0x00,0x00,0x00,0x00,
 332            0x00,0x00,0x00,0x00,0x00,0x00,0x00,0x00,0x00,0x00,0x00,0x00,0x00,
 333            0x00,0x00,0x00,0x00,0x00,0x00,0x00,0x00,0x00,0x00,0x00,0x00,0x00,
 334            0x00,0x00,0x00,0x00,0x00,0x00,0x00,0x00,0x00,0x00,0x00,0x00,0x00,
 335            0x00,0x00,0x00,0x00,0x00,0x00,0x00,0x00,0x00,0x00,0x00,0x00,0x00,
 336            0x00,0x00,0x00,0x00,0x00,0x00,0x00,0x00,0x00,0x00,0x00,0x00,0x00,
 337            0x00,0x00,0x00,0x00,0x00,0x00,0x00,0x00,0x00,0x00,0x00,0x00,0x00,
 338            0x00,0x00,0x00,0x00,0x00,0x00,0x00,0x00,0x00,0x00,0x00,0x00,0x00,
 339            0x00,0x00,0x00,0x00,0x00,0x00,0x00,0x00,0x00,0x00,0x00,0x00,0x00,
 340            0x00,0x00,0x00,0x00,0x00,0x00,0x00,0x00,0x00,0x00,0x00,0x00,0x00,
 341            0x00,0x00,0x00,0x00,0x00,0x00,0x00,0x00,0x00,0x00,0x00,0x00,0x00,
 342            0x00,0x00,0x00,0x00,0x00,0x00,0x00,0x00,0x00,0x00,0x00,0x00,0x00,
 343            0x00,0x00,0x00,0x00,0x00,0x00,0x00,0x00,0x00,0x00,0x00,0x00,0x00,
 344            0x00,0x00,0x00,0x00,0x00,0x00,0x00,0x00,0x00,0x00,0x00,0x00,0x00,
 345            0x00,0x00,0x00,0x00,0x00,0x00,0x00,0x00,0x00,0x00,0x00,0x00,0x00,
 346            0x00,0x00,0x00,0x00,0x00,0x00,0x00,0x00,0x00,0x00,0x00,0x00,0x00,
 347            0x00,0x00,0x00,0x00,0x00,0x00,0x00,0x00,0x00,0x00,0x00,0x00,0x00,
 348            0x00,0x00,0x00,0x00,0x00,0x00,0x00,0x00,0x00,0x00,0x00,0x00,0x00,
 349            0x00,0x00,0x00,0x00,0x00,0x00,0x00,0x00,0x00,0x00,0x00,0x00,0x00,
 350            0x00,0x00,0x00,0x00,0x00,0x00,0x00,0x00,0x00,0x00,0x00,0x00,0x00,
 351            0x00,0x00,0x00,0x00,0x00,0x00,0x00,0x00,0x00,0x00,0x00,0x00,0x00,
 352            0x00,0x00,0x00,0x00,0x00,0x00,0x00,0x00,0x00,0x00,0x00,0x00,0x00,
 353            0x00,0x00 
 354            };
 355          
 356          
 357          
 358          
 359          
 360          void lcd_delay_ms(uint time)
 361          {
 362   1       uint i,j;
 363   1        for(i=0;i<time;i++)
 364   1         for(j=0;j<250;j++);
C51 COMPILER V9.56.0.0   TFT_LCD                                                           10/09/2018 14:31:48 PAGE 7   

 365   1      }
 366          
 367          
 368          //向SPI总线传输一个8位数据
 369          void  SPI_WriteData(uchar Data)
 370          {
 371   1        unsigned char i=0;
 372   1        for(i=8;i>0;i--)
 373   1        {
 374   2          if(Data&0x80) 
 375   2          sda=1; //输出数据
 376   2          else sda=0;
 377   2          scl=0;
 378   2          scl=1;
 379   2          Data<<=1;
 380   2        }
 381   1      }
 382          //向液晶屏写一个8位指令
 383          void  Lcd_WriteIndex(uchar Data)
 384          {
 385   1          
 386   1          cs=0;
 387   1          rs=0;
 388   1          SPI_WriteData(Data);    
 389   1          cs=1;
 390   1      }
 391          //向液晶屏写一个8位数据
 392          void  Lcd_WriteData(uchar Data)
 393          { 
 394   1          unsigned char i=0;
 395   1          cs=0;
 396   1          rs=1;
 397   1          SPI_WriteData(Data);  
 398   1          cs=1;
 399   1      }
 400          //向液晶屏写一个16位数据
 401          void  LCD_WriteData_16Bit(unsigned int Data)
 402          {
 403   1        unsigned char i=0;
 404   1        cs=0;
 405   1        rs=1;
 406   1        SPI_WriteData(Data>>8);   //写入高8位数据
 407   1        SPI_WriteData(Data);      //写入低8位数据
 408   1        cs=1;
 409   1      
 410   1      }
 411          
 412          void Lcd_Reset()
 413          {
 414   1          reset=0;
 415   1          lcd_delay_ms(100);
 416   1          reset=1;
 417   1          lcd_delay_ms(100);
 418   1      }
 419          //////////////////////////////////////////////////////////////////////////////////////////////
 420          //液晶屏初始化 for S6D02A1
 421          void lcd_initial()
 422          {
 423   1        Lcd_Reset();//Reset before LCD Init.
 424   1          
 425   1        //LCD Init For 1.44Inch LCD Panel with ST7735R.
 426   1        Lcd_WriteIndex(0x11);//Sleep exit 
C51 COMPILER V9.56.0.0   TFT_LCD                                                           10/09/2018 14:31:48 PAGE 8   

 427   1        lcd_delay_ms (120);
 428   1          
 429   1        //ST7735R Frame Rate
 430   1        Lcd_WriteIndex(0xB1); 
 431   1        Lcd_WriteData(0x01); 
 432   1        Lcd_WriteData(0x2C); 
 433   1        Lcd_WriteData(0x2D); 
 434   1      
 435   1        Lcd_WriteIndex(0xB2); 
 436   1        Lcd_WriteData(0x01); 
 437   1        Lcd_WriteData(0x2C); 
 438   1        Lcd_WriteData(0x2D); 
 439   1      
 440   1        Lcd_WriteIndex(0xB3); 
 441   1        Lcd_WriteData(0x01); 
 442   1        Lcd_WriteData(0x2C); 
 443   1        Lcd_WriteData(0x2D); 
 444   1        Lcd_WriteData(0x01); 
 445   1        Lcd_WriteData(0x2C); 
 446   1        Lcd_WriteData(0x2D); 
 447   1        
 448   1        Lcd_WriteIndex(0xB4); //Column inversion 
 449   1        Lcd_WriteData(0x07); 
 450   1        
 451   1        //ST7735R Power Sequence
 452   1        Lcd_WriteIndex(0xC0); 
 453   1        Lcd_WriteData(0xA2); 
 454   1        Lcd_WriteData(0x02); 
 455   1        Lcd_WriteData(0x84); 
 456   1        Lcd_WriteIndex(0xC1); 
 457   1        Lcd_WriteData(0xC5); 
 458   1      
 459   1        Lcd_WriteIndex(0xC2); 
 460   1        Lcd_WriteData(0x0A); 
 461   1        Lcd_WriteData(0x00); 
 462   1      
 463   1        Lcd_WriteIndex(0xC3); 
 464   1        Lcd_WriteData(0x8A); 
 465   1        Lcd_WriteData(0x2A); 
 466   1        Lcd_WriteIndex(0xC4); 
 467   1        Lcd_WriteData(0x8A); 
 468   1        Lcd_WriteData(0xEE); 
 469   1        
 470   1        Lcd_WriteIndex(0xC5); //VCOM 
 471   1        Lcd_WriteData(0x0E); 
 472   1        
 473   1        Lcd_WriteIndex(0x36); //MX, MY, RGB mode 
 474   1      #ifdef USE_LANDSCAPE
                Lcd_WriteData(0xA8); //竖屏C8 横屏08 A8
              #else
 477   1        Lcd_WriteData(0xC8); //竖屏C8 横屏08 A8
 478   1      #endif    
 479   1        //ST7735R Gamma Sequence
 480   1        Lcd_WriteIndex(0xe0); 
 481   1        Lcd_WriteData(0x0f); 
 482   1        Lcd_WriteData(0x1a); 
 483   1        Lcd_WriteData(0x0f); 
 484   1        Lcd_WriteData(0x18); 
 485   1        Lcd_WriteData(0x2f); 
 486   1        Lcd_WriteData(0x28); 
 487   1        Lcd_WriteData(0x20); 
 488   1        Lcd_WriteData(0x22); 
C51 COMPILER V9.56.0.0   TFT_LCD                                                           10/09/2018 14:31:48 PAGE 9   

 489   1        Lcd_WriteData(0x1f); 
 490   1        Lcd_WriteData(0x1b); 
 491   1        Lcd_WriteData(0x23); 
 492   1        Lcd_WriteData(0x37); 
 493   1        Lcd_WriteData(0x00);  
 494   1        Lcd_WriteData(0x07); 
 495   1        Lcd_WriteData(0x02); 
 496   1        Lcd_WriteData(0x10); 
 497   1      
 498   1        Lcd_WriteIndex(0xe1); 
 499   1        Lcd_WriteData(0x0f); 
 500   1        Lcd_WriteData(0x1b); 
 501   1        Lcd_WriteData(0x0f); 
 502   1        Lcd_WriteData(0x17); 
 503   1        Lcd_WriteData(0x33); 
 504   1        Lcd_WriteData(0x2c); 
 505   1        Lcd_WriteData(0x29); 
 506   1        Lcd_WriteData(0x2e); 
 507   1        Lcd_WriteData(0x30); 
 508   1        Lcd_WriteData(0x30); 
 509   1        Lcd_WriteData(0x39); 
 510   1        Lcd_WriteData(0x3f); 
 511   1        Lcd_WriteData(0x00); 
 512   1        Lcd_WriteData(0x07); 
 513   1        Lcd_WriteData(0x03); 
 514   1        Lcd_WriteData(0x10);  
 515   1        
 516   1        Lcd_WriteIndex(0x2a);
 517   1        Lcd_WriteData(0x00);
 518   1        Lcd_WriteData(0x00+2);
 519   1        Lcd_WriteData(0x00);
 520   1        Lcd_WriteData(0x80+2);
 521   1      
 522   1        Lcd_WriteIndex(0x2b);
 523   1        Lcd_WriteData(0x00);
 524   1        Lcd_WriteData(0x00+3);
 525   1        Lcd_WriteData(0x00);
 526   1        Lcd_WriteData(0x80+3);
 527   1        
 528   1        Lcd_WriteIndex(0xF0); //Enable test command  
 529   1        Lcd_WriteData(0x01); 
 530   1        Lcd_WriteIndex(0xF6); //Disable ram power save mode 
 531   1        Lcd_WriteData(0x00); 
 532   1        
 533   1        Lcd_WriteIndex(0x3A); //65k mode 
 534   1        Lcd_WriteData(0x05); 
 535   1        
 536   1        
 537   1        Lcd_WriteIndex(0x29);//Display on
 538   1      
 539   1      }
 540          
 541          
 542          
 543          /*************************************************
 544          函数名：LCD_Set_Region
 545          功能：设置lcd显示区域，在此区域写点数据自动换行
 546          入口参数：xy起点和终点
 547          返回值：无
 548          *************************************************/
 549          void Lcd_SetRegion(unsigned int x_start,unsigned int y_start,unsigned int x_end,unsigned int y_end)
 550          { 
C51 COMPILER V9.56.0.0   TFT_LCD                                                           10/09/2018 14:31:48 PAGE 10  

 551   1      #ifdef USE_LANDSCAPE//使用横屏模式
                Lcd_WriteIndex(0x2a);
                Lcd_WriteData(0x00);
                Lcd_WriteData(x_start+3);
                Lcd_WriteData(0x00);
                Lcd_WriteData(x_end+3);
              
                Lcd_WriteIndex(0x2b);
                Lcd_WriteData(0x00);
                Lcd_WriteData(y_start+2);
                Lcd_WriteData(0x00);
                Lcd_WriteData(y_end+2);
              
              #else//竖屏模式 
 565   1        Lcd_WriteIndex(0x2a);
 566   1        Lcd_WriteData(0x00);
 567   1        Lcd_WriteData(x_start+2);
 568   1        Lcd_WriteData(0x00);
 569   1        Lcd_WriteData(x_end+2);
 570   1      
 571   1        Lcd_WriteIndex(0x2b);
 572   1        Lcd_WriteData(0x00);
 573   1        Lcd_WriteData(y_start+3);
 574   1        Lcd_WriteData(0x00);
 575   1        Lcd_WriteData(y_end+3); 
 576   1      #endif
 577   1        Lcd_WriteIndex(0x2c);
 578   1      }
 579          
 580          
 581          void PutPixel(uint x_start,uint y_start,uint color)
 582          {
 583   1        Lcd_SetRegion(x_start,y_start,x_start+1,y_start+1);
 584   1        LCD_WriteData_16Bit(color);
 585   1        
 586   1      }
 587          
 588          
 589          
 590          void dsp_single_colour(int color)
 591          {
 592   1        uchar i,j;
 593   1        Lcd_SetRegion(0,0,128-1,128-1);
 594   1        for (i=0;i<128;i++)
 595   1            for (j=0;j<128;j++)
 596   1                LCD_WriteData_16Bit(color);
 597   1      }
 598          
 599          
 600          //显示一个英文字符,带前景色和背景色设定
 601          void Display_ASCII8X16_Color(uint x0,uint y0,uchar *s,uint forecolor,uint backgroundcolor)
 602          {
 603   1        int i,j,k,x,y,xx;
 604   1        
 605   1        unsigned char qm;
 606   1        
 607   1        long int ulOffset;
 608   1        
 609   1        char xdata ywbuf[32],temp[2];
 610   1        
 611   1        for(i = 0; i<strlen((char*)s);i++)
 612   1        {
C51 COMPILER V9.56.0.0   TFT_LCD                                                           10/09/2018 14:31:48 PAGE 11  

 613   2          if(((unsigned char)(*(s+i))) >= 161)
 614   2          {
 615   3            temp[0] = *(s+i);
 616   3            temp[1] = '\0';
 617   3            return;
 618   3          }
 619   2          else
 620   2          {
 621   3            qm = *(s+i);
 622   3            
 623   3            ulOffset = (long int)(qm) * 16;
 624   3            
 625   3            for (j = 0; j < 16; j ++)
 626   3            {
 627   4              ywbuf[j]=Zk_ASCII8X16[ulOffset+j];
 628   4            }
 629   3            
 630   3            for(y = 0;y < 16;y++)
 631   3            {
 632   4              for(x=0;x<8;x++) 
 633   4              {
 634   5                k=x % 8;
 635   5                
 636   5                if(ywbuf[y]&(0x80 >> k))
 637   5                {
 638   6                  xx=x0+x+i*8;
 639   6                  PutPixel(xx,y+y0,forecolor);
 640   6                }
 641   5                else
 642   5                {
 643   6                  xx=x0+x+i*8;
 644   6                  PutPixel(xx,y+y0,backgroundcolor);  
 645   6                }
 646   5              }
 647   4            }
 648   3          }
 649   2        }       
 650   1      }
 651          
 652          //显示一个英文字符
 653          void Display_ASCII8X16(uint x0,uint y0,uchar *s)
 654          {
 655   1        int i,j,k,x,y,xx;
 656   1        
 657   1        unsigned char qm;
 658   1        
 659   1        long int ulOffset;
 660   1        
 661   1        char  xdata ywbuf[32],temp[2];
 662   1        
 663   1        for(i = 0; i<strlen((char*)s);i++)
 664   1        {
 665   2          if(((unsigned char)(*(s+i))) >= 161)
 666   2          {
 667   3            temp[0] = *(s+i);
 668   3            temp[1] = '\0';
 669   3            return;
 670   3          }
 671   2          else
 672   2          {
 673   3            qm = *(s+i);
 674   3            
C51 COMPILER V9.56.0.0   TFT_LCD                                                           10/09/2018 14:31:48 PAGE 12  

 675   3            ulOffset = (long int)(qm) * 16;
 676   3            
 677   3            for (j = 0; j < 16; j ++)
 678   3            {
 679   4              ywbuf[j]=Zk_ASCII8X16[ulOffset+j];
 680   4            }
 681   3            
 682   3            for(y = 0;y < 16;y++)
 683   3            {
 684   4              for(x=0;x<8;x++) 
 685   4              {
 686   5                k=x % 8;
 687   5                
 688   5                if(ywbuf[y]&(0x80 >> k))
 689   5                {
 690   6                  xx=x0+x+i*8;
 691   6                  PutPixel(xx,y+y0,RED);
 692   6                }
 693   5      //          else    //会不会背景色覆盖未填充区域
 694   5      //          {
 695   5      //            xx=x0+x+i*8;
 696   5      //            PutPixel(xx,y+y0,WHITE);  
 697   5      //          }
 698   5          
 699   5              }
 700   4            }
 701   3          
 702   3          }
 703   2        }       
 704   1      }
 705          
 706          //采用设置窗口方法填充字库数据，相比Gui_DrawFont_GBK16更快速
 707          void Fast_DrawFont_GBK16(uint x, uint y, uint fc, uint bc, uchar *s)
 708          {
 709   1        unsigned char i,j;
 710   1        unsigned short k;
 711   1        uint HZnum;
 712   1        HZnum=sizeof(hz16)/sizeof(typFNT_GBK16);
 713   1        while(*s) 
 714   1        { 
 715   2          if((*s) >= 128) 
 716   2          {   
 717   3            for (k=0;k<HZnum;k++) 
 718   3            {
 719   4              if ((hz16[k].Index[0]==*(s))&&(hz16[k].Index[1]==*(s+1)))
 720   4              {   Lcd_SetRegion(x,y,x+16-1,y+16-1);
 721   5                  for(i=0;i<16*2;i++)
 722   5                  {
 723   6                  for(j=0;j<8;j++)
 724   6                    {
 725   7                    if(hz16[k].Msk[i]&(0x80>>j))  LCD_WriteData_16Bit(fc);
 726   7                    else 
 727   7                    {
 728   8                    if (fc!=bc) LCD_WriteData_16Bit(bc);
 729   8                    }
 730   7                  }
 731   6                }
 732   5                
 733   5                
 734   5              }
 735   4            }
 736   3          s+=2;x+=16;
C51 COMPILER V9.56.0.0   TFT_LCD                                                           10/09/2018 14:31:48 PAGE 13  

 737   3          }
 738   2            
 739   2          
 740   2          else
 741   2          s+=1; 
 742   2          
 743   2        }
 744   1      }
 745          
 746          //此方法描绘汉字较慢
 747          void Gui_DrawFont_GBK16(uint x, uint y, uint fc, uint bc, uchar *s)
 748          {
 749   1        unsigned char i,j;
 750   1        unsigned short k,x0;
 751   1        x0=x;
 752   1      
 753   1        while(*s) 
 754   1        { 
 755   2          if((*s) >= 128) 
 756   2          {   
 757   3            for (k=0;k<hz16_num;k++) 
 758   3            {
 759   4              if ((hz16[k].Index[0]==*(s))&&(hz16[k].Index[1]==*(s+1)))
 760   4              { 
 761   5                  for(i=0;i<16;i++)
 762   5                  {
 763   6                  for(j=0;j<8;j++) 
 764   6                    {
 765   7                        if(hz16[k].Msk[i*2]&(0x80>>j))  PutPixel(x+j,y+i,fc);
 766   7                      else {
 767   8                        if (fc!=bc) PutPixel(x+j,y+i,bc);
 768   8                      }
 769   7                    }
 770   6                  for(j=0;j<8;j++) 
 771   6                    {
 772   7                        if(hz16[k].Msk[i*2+1]&(0x80>>j))  PutPixel(x+j+8,y+i,fc);
 773   7                      else 
 774   7                      {
 775   8                        if (fc!=bc) PutPixel(x+j+8,y+i,bc);
 776   8                      }
 777   7                    }
 778   6                  }
 779   5              }
 780   4              }
 781   3            s+=2;x+=16;
 782   3          }
 783   2          else
 784   2          s+=1; 
 785   2          
 786   2        }
 787   1      }


MODULE INFORMATION:   STATIC OVERLAYABLE
   CODE SIZE        =   2709    ----
   CONSTANT SIZE    =   4607    ----
   XDATA SIZE       =   ----     158
   PDATA SIZE       =   ----    ----
   DATA SIZE        =   ----    ----
   IDATA SIZE       =   ----    ----
   BIT SIZE         =   ----    ----
   EDATA SIZE       =   ----    ----
C51 COMPILER V9.56.0.0   TFT_LCD                                                           10/09/2018 14:31:48 PAGE 14  

   HDATA SIZE       =   ----    ----
   XDATA CONST SIZE =   ----    ----
   FAR CONST SIZE   =   ----    ----
END OF MODULE INFORMATION.


C51 COMPILATION COMPLETE.  0 WARNING(S),  0 ERROR(S)
