C51 COMPILER V9.56.0.0   UART                                                              09/27/2018 10:11:53 PAGE 1   


C51 COMPILER V9.56.0.0, COMPILATION OF MODULE UART
OBJECT MODULE PLACED IN .\Objects\uart.obj
COMPILER INVOKED BY: C:\Keil_v5\C51\BIN\C51.EXE src\uart.c LARGE OMF2 OPTIMIZE(8,SPEED) BROWSE INCDIR(.\inc) DEBUG PRINT
                    -(.\Listings\uart.lst) TABS(2) OBJECT(.\Objects\uart.obj)

line level    source

   1          #include "uart.h"
   2          
   3          bit busy;
   4          u8 UART_RX_BUF[BUFFER_LENGTH];
   5          u8 uartRxSta = 0;
   6          u8 uartRxCount;
   7          u8 uartRxTimeOut;
   8          u8 flag_uart_rx;
   9          
  10          unsigned char cmd;
  11          
  12          void UartInit(void)   //115200bps@24.000MHz
  13          {
  14   1        SCON = 0x50;    //8位数据,可变波特率
  15   1        TMOD &= 0x0F;
  16   1        TMOD |= 0x20;   //设定定时器1为16位自动重装方式
  17   1        TH1 = 256-MAIN_Fosc/(Baud_Rate*12*16);      //设定定时初值
  18   1        TL1 = 256-MAIN_Fosc/(Baud_Rate*12*16);      //设定定时初值
  19   1        PCON |= 0x80;     //波特率加倍
  20   1        ES = 1;         //串行中断允许
  21   1        TR1 = 1;        //启动定时器1
  22   1        REN = 1;        //允许接收
  23   1        EA = 1;         //开启总中断
  24   1      }
  25          
  26          /*----------------------------
  27          UART 中断服务程序
  28          -----------------------------*/
  29          void Uart() interrupt 4
  30          {
  31   1          if (RI)
  32   1          {
  33   2              RI = 0;                 //清除RI位
  34   2              if (uartRxSta == 0) flag_uart_rx = 1;
  35   2              if(uartRxCount < BUFFER_LENGTH)
  36   2              {
  37   3                uartRxTimeOut = TIME_OUT;
  38   3                UART_RX_BUF[uartRxCount++] = SBUF;
  39   3              }else{
  40   3                uartRxSta = 1;
  41   3                uartRxCount = 0;
  42   3              }
  43   2          }
  44   1          if (TI)
  45   1          {
  46   2              TI = 0;                 //清除TI位
  47   2              busy = 0;               //清忙标志
  48   2          }
  49   1      }
  50          
  51          
  52          /*----------------------------
  53          发送串口数据
  54          ----------------------------*/
C51 COMPILER V9.56.0.0   UART                                                              09/27/2018 10:11:53 PAGE 2   

  55          void Putchar(char dat)
  56          {
  57   1          SBUF = dat;                //写数据到UART3数据寄存器
  58   1          busy = 1;
  59   1          while (busy);               //等待前面的数据发送完成
  60   1      }
  61          
  62          /*----------------------------
  63          发送字符串
  64          ----------------------------*/
  65          void uartSendString(char *s)
  66          {
  67   1          while (*s)                  //检测字符串结束标志
  68   1          {
  69   2              Putchar(*s++);         //发送当前字符
  70   2          }
  71   1      }
  72          
  73          void uartSendData(char *buffer, u8 datalen)
  74          {
  75   1        u8 i;
  76   1        for(i=0;i<datalen;i++)
  77   1          Putchar(buffer[i]);
  78   1      }
  79          
  80          void clearBuf(void)
  81          {
  82   1        int i;
  83   1        for (i=0; i<BUFFER_LENGTH; i++)
  84   1        {
  85   2          UART_RX_BUF[i] = 0;
  86   2          uartRxCount = 0;
  87   2        }
  88   1      }


MODULE INFORMATION:   STATIC OVERLAYABLE
   CODE SIZE        =    260    ----
   CONSTANT SIZE    =   ----    ----
   XDATA SIZE       =    132       6
   PDATA SIZE       =   ----    ----
   DATA SIZE        =   ----    ----
   IDATA SIZE       =   ----    ----
   BIT SIZE         =      1    ----
   EDATA SIZE       =   ----    ----
   HDATA SIZE       =   ----    ----
   XDATA CONST SIZE =   ----    ----
   FAR CONST SIZE   =   ----    ----
END OF MODULE INFORMATION.


C51 COMPILATION COMPLETE.  0 WARNING(S),  0 ERROR(S)
