###############################################################################
#                                                                             #
# IAR C/C++ Compiler V8.10.3.10338/W32 for 8051         06/Sep/2018  17:08:28 #
# Copyright 2004-2011 IAR Systems AB.                                         #
#                                                                             #
#    Core               =  plain                                              #
#    Code model         =  banked                                             #
#    Data model         =  large                                              #
#    Calling convention =  xdata reentrant                                    #
#    Constant location  =  data_rom                                           #
#    Dptr setup         =  1,16                                               #
#    Source file        =  E:\AnleYang\selfwork\ZigBeePro\Projects\zstack\Sam #
#                          ples\SampleApp\Source\SampleApp.c                  #
#    Command line       =  -f E:\AnleYang\selfwork\ZigBeePro\Projects\zstack\ #
#                          Samples\SampleApp\CC2530DB\..\..\..\Tools\CC2530DB #
#                          \f8wEndev.cfg (-DCPU32MHZ -DROOT=__near_func       #
#                          -DMAC_CFG_TX_DATA_MAX=3 -DMAC_CFG_TX_MAX=6         #
#                          -DMAC_CFG_RX_MAX=3) -f E:\AnleYang\selfwork\ZigBee #
#                          Pro\Projects\zstack\Samples\SampleApp\CC2530DB\..\ #
#                          ..\..\Tools\CC2530DB\f8wConfig.cfg (-DZIGBEEPRO    #
#                          -DSECURE=0 -DZG_SECURE_DYNAMIC=0 -DREFLECTOR       #
#                          -DDEFAULT_CHANLIST=0x00000800                      #
#                          -DZDAPP_CONFIG_PAN_ID=0x1234                       #
#                          -DNWK_START_DELAY=100 -DEXTENDED_JOINING_RANDOM_MA #
#                          SK=0x007F -DBEACON_REQUEST_DELAY=100               #
#                          -DBEACON_REQ_DELAY_MASK=0x00FF                     #
#                          -DLINK_STATUS_JITTER_MASK=0x007F                   #
#                          -DROUTE_EXPIRY_TIME=30 -DAPSC_ACK_WAIT_DURATION_PO #
#                          LLED=3000 -DNWK_INDIRECT_MSG_TIMEOUT=7             #
#                          -DMAX_RREQ_ENTRIES=8 -DAPSC_MAX_FRAME_RETRIES=3    #
#                          -DNWK_MAX_DATA_RETRIES=2                           #
#                          -DMAX_POLL_FAILURE_RETRIES=2 -DMAX_BCAST=9         #
#                          -DAPS_MAX_GROUPS=16 -DMAX_RTG_ENTRIES=40           #
#                          -DNWK_MAX_BINDING_ENTRIES=4                        #
#                          -DMAX_BINDING_CLUSTER_IDS=4 "-DDEFAULT_KEY={0x01,  #
#                          0x03, 0x05, 0x07, 0x09, 0x0B, 0x0D, 0x0F, 0x00,    #
#                          0x02, 0x04, 0x06, 0x08, 0x0A, 0x0C, 0x0D}"         #
#                          -DMAC_MAX_FRAME_SIZE=116                           #
#                          -DZDNWKMGR_MIN_TRANSMISSIONS=20 "-DCONST=const     #
#                          __code" -DGENERIC=__generic                        #
#                          -DRFD_RCVC_ALWAYS_ON=FALSE -DPOLL_RATE=1000        #
#                          -DQUEUED_POLL_RATE=100 -DRESPONSE_POLL_RATE=100)   #
#                          -DREJOIN_POLL_RATE=440 E:\AnleYang\selfwork\ZigBee #
#                          Pro\Projects\zstack\Samples\SampleApp\Source\Sampl #
#                          eApp.c -D NWK_AUTO_POLL -D ZTOOL_P1 -D MT_TASK -D  #
#                          MT_SYS_FUNC -D MT_ZDO_FUNC -D LCD_SUPPORTED=DEBUG  #
#                          -lC E:\AnleYang\selfwork\ZigBeePro\Projects\zstack #
#                          \Samples\SampleApp\CC2530DB\EndDeviceEB\List\ -lA  #
#                          E:\AnleYang\selfwork\ZigBeePro\Projects\zstack\Sam #
#                          ples\SampleApp\CC2530DB\EndDeviceEB\List\          #
#                          --diag_suppress Pe001,Pa010 -o                     #
#                          E:\AnleYang\selfwork\ZigBeePro\Projects\zstack\Sam #
#                          ples\SampleApp\CC2530DB\EndDeviceEB\Obj\ -e        #
#                          --no_code_motion --debug --core=plain --dptr=16,1  #
#                          --data_model=large --code_model=banked             #
#                          --calling_convention=xdata_reentrant               #
#                          --place_constants=data_rom --nr_virtual_regs 16    #
#                          -I E:\AnleYang\selfwork\ZigBeePro\Projects\zstack\ #
#                          Samples\SampleApp\CC2530DB\ -I                     #
#                          E:\AnleYang\selfwork\ZigBeePro\Projects\zstack\Sam #
#                          ples\SampleApp\CC2530DB\..\Source\ -I              #
#                          E:\AnleYang\selfwork\ZigBeePro\Projects\zstack\Sam #
#                          ples\SampleApp\CC2530DB\..\..\..\ZMain\TI2530DB\   #
#                          -I E:\AnleYang\selfwork\ZigBeePro\Projects\zstack\ #
#                          Samples\SampleApp\CC2530DB\..\..\..\..\..\Componen #
#                          ts\hal\include\ -I E:\AnleYang\selfwork\ZigBeePro\ #
#                          Projects\zstack\Samples\SampleApp\CC2530DB\..\..\. #
#                          .\..\..\Components\hal\target\CC2530EB\ -I         #
#                          E:\AnleYang\selfwork\ZigBeePro\Projects\zstack\Sam #
#                          ples\SampleApp\CC2530DB\..\..\..\..\..\Components\ #
#                          mac\include\ -I E:\AnleYang\selfwork\ZigBeePro\Pro #
#                          jects\zstack\Samples\SampleApp\CC2530DB\..\..\..\. #
#                          .\..\Components\mac\high_level\ -I                 #
#                          E:\AnleYang\selfwork\ZigBeePro\Projects\zstack\Sam #
#                          ples\SampleApp\CC2530DB\..\..\..\..\..\Components\ #
#                          mac\low_level\srf04\ -I E:\AnleYang\selfwork\ZigBe #
#                          ePro\Projects\zstack\Samples\SampleApp\CC2530DB\.. #
#                          \..\..\..\..\Components\mac\low_level\srf04\single #
#                          _chip\ -I E:\AnleYang\selfwork\ZigBeePro\Projects\ #
#                          zstack\Samples\SampleApp\CC2530DB\..\..\..\..\..\C #
#                          omponents\mt\ -I E:\AnleYang\selfwork\ZigBeePro\Pr #
#                          ojects\zstack\Samples\SampleApp\CC2530DB\..\..\..\ #
#                          ..\..\Components\osal\include\ -I                  #
#                          E:\AnleYang\selfwork\ZigBeePro\Projects\zstack\Sam #
#                          ples\SampleApp\CC2530DB\..\..\..\..\..\Components\ #
#                          services\saddr\ -I E:\AnleYang\selfwork\ZigBeePro\ #
#                          Projects\zstack\Samples\SampleApp\CC2530DB\..\..\. #
#                          .\..\..\Components\services\sdata\ -I              #
#                          E:\AnleYang\selfwork\ZigBeePro\Projects\zstack\Sam #
#                          ples\SampleApp\CC2530DB\..\..\..\..\..\Components\ #
#                          stack\af\ -I E:\AnleYang\selfwork\ZigBeePro\Projec #
#                          ts\zstack\Samples\SampleApp\CC2530DB\..\..\..\..\. #
#                          .\Components\stack\nwk\ -I                         #
#                          E:\AnleYang\selfwork\ZigBeePro\Projects\zstack\Sam #
#                          ples\SampleApp\CC2530DB\..\..\..\..\..\Components\ #
#                          stack\sapi\ -I E:\AnleYang\selfwork\ZigBeePro\Proj #
#                          ects\zstack\Samples\SampleApp\CC2530DB\..\..\..\.. #
#                          \..\Components\stack\sec\ -I                       #
#                          E:\AnleYang\selfwork\ZigBeePro\Projects\zstack\Sam #
#                          ples\SampleApp\CC2530DB\..\..\..\..\..\Components\ #
#                          stack\sys\ -I E:\AnleYang\selfwork\ZigBeePro\Proje #
#                          cts\zstack\Samples\SampleApp\CC2530DB\..\..\..\..\ #
#                          ..\Components\stack\zdo\ -I                        #
#                          E:\AnleYang\selfwork\ZigBeePro\Projects\zstack\Sam #
#                          ples\SampleApp\CC2530DB\..\..\..\..\..\Components\ #
#                          zmac\ -I E:\AnleYang\selfwork\ZigBeePro\Projects\z #
#                          stack\Samples\SampleApp\CC2530DB\..\..\..\..\..\Co #
#                          mponents\zmac\f8w\ -Ohz --require_prototypes       #
#    List file          =  E:\AnleYang\selfwork\ZigBeePro\Projects\zstack\Sam #
#                          ples\SampleApp\CC2530DB\EndDeviceEB\List\SampleApp #
#                          .lst                                               #
#    Object file        =  E:\AnleYang\selfwork\ZigBeePro\Projects\zstack\Sam #
#                          ples\SampleApp\CC2530DB\EndDeviceEB\Obj\SampleApp. #
#                          r51                                                #
#                                                                             #
#                                                                             #
###############################################################################

E:\AnleYang\selfwork\ZigBeePro\Projects\zstack\Samples\SampleApp\Source\SampleApp.c
      1          #include "OSAL.h"
      2          #include "ZGlobals.h"
      3          #include "AF.h"
      4          #include "aps_groups.h"
      5          #include "ZDApp.h"
      6          
      7          #include "SampleApp.h"
      8          #include "SampleAppHw.h"
      9          
     10          #include "OnBoard.h"
     11          
     12          /* HAL */
     13          #include "hal_lcd.h"
     14          #include "hal_led.h"
     15          #include "hal_key.h"
     16          #include "MT_UART.h"
     17          #include "MT_APP.h"
     18          #include "MT.h"
     19          #include "DHT11.h"
     20          #include "hal_adc.h"
     21          
     22          #include "adc_sensor.h"
     23          #include "dig_sensor.h"
     24          #include "agreement.h"
     25          
     26          /*********************************************************************
     27           * MACROS
     28           */
     29          
     30          /*********************************************************************
     31           * CONSTANTS
     32           */
     33          
     34          /*********************************************************************
     35           * TYPEDEFS
     36           */
     37          
     38          /*********************************************************************
     39           * GLOBAL VARIABLES
     40           */

   \                                 In  segment XDATA_I, align 1, keep-with-next
     41          uint8 AppTitle[] = "ALD2530 DHT11"; //应用程序名称
   \                     AppTitle:
   \   000000                DS 14
   \   00000E                REQUIRE `?<Initializer for AppTitle>`
   \   00000E                REQUIRE __INIT_XDATA_I
     42          
     43          // This list should be filled with Application specific Cluster IDs.

   \                                 In  segment XDATA_ROM_C, align 1
     44          const cId_t SampleApp_ClusterList[SAMPLEAPP_MAX_CLUSTERS] =
   \                     SampleApp_ClusterList:
   \   000000   0100         DW 1
   \   000002   0200         DW 2
   \   000004   0300         DW 3
   \   000006   0400         DW 4
     45          {
     46            SAMPLEAPP_PERIODIC_CLUSTERID,
     47            SAMPLEAPP_FLASH_CLUSTERID,
     48            SAMPLEAPP_P2P_CLUSTERID,
     49            SAMPLEAPP_CMD_CLUSTERID
     50          };
     51          

   \                                 In  segment XDATA_ROM_C, align 1
     52          const SimpleDescriptionFormat_t SampleApp_SimpleDesc =
   \                     SampleApp_SimpleDesc:
   \   000000   14           DB 20
   \   000001   080F         DW 3848
   \   000003   0100         DW 1
   \   000005   00           DB 0
   \   000006   04           DB 4
   \   000007   ....         DW SampleApp_ClusterList
   \   000009   04           DB 4
   \   00000A   ....         DW SampleApp_ClusterList
     53          {
     54            SAMPLEAPP_ENDPOINT,              //  int Endpoint;
     55            SAMPLEAPP_PROFID,                //  uint16 AppProfId[2];
     56            SAMPLEAPP_DEVICEID,              //  uint16 AppDeviceId[2];
     57            SAMPLEAPP_DEVICE_VERSION,        //  int   AppDevVer:4;
     58            SAMPLEAPP_FLAGS,                 //  int   AppFlags:4;
     59            SAMPLEAPP_MAX_CLUSTERS,          //  uint8  AppNumInClusters;
     60            (cId_t *)SampleApp_ClusterList,  //  uint8 *pAppInClusterList;
     61            SAMPLEAPP_MAX_CLUSTERS,          //  uint8  AppNumInClusters;
     62            (cId_t *)SampleApp_ClusterList   //  uint8 *pAppInClusterList;
     63          };
     64          
     65          // This is the Endpoint/Interface description.  It is defined here, but
     66          // filled-in in SampleApp_Init().  Another way to go would be to fill
     67          // in the structure here and make it a "const" (in code space).  The
     68          // way it's defined in this sample app it is define in RAM.

   \                                 In  segment XDATA_Z, align 1, keep-with-next
     69          endPointDesc_t SampleApp_epDesc;
   \                     SampleApp_epDesc:
   \   000000                DS 6
   \   000006                REQUIRE __INIT_XDATA_Z
     70          
     71          /*********************************************************************
     72           * EXTERNAL VARIABLES
     73           */
     74          
     75          /*********************************************************************
     76           * EXTERNAL FUNCTIONS
     77           */
     78          
     79          /*********************************************************************
     80           * LOCAL VARIABLES
     81           */

   \                                 In  segment XDATA_Z, align 1, keep-with-next
     82          uint8 SampleApp_TaskID;   // Task ID for internal task/event processing
   \                     SampleApp_TaskID:
   \   000000                DS 1
   \   000001                REQUIRE __INIT_XDATA_Z
     83                                    // This variable will be received when
     84                                    // SampleApp_Init() is called.

   \                                 In  segment XDATA_Z, align 1, keep-with-next
     85          devStates_t SampleApp_NwkState;
   \                     SampleApp_NwkState:
   \   000000                DS 1
   \   000001                REQUIRE __INIT_XDATA_Z
     86          

   \                                 In  segment XDATA_Z, align 1, keep-with-next
     87          uint8 SampleApp_TransID;  // This is the unique message ID (counter)
   \                     SampleApp_TransID:
   \   000000                DS 1
   \   000001                REQUIRE __INIT_XDATA_Z
     88          

   \                                 In  segment XDATA_Z, align 1, keep-with-next
     89          afAddrType_t SampleApp_Periodic_DstAddr; //广播
   \                     SampleApp_Periodic_DstAddr:
   \   000000                DS 12
   \   00000C                REQUIRE __INIT_XDATA_Z

   \                                 In  segment XDATA_Z, align 1, keep-with-next
     90          afAddrType_t SampleApp_Flash_DstAddr;    //组播
   \                     SampleApp_Flash_DstAddr:
   \   000000                DS 12
   \   00000C                REQUIRE __INIT_XDATA_Z

   \                                 In  segment XDATA_Z, align 1, keep-with-next
     91          afAddrType_t SampleApp_P2P_DstAddr;      //点播
   \                     SampleApp_P2P_DstAddr:
   \   000000                DS 12
   \   00000C                REQUIRE __INIT_XDATA_Z

   \                                 In  segment XDATA_Z, align 1, keep-with-next
     92          afAddrType_t SampleApp_CMD_DstAddr;      //下发命令
   \                     SampleApp_CMD_DstAddr:
   \   000000                DS 12
   \   00000C                REQUIRE __INIT_XDATA_Z
     93          

   \                                 In  segment XDATA_Z, align 1, keep-with-next
     94          aps_Group_t SampleApp_Group;
   \                     SampleApp_Group:
   \   000000                DS 18
   \   000012                REQUIRE __INIT_XDATA_Z
     95          

   \                                 In  segment XDATA_Z, align 1, keep-with-next
     96          uint8 SampleAppPeriodicCounter = 0;
   \                     SampleAppPeriodicCounter:
   \   000000                DS 1
   \   000001                REQUIRE __INIT_XDATA_Z

   \                                 In  segment XDATA_Z, align 1, keep-with-next
     97          uint8 SampleAppFlashCounter = 0;
   \                     SampleAppFlashCounter:
   \   000000                DS 1
   \   000001                REQUIRE __INIT_XDATA_Z

   \                                 In  segment XDATA_I, align 1, keep-with-next
     98          agreementData sensorValue = {DATA_HEADH,DATA_HEADL,NWK_ZIGBEE,0,0,0,0,0,0,SENSOR_DATA_LENGTH,0,0,0,0,0,0,0,DATA_END};
   \                     sensorValue:
   \   000000                DS 18
   \   000012                REQUIRE `?<Initializer for sensorValue>`
   \   000012                REQUIRE __INIT_XDATA_I
     99          
    100          /*********************************************************************
    101           * LOCAL FUNCTIONS
    102           */
    103          void SampleApp_HandleKeys( uint8 shift, uint8 keys );
    104          void SampleApp_MessageMSGCB( afIncomingMSGPacket_t *pckt );
    105          void SampleApp_SendPeriodicMessage(void);
    106          void SampleApp_SendFlashMessage( uint16 flashTime );
    107          void SampleApp_Send_P2P_Message(int8 _SensorStyle, int8 _SenserIndex, int8 _SenserPositon, uint8 *_pData);
    108          void SampleApp_NwkP2PMsgProcessing(afIncomingMSGPacket_t * pkt);
    109          void SampleApp_NwkCMDMsgProcessing(afIncomingMSGPacket_t * pkt);
    110          //void Sensor_ProcessMTCB( uint8 *pckt);
    111          void SampleApp_Send_CMD_Message(uint8 *pBuf);
    112          /*********************************************************************
    113           * NETWORK LAYER CALLBACKS
    114           */
    115          
    116          /*********************************************************************
    117           * PUBLIC FUNCTIONS
    118           */
    119          
    120          /*********************************************************************
    121           * @fn      SampleApp_Init
    122           *
    123           * @brief   Initialization function for the Generic App Task.
    124           *          This is called during initialization and should contain
    125           *          any application specific initialization (ie. hardware
    126           *          initialization/setup, table initialization, power up
    127           *          notificaiton ... ).
    128           *
    129           * @param   task_id - the ID assigned by OSAL.  This ID should be
    130           *                    used to send messages and set timers.
    131           *
    132           * @return  none
    133           */

   \                                 In  segment BANKED_CODE, align 1, keep-with-next
    134          void SampleApp_Init( uint8 task_id )
   \                     SampleApp_Init:
    135          { 
   \   000000   74F5         MOV     A,#-0xb
   \   000002   12....       LCALL   ?BANKED_ENTER_XDATA
   \   000005                ; Saved register size: 11
   \   000005                ; Auto size: 0
   \   000005   E9           MOV     A,R1
    136            SampleApp_TaskID = task_id;
   \   000006   90....       MOV     DPTR,#SampleApp_TaskID
   \   000009   F0           MOVX    @DPTR,A
    137            SampleApp_NwkState = DEV_INIT;
   \   00000A   90....       MOV     DPTR,#SampleApp_NwkState
   \   00000D   7401         MOV     A,#0x1
   \   00000F   F0           MOVX    @DPTR,A
    138            SampleApp_TransID = 0;
   \   000010   90....       MOV     DPTR,#SampleApp_TransID
   \   000013   E4           CLR     A
   \   000014   F0           MOVX    @DPTR,A
    139            
    140            //MT_UartInit();                  //串口初始化
    141            //MT_UartRegisterTaskID(task_id); //注册串口任务
    142            MT_UartRegisterTaskID(SampleApp_TaskID);
   \   000015                ; Setup parameters for call to function MT_UartRegisterTaskID
   \   000015   12....       LCALL   ??MT_UartRegisterTaskID?relay
    143            
    144            //外设初始化
    145            InitDigSensor();
   \   000018                ; Setup parameters for call to function InitDigSensor
   \   000018   12....       LCALL   ??InitDigSensor?relay
    146            
    147            // Device hardware initialization can be added here or in main() (Zmain.c).
    148            // If the hardware is application specific - add it here.
    149            // If the hardware is other parts of the device add it in main().
    150          
    151           #if defined ( BUILD_ALL_DEVICES )
    152            // The "Demo" target is setup to have BUILD_ALL_DEVICES and HOLD_AUTO_START
    153            // We are looking at a jumper (defined in SampleAppHw.c) to be jumpered
    154            // together - if they are - we will start up a coordinator. Otherwise,
    155            // the device will start as a router.
    156            if ( readCoordinatorJumper() )
    157              zgDeviceLogicalType = ZG_DEVICETYPE_COORDINATOR;
    158            else
    159              zgDeviceLogicalType = ZG_DEVICETYPE_ROUTER;
    160          #endif // BUILD_ALL_DEVICES
    161          
    162          #if defined ( HOLD_AUTO_START )
    163            // HOLD_AUTO_START is a compile option that will surpress ZDApp
    164            //  from starting the device and wait for the application to
    165            //  start the device.
    166            ZDOInitDevice(0);
    167          #endif
    168          
    169            // Setup for the periodic message's destination address
    170            // Broadcast to everyone
    171            SampleApp_Periodic_DstAddr.addrMode = (afAddrMode_t)AddrBroadcast;
   \   00001B   90....       MOV     DPTR,#SampleApp_Periodic_DstAddr + 8
   \   00001E   740F         MOV     A,#0xf
   \   000020   12....       LCALL   ??Subroutine12_0 & 0xFFFF
    172            SampleApp_Periodic_DstAddr.endPoint = SAMPLEAPP_ENDPOINT;
    173            SampleApp_Periodic_DstAddr.addr.shortAddr = 0xFFFF;
   \                     ??CrossCallReturnLabel_20:
   \   000023   90....       MOV     DPTR,#SampleApp_Periodic_DstAddr
   \   000026   74FF         MOV     A,#-0x1
   \   000028   F0           MOVX    @DPTR,A
   \   000029   A3           INC     DPTR
   \   00002A   F0           MOVX    @DPTR,A
    174          
    175            // Setup for the flash command's destination address - Group 1
    176            SampleApp_Flash_DstAddr.addrMode = (afAddrMode_t)afAddrGroup;
   \   00002B   90....       MOV     DPTR,#SampleApp_Flash_DstAddr + 8
   \   00002E   7401         MOV     A,#0x1
   \   000030   12....       LCALL   ??Subroutine12_0 & 0xFFFF
    177            SampleApp_Flash_DstAddr.endPoint = SAMPLEAPP_ENDPOINT;
    178            SampleApp_Flash_DstAddr.addr.shortAddr = SAMPLEAPP_FLASH_GROUP;
   \                     ??CrossCallReturnLabel_21:
   \   000033   90....       MOV     DPTR,#SampleApp_Flash_DstAddr
   \   000036   7401         MOV     A,#0x1
   \   000038   F0           MOVX    @DPTR,A
   \   000039   A3           INC     DPTR
   \   00003A   E4           CLR     A
   \   00003B   F0           MOVX    @DPTR,A
    179            
    180            SampleApp_P2P_DstAddr.addrMode = (afAddrMode_t)Addr16Bit; //点播 
   \   00003C   90....       MOV     DPTR,#SampleApp_P2P_DstAddr + 8
   \   00003F   12....       LCALL   ?Subroutine4 & 0xFFFF
    181            SampleApp_P2P_DstAddr.endPoint = SAMPLEAPP_ENDPOINT; 
    182            SampleApp_P2P_DstAddr.addr.shortAddr = 0x0000;            //发给协调器
   \                     ??CrossCallReturnLabel_18:
   \   000042   90....       MOV     DPTR,#SampleApp_P2P_DstAddr
   \   000045   E4           CLR     A
   \   000046   F0           MOVX    @DPTR,A
   \   000047   A3           INC     DPTR
   \   000048   F0           MOVX    @DPTR,A
    183          
    184            // Fill out the endpoint description.
    185            SampleApp_epDesc.endPoint = SAMPLEAPP_ENDPOINT;
   \   000049   90....       MOV     DPTR,#SampleApp_epDesc
   \   00004C   7414         MOV     A,#0x14
   \   00004E   F0           MOVX    @DPTR,A
    186            SampleApp_epDesc.task_id = &SampleApp_TaskID;
   \   00004F   A3           INC     DPTR
   \   000050   74..         MOV     A,#SampleApp_TaskID & 0xff
   \   000052   F0           MOVX    @DPTR,A
   \   000053   A3           INC     DPTR
   \   000054   74..         MOV     A,#(SampleApp_TaskID >> 8) & 0xff
   \   000056   F0           MOVX    @DPTR,A
    187            SampleApp_epDesc.simpleDesc
    188                      = (SimpleDescriptionFormat_t *)&SampleApp_SimpleDesc;
   \   000057   A3           INC     DPTR
   \   000058   74..         MOV     A,#SampleApp_SimpleDesc & 0xff
   \   00005A   F0           MOVX    @DPTR,A
   \   00005B   A3           INC     DPTR
   \   00005C   74..         MOV     A,#(SampleApp_SimpleDesc >> 8) & 0xff
   \   00005E   F0           MOVX    @DPTR,A
    189            SampleApp_epDesc.latencyReq = noLatencyReqs;
   \   00005F   A3           INC     DPTR
   \   000060   E4           CLR     A
   \   000061   F0           MOVX    @DPTR,A
    190          
    191            // Register the endpoint description with the AF
    192            afRegister( &SampleApp_epDesc );
   \   000062                ; Setup parameters for call to function afRegister
   \   000062   7A..         MOV     R2,#SampleApp_epDesc & 0xff
   \   000064   7B..         MOV     R3,#(SampleApp_epDesc >> 8) & 0xff
   \   000066   12....       LCALL   ??afRegister?relay
    193          
    194            // Register for all key events - This app will handle all key events
    195            RegisterForKeys( SampleApp_TaskID );
   \   000069                ; Setup parameters for call to function RegisterForKeys
   \   000069   90....       MOV     DPTR,#SampleApp_TaskID
   \   00006C   E0           MOVX    A,@DPTR
   \   00006D   F9           MOV     R1,A
   \   00006E   12....       LCALL   ??RegisterForKeys?relay
    196          
    197            // By default, all devices start out in Group 1
    198            SampleApp_Group.ID = 0x0001;
   \   000071   90....       MOV     DPTR,#SampleApp_Group
   \   000074   7401         MOV     A,#0x1
   \   000076   F0           MOVX    @DPTR,A
   \   000077   A3           INC     DPTR
   \   000078   E4           CLR     A
   \   000079   F0           MOVX    @DPTR,A
    199            osal_memcpy( SampleApp_Group.name, "Group 1", 7 );
   \   00007A                ; Setup parameters for call to function osal_memcpy
   \   00007A   75....       MOV     ?V0 + 0,#`?<Constant "Group 1">` & 0xff
   \   00007D   75....       MOV     ?V0 + 1,#(`?<Constant "Group 1">` >> 8) & 0xff
   \   000080   F5..         MOV     ?V0 + 2,A
   \   000082   78..         MOV     R0,#?V0 + 0
   \   000084   12....       LCALL   ?PUSH_XSTACK_I_THREE
   \   000087   7C07         MOV     R4,#0x7
   \   000089   7D00         MOV     R5,#0x0
   \   00008B   7A..         MOV     R2,#(SampleApp_Group + 2) & 0xff
   \   00008D   7B..         MOV     R3,#((SampleApp_Group + 2) >> 8) & 0xff
   \   00008F   12....       LCALL   ??osal_memcpy?relay
   \   000092   7403         MOV     A,#0x3
   \   000094   12....       LCALL   ?DEALLOC_XSTACK8
    200            aps_AddGroup( SAMPLEAPP_ENDPOINT, &SampleApp_Group );
   \   000097                ; Setup parameters for call to function aps_AddGroup
   \   000097   7A..         MOV     R2,#SampleApp_Group & 0xff
   \   000099   7B..         MOV     R3,#(SampleApp_Group >> 8) & 0xff
   \   00009B   7914         MOV     R1,#0x14
   \   00009D   12....       LCALL   ??aps_AddGroup?relay
    201            
    202          #if defined ( LCD_SUPPORTED )
    203            HalLcdWriteString( "SampleApp", HAL_LCD_LINE_1 );
   \   0000A0                ; Setup parameters for call to function HalLcdWriteString
   \   0000A0   7900         MOV     R1,#0x0
   \   0000A2   7A..         MOV     R2,#`?<Constant "SampleApp">` & 0xff
   \   0000A4   7B..         MOV     R3,#(`?<Constant "SampleApp">` >> 8) & 0xff
   \   0000A6   12....       LCALL   ??HalLcdWriteString?relay
    204          #endif
    205          }
   \   0000A9                REQUIRE ?Subroutine0
   \   0000A9                ; // Fall through to label ?Subroutine0

   \                                 In  segment BANKED_CODE, align 1, keep-with-next
   \                     ?Subroutine0:
   \   000000   7F03         MOV     R7,#0x3
   \   000002   02....       LJMP    ?BANKED_LEAVE_XDATA

   \                                 In  segment BANKED_CODE, align 1, keep-with-next
   \                     ?Subroutine4:
   \   000000   7402         MOV     A,#0x2
   \   000002                REQUIRE ??Subroutine12_0
   \   000002                ; // Fall through to label ??Subroutine12_0

   \                                 In  segment BANKED_CODE, align 1, keep-with-next
   \                     ??Subroutine12_0:
   \   000000   F0           MOVX    @DPTR,A
   \   000001   A3           INC     DPTR
   \   000002   7414         MOV     A,#0x14
   \   000004   F0           MOVX    @DPTR,A
   \   000005   22           RET
    206          
    207          /*********************************************************************
    208           * @fn      SampleApp_ProcessEvent
    209           *
    210           * @brief   Generic Application Task event processor.  This function
    211           *          is called to process all events for the task.  Events
    212           *          include timers, messages and any other user defined events.
    213           *
    214           * @param   task_id  - The OSAL assigned task ID.
    215           * @param   events - events to process.  This is a bit map and can
    216           *                   contain more than one event.
    217           *
    218           * @return  none
    219           */

   \                                 In  segment BANKED_CODE, align 1, keep-with-next
    220          uint16 SampleApp_ProcessEvent( uint8 task_id, uint16 events )
   \                     SampleApp_ProcessEvent:
    221          {
   \   000000   74F4         MOV     A,#-0xc
   \   000002   12....       LCALL   ?BANKED_ENTER_XDATA
   \   000005                ; Saved register size: 12
   \   000005                ; Auto size: 4
   \   000005   74FC         MOV     A,#-0x4
   \   000007   12....       LCALL   ?ALLOC_XSTACK8
   \   00000A   EA           MOV     A,R2
   \   00000B   FE           MOV     R6,A
   \   00000C   EB           MOV     A,R3
   \   00000D   FF           MOV     R7,A
    222            afIncomingMSGPacket_t *MSGpkt;
    223            
    224            (void)task_id;  // Intentionally unreferenced parameter
    225            
    226            uint8 sdata[4] = {0};
   \   00000E   85..82       MOV     DPL,?XSP + 0
   \   000011   85..83       MOV     DPH,?XSP + 1
   \   000014   AC82         MOV     R4,DPL
   \   000016   AD83         MOV     R5,DPH
   \   000018   7583..       MOV     DPH,#(`?<Constant {0}>` >> 8) & 0xff
   \   00001B   7582..       MOV     DPL,#`?<Constant {0}>` & 0xff
   \   00001E   7404         MOV     A,#0x4
   \   000020   12....       LCALL   ?MOVE_LONG8_XDATA_XDATA
    227            uint16 gasvalue = 0;
                          ^
Warning[Pe177]: variable "gasvalue" was declared but never referenced
    228            
    229            if ( events & SYS_EVENT_MSG )
   \   000023   EF           MOV     A,R7
   \   000024   5480         ANL     A,#0x80
   \   000026   7003         JNZ     $+5
   \   000028   02....       LJMP    ??SampleApp_ProcessEvent_0 & 0xFFFF
    230            {
    231              MSGpkt = (afIncomingMSGPacket_t *)osal_msg_receive( SampleApp_TaskID );
   \   00002B                ; Setup parameters for call to function osal_msg_receive
   \   00002B   8026         SJMP    ??SampleApp_ProcessEvent_1
    232              while ( MSGpkt )
    233              {
    234                switch ( MSGpkt->hdr.event )
    235                {
    236                  // Received when a key is pressed
    237                  case KEY_CHANGE:
    238                    SampleApp_HandleKeys( ((keyChange_t *)MSGpkt)->state, ((keyChange_t *)MSGpkt)->keys );
    239                    break;
    240          
    241                  // Received when a messages is received (OTA) for this endpoint
    242                  case AF_INCOMING_MSG_CMD:
    243                    SampleApp_MessageMSGCB( MSGpkt );
    244                    break;
    245          	case CMD_SERIAL_MSG_0: 
    246                    //HalUARTWrite(1, ((mtOSALSerialData_t *)MSGpkt)->msg, 18); 
    247                    SampleApp_Send_CMD_Message( ((mtOSALSerialData_t*)MSGpkt)->msg );
    248                    break;
    249                  case CMD_SERIAL_MSG_1:
    250                    //HalUARTWrite(1, sdata, 4); 
    251                    //Sensor_ProcessMTCB( (mtOSALSerialData_t*)MSGpkt );
    252                    break;
    253                  // Received whenever the device changes state in the network
    254                  case ZDO_STATE_CHANGE:
    255                    SampleApp_NwkState = (devStates_t)(MSGpkt->hdr.status);
   \                     ??SampleApp_ProcessEvent_2:
   \   00002D   A3           INC     DPTR
   \   00002E   E0           MOVX    A,@DPTR
   \   00002F   90....       MOV     DPTR,#SampleApp_NwkState
   \   000032   F0           MOVX    @DPTR,A
    256                    if ( //(SampleApp_NwkState == DEV_ZB_COORD) ||
    257                           (SampleApp_NwkState == DEV_ROUTER)
    258                        || (SampleApp_NwkState == DEV_END_DEVICE) )
   \   000033   6407         XRL     A,#0x7
   \   000035   6005         JZ      ??SampleApp_ProcessEvent_3
   \   000037   E0           MOVX    A,@DPTR
   \   000038   6406         XRL     A,#0x6
   \   00003A   7010         JNZ     ??SampleApp_ProcessEvent_4
    259                    {
    260                      // Start sending the periodic message in a regular interval.
    261                      osal_start_timerEx( SampleApp_TaskID,
    262                                        SAMPLEAPP_SEND_PERIODIC_MSG_EVT,
    263                                        SAMPLEAPP_SEND_PERIODIC_MSG_TIMEOUT );
   \                     ??SampleApp_ProcessEvent_3:
   \   00003C                ; Setup parameters for call to function osal_start_timerEx
   \   00003C   7CD0         MOV     R4,#-0x30
   \   00003E   7D07         MOV     R5,#0x7
   \   000040   7A01         MOV     R2,#0x1
   \   000042   7B00         MOV     R3,#0x0
   \   000044   90....       MOV     DPTR,#SampleApp_TaskID
   \   000047   E0           MOVX    A,@DPTR
   \   000048   F9           MOV     R1,A
   \   000049   12....       LCALL   ??osal_start_timerEx?relay
    264                    }
    265                    else
    266                    {
    267                      // Device is no longer in the network
    268                    }
    269                    break;
    270          
    271                  default:
    272                    break;
    273                }
    274          
    275                // Release the memory
    276                osal_msg_deallocate( (uint8 *)MSGpkt );
   \                     ??SampleApp_ProcessEvent_4:
   \   00004C                ; Setup parameters for call to function osal_msg_deallocate
   \   00004C   AA..         MOV     R2,?V0 + 0
   \   00004E   AB..         MOV     R3,?V0 + 1
   \   000050   12....       LCALL   ??osal_msg_deallocate?relay
    277          
    278                // Next - if one is available
    279                MSGpkt = (afIncomingMSGPacket_t *)osal_msg_receive( SampleApp_TaskID );
   \   000053                ; Setup parameters for call to function osal_msg_receive
   \                     ??SampleApp_ProcessEvent_1:
   \   000053   90....       MOV     DPTR,#SampleApp_TaskID
   \   000056   E0           MOVX    A,@DPTR
   \   000057   F9           MOV     R1,A
   \   000058   12....       LCALL   ??osal_msg_receive?relay
   \   00005B   8A..         MOV     ?V0 + 0,R2
   \   00005D   8B..         MOV     ?V0 + 1,R3
   \   00005F   E5..         MOV     A,?V0 + 0
   \   000061   45..         ORL     A,?V0 + 1
   \   000063   6041         JZ      ??SampleApp_ProcessEvent_5
   \   000065   85..82       MOV     DPL,?V0 + 0
   \   000068   85..83       MOV     DPH,?V0 + 1
   \   00006B   E0           MOVX    A,@DPTR
   \   00006C   14           DEC     A
   \   00006D   602B         JZ      ??SampleApp_ProcessEvent_6
   \   00006F   24E7         ADD     A,#-0x19
   \   000071   601E         JZ      ??SampleApp_ProcessEvent_7
   \   000073   245A         ADD     A,#0x5a
   \   000075   6006         JZ      ??SampleApp_ProcessEvent_8
   \   000077   24EF         ADD     A,#-0x11
   \   000079   60B2         JZ      ??SampleApp_ProcessEvent_2
   \   00007B   80CF         SJMP    ??SampleApp_ProcessEvent_4
   \                     ??SampleApp_ProcessEvent_8:
   \   00007D                ; Setup parameters for call to function SampleApp_HandleKeys
   \   00007D   A3           INC     DPTR
   \   00007E   A3           INC     DPTR
   \   00007F   A3           INC     DPTR
   \   000080   E0           MOVX    A,@DPTR
   \   000081   FA           MOV     R2,A
   \   000082   85..82       MOV     DPL,?V0 + 0
   \   000085   85..83       MOV     DPH,?V0 + 1
   \   000088   A3           INC     DPTR
   \   000089   A3           INC     DPTR
   \   00008A   E0           MOVX    A,@DPTR
   \   00008B   F9           MOV     R1,A
   \   00008C   12....       LCALL   ??SampleApp_HandleKeys?relay
   \   00008F   80BB         SJMP    ??SampleApp_ProcessEvent_4
   \                     ??SampleApp_ProcessEvent_7:
   \   000091                ; Setup parameters for call to function SampleApp_MessageMSGCB
   \   000091   AA..         MOV     R2,?V0 + 0
   \   000093   AB..         MOV     R3,?V0 + 1
   \   000095   12....       LCALL   ??SampleApp_MessageMSGCB?relay
   \   000098   80B2         SJMP    ??SampleApp_ProcessEvent_4
   \                     ??SampleApp_ProcessEvent_6:
   \   00009A                ; Setup parameters for call to function SampleApp_Send_CMD_Message
   \   00009A   A3           INC     DPTR
   \   00009B   A3           INC     DPTR
   \   00009C   E0           MOVX    A,@DPTR
   \   00009D   FA           MOV     R2,A
   \   00009E   A3           INC     DPTR
   \   00009F   E0           MOVX    A,@DPTR
   \   0000A0   FB           MOV     R3,A
   \   0000A1   12....       LCALL   ??SampleApp_Send_CMD_Message?relay
   \   0000A4   80A6         SJMP    ??SampleApp_ProcessEvent_4
    280              }
    281          
    282              // return unprocessed events
    283              return (events ^ SYS_EVENT_MSG);
   \                     ??SampleApp_ProcessEvent_5:
   \   0000A6   EE           MOV     A,R6
   \   0000A7   FA           MOV     R2,A
   \   0000A8   EF           MOV     A,R7
   \   0000A9   6480         XRL     A,#0x80
   \                     ??SampleApp_ProcessEvent_9:
   \   0000AB   FB           MOV     R3,A
   \   0000AC   805D         SJMP    ??SampleApp_ProcessEvent_10
    284            }
    285          
    286            // Send a message out - This event is generated by a timer
    287            //  (setup in SampleApp_Init()).
    288            if ( events & SAMPLEAPP_SEND_PERIODIC_MSG_EVT )
   \                     ??SampleApp_ProcessEvent_0:
   \   0000AE   EE           MOV     A,R6
   \   0000AF   A2E0         MOV     C,0xE0 /* A   */.0
   \   0000B1   5054         JNC     ??SampleApp_ProcessEvent_11
    289            {
    290              // Send the periodic message
    291              //SampleApp_SendPeriodicMessage();
    292              
    293          #ifdef DEVICE_LIGHT //光照传感器
    294            sdata[0] = 0;
    295            sdata[1] = 0;
    296            sdata[2] = 0;
    297            sdata[3] = GetLightData();
    298            SampleApp_Send_P2P_Message(DEVICE_LIGHT, 0, 0, sdata);
    299          #endif
    300          #ifdef DEVICE_GAS_MQ135 //污染传感器
    301            gasvalue = ReadGasData();
    302            sdata[0] = 0;
    303            sdata[1] = 0;
    304            sdata[2] = gasvalue>>8;//高位
    305            sdata[3] = gasvalue;//低位
    306            SampleApp_Send_P2P_Message(DEVICE_GAS_MQ135, 0, 0, sdata);
    307          #endif
    308          #ifdef DEVICE_HT11 //温湿度
    309            GetHt11Value();
    310            sdata[0] = temp>>8;
    311            sdata[1] = temp;
    312            sdata[2] = humi>>8;
    313            sdata[3] = humi;
    314            SampleApp_Send_P2P_Message(DEVICE_HT11, 0, 0, sdata);
    315          #endif    
    316          #ifdef DEVICE_RELAY_ONE //风扇
    317            sdata[0] = 0;
    318            sdata[1] = 0;
    319            sdata[2] = 0;
    320            sdata[3] = relay_one_value;
    321            SampleApp_Send_P2P_Message(DEVICE_RELAY_ONE, 0, 0, sdata);
    322          #endif    
    323          #ifdef DEVICE_RELAY_TWO //灯光
    324            sdata[0] = 0;
   \   0000B3   85..82       MOV     DPL,?XSP + 0
   \   0000B6   85..83       MOV     DPH,?XSP + 1
   \   0000B9   E4           CLR     A
   \   0000BA   F0           MOVX    @DPTR,A
    325            sdata[1] = 0;
   \   0000BB   04           INC     A
   \   0000BC   12....       LCALL   ?XSTACK_DISP0_8
   \   0000BF   E4           CLR     A
   \   0000C0   F0           MOVX    @DPTR,A
    326            sdata[2] = 0;
   \   0000C1   7402         MOV     A,#0x2
   \   0000C3   12....       LCALL   ?XSTACK_DISP0_8
   \   0000C6   E4           CLR     A
   \   0000C7   F0           MOVX    @DPTR,A
    327            sdata[3] = relay_two_value;
   \   0000C8   90....       MOV     DPTR,#relay_two_value
   \   0000CB   E0           MOVX    A,@DPTR
   \   0000CC   C0E0         PUSH    A
   \   0000CE   7403         MOV     A,#0x3
   \   0000D0   12....       LCALL   ?XSTACK_DISP0_8
   \   0000D3   D0E0         POP     A
   \   0000D5   F0           MOVX    @DPTR,A
    328            SampleApp_Send_P2P_Message(DEVICE_RELAY_TWO, 0, 0, sdata);
   \   0000D6                ; Setup parameters for call to function SampleApp_Send_P2P_Message
   \   0000D6   85..82       MOV     DPL,?XSP + 0
   \   0000D9   85..83       MOV     DPH,?XSP + 1
   \   0000DC   AC82         MOV     R4,DPL
   \   0000DE   AD83         MOV     R5,DPH
   \   0000E0   7B00         MOV     R3,#0x0
   \   0000E2   7A00         MOV     R2,#0x0
   \   0000E4   7911         MOV     R1,#0x11
   \   0000E6   12....       LCALL   ??SampleApp_Send_P2P_Message?relay
    329          #endif    
    330           
    331              // Setup to send message again in normal period (+ a little jitter)
    332              osal_start_timerEx( SampleApp_TaskID, SAMPLEAPP_SEND_PERIODIC_MSG_EVT,
    333                  (SAMPLEAPP_SEND_PERIODIC_MSG_TIMEOUT + (osal_rand() & 0x00FF)) );
   \   0000E9                ; Setup parameters for call to function osal_rand
   \   0000E9   12....       LCALL   ??osal_rand?relay
   \   0000EC                ; Setup parameters for call to function osal_start_timerEx
   \   0000EC   EA           MOV     A,R2
   \   0000ED   24D0         ADD     A,#-0x30
   \   0000EF   FC           MOV     R4,A
   \   0000F0   E4           CLR     A
   \   0000F1   3407         ADDC    A,#0x7
   \   0000F3   FD           MOV     R5,A
   \   0000F4   7A01         MOV     R2,#0x1
   \   0000F6   7B00         MOV     R3,#0x0
   \   0000F8   90....       MOV     DPTR,#SampleApp_TaskID
   \   0000FB   E0           MOVX    A,@DPTR
   \   0000FC   F9           MOV     R1,A
   \   0000FD   12....       LCALL   ??osal_start_timerEx?relay
    334          
    335              // return unprocessed events
    336              return (events ^ SAMPLEAPP_SEND_PERIODIC_MSG_EVT);
   \   000100   EE           MOV     A,R6
   \   000101   6401         XRL     A,#0x1
   \   000103   FA           MOV     R2,A
   \   000104   EF           MOV     A,R7
   \   000105   80A4         SJMP    ??SampleApp_ProcessEvent_9
    337            }
    338          
    339            // Discard unknown events
    340            return 0;
   \                     ??SampleApp_ProcessEvent_11:
   \   000107   7A00         MOV     R2,#0x0
   \   000109   7B00         MOV     R3,#0x0
   \                     ??SampleApp_ProcessEvent_10:
   \   00010B   7404         MOV     A,#0x4
   \   00010D   12....       LCALL   ?DEALLOC_XSTACK8
   \   000110   7F04         MOV     R7,#0x4
   \   000112   02....       LJMP    ?BANKED_LEAVE_XDATA
    341          }
    342          
    343          /*********************************************************************
    344           * Event Generation Functions
    345           */
    346          /*********************************************************************
    347           * @fn      SampleApp_HandleKeys
    348           *
    349           * @brief   Handles all key events for this device.
    350           *
    351           * @param   shift - true if in shift/alt.
    352           * @param   keys - bit field for key events. Valid entries:
    353           *                 HAL_KEY_SW_2
    354           *                 HAL_KEY_SW_1
    355           *
    356           * @return  none
    357           */

   \                                 In  segment BANKED_CODE, align 1, keep-with-next
    358          void SampleApp_HandleKeys( uint8 shift, uint8 keys )
   \                     SampleApp_HandleKeys:
    359          {
   \   000000   74F6         MOV     A,#-0xa
   \   000002   12....       LCALL   ?BANKED_ENTER_XDATA
   \   000005                ; Saved register size: 10
   \   000005                ; Auto size: 0
   \   000005   EA           MOV     A,R2
   \   000006   FE           MOV     R6,A
    360            (void)shift;  // Intentionally unreferenced parameter
    361            
    362            if ( keys & HAL_KEY_SW_1 )
   \   000007   A2E0         MOV     C,0xE0 /* A   */.0
   \   000009   5007         JNC     ??SampleApp_HandleKeys_0
    363            {
    364              /* This key sends the Flash Command is sent to Group 1.
    365               * This device will not receive the Flash Command from this
    366               * device (even if it belongs to group 1).
    367               */
    368              SampleApp_SendFlashMessage( SAMPLEAPP_FLASH_DURATION );
   \   00000B                ; Setup parameters for call to function SampleApp_SendFlashMessage
   \   00000B   7AE8         MOV     R2,#-0x18
   \   00000D   7B03         MOV     R3,#0x3
   \   00000F   12....       LCALL   ??SampleApp_SendFlashMessage?relay
    369            }
    370          
    371            if ( keys & HAL_KEY_SW_2 )
   \                     ??SampleApp_HandleKeys_0:
   \   000012   EE           MOV     A,R6
   \   000013   A2E1         MOV     C,0xE0 /* A   */.1
   \   000015   5024         JNC     ??SampleApp_HandleKeys_1
    372            {
    373              /* The Flashr Command is sent to Group 1.
    374               * This key toggles this device in and out of group 1.
    375               * If this device doesn't belong to group 1, this application
    376               * will not receive the Flash command sent to group 1.
    377               */
    378              aps_Group_t *grp;
    379              grp = aps_FindGroup( SAMPLEAPP_ENDPOINT, SAMPLEAPP_FLASH_GROUP );
    380              if ( grp )
   \   000017                ; Setup parameters for call to function aps_FindGroup
   \   000017   7A01         MOV     R2,#0x1
   \   000019   7B00         MOV     R3,#0x0
   \   00001B   7914         MOV     R1,#0x14
   \   00001D   12....       LCALL   ??aps_FindGroup?relay
   \   000020   8B..         MOV     ?V0 + 1,R3
   \   000022   EA           MOV     A,R2
   \   000023   45..         ORL     A,?V0 + 1
   \   000025   600B         JZ      ??SampleApp_HandleKeys_2
    381              {
    382                // Remove from the group
    383                aps_RemoveGroup( SAMPLEAPP_ENDPOINT, SAMPLEAPP_FLASH_GROUP );
   \   000027                ; Setup parameters for call to function aps_RemoveGroup
   \   000027   7A01         MOV     R2,#0x1
   \   000029   7B00         MOV     R3,#0x0
   \   00002B   7914         MOV     R1,#0x14
   \   00002D   12....       LCALL   ??aps_RemoveGroup?relay
   \   000030   8009         SJMP    ??SampleApp_HandleKeys_1
    384              }
    385              else
    386              {
    387                // Add to the flash group
    388                aps_AddGroup( SAMPLEAPP_ENDPOINT, &SampleApp_Group );
   \                     ??SampleApp_HandleKeys_2:
   \   000032                ; Setup parameters for call to function aps_AddGroup
   \   000032   7A..         MOV     R2,#SampleApp_Group & 0xff
   \   000034   7B..         MOV     R3,#(SampleApp_Group >> 8) & 0xff
   \   000036   7914         MOV     R1,#0x14
   \   000038   12....       LCALL   ??aps_AddGroup?relay
    389              }
    390            }
    391          }
   \                     ??SampleApp_HandleKeys_1:
   \   00003B   80..         SJMP    ??Subroutine11_0

   \                                 In  segment BANKED_CODE, align 1, keep-with-next
   \                     ??Subroutine11_0:
   \   000000   7F02         MOV     R7,#0x2
   \   000002   02....       LJMP    ?BANKED_LEAVE_XDATA
    392          
    393          /*********************************************************************
    394           * LOCAL FUNCTIONS
    395           */
    396          
    397          /*********************************************************************
    398           * @fn      SampleApp_MessageMSGCB
    399           *
    400           * @brief   Data message processor callback.  This function processes
    401           *          any incoming data - probably from other devices.  So, based
    402           *          on cluster ID, perform the intended action.
    403           *
    404           * @param   none
    405           *
    406           * @return  none
    407           */

   \                                 In  segment BANKED_CODE, align 1, keep-with-next
    408          void SampleApp_MessageMSGCB( afIncomingMSGPacket_t *pkt )
   \                     SampleApp_MessageMSGCB:
    409          {
   \   000000   74F6         MOV     A,#-0xa
   \   000002   12....       LCALL   ?BANKED_ENTER_XDATA
   \   000005                ; Saved register size: 10
   \   000005                ; Auto size: 0
    410            uint16 flashTime;
    411          
    412            switch ( pkt->clusterId )
   \   000005   8A82         MOV     DPL,R2
   \   000007   8B83         MOV     DPH,R3
   \   000009   A3           INC     DPTR
   \   00000A   A3           INC     DPTR
   \   00000B   A3           INC     DPTR
   \   00000C   A3           INC     DPTR
   \   00000D   E0           MOVX    A,@DPTR
   \   00000E   F5..         MOV     ?V0 + 0,A
   \   000010   A3           INC     DPTR
   \   000011   E0           MOVX    A,@DPTR
   \   000012   F5..         MOV     ?V0 + 1,A
   \   000014   78..         MOV     R0,#?V0 + 0
   \   000016   12....       LCALL   ?US_SWITCH_DENSE
   \                     `?<Jumptable for SampleApp_MessageMSGCB>_0`:
   \   000019   0200         DW        2
   \   00001B   02           DB        2
   \   00001C   ....         DW        ??SampleApp_MessageMSGCB_0
   \   00001E   ....         DW        ??SampleApp_MessageMSGCB_1
   \   000020   ....         DW        ??SampleApp_MessageMSGCB_2
   \   000022   ....         DW        ??SampleApp_MessageMSGCB_3
    413            {
    414              case SAMPLEAPP_P2P_CLUSTERID: //传感器数据上报
    415                SampleApp_NwkP2PMsgProcessing(pkt);
   \                     ??SampleApp_MessageMSGCB_2:
   \   000024                ; Setup parameters for call to function SampleApp_NwkP2PMsgProcessing
   \   000024   12....       LCALL   ??SampleApp_NwkP2PMsgProcessing?relay
    416                break;    
   \   000027   8030         SJMP    ??SampleApp_MessageMSGCB_0
    417              case  SAMPLEAPP_PERIODIC_CLUSTERID: 
    418                break;    
    419              case  SAMPLEAPP_CMD_CLUSTERID: //协调器命令下发
    420                SampleApp_NwkCMDMsgProcessing(pkt);
   \                     ??SampleApp_MessageMSGCB_3:
   \   000029                ; Setup parameters for call to function SampleApp_NwkCMDMsgProcessing
   \   000029   12....       LCALL   ??SampleApp_NwkCMDMsgProcessing?relay
    421                break;
   \   00002C   802B         SJMP    ??SampleApp_MessageMSGCB_0
    422              case SAMPLEAPP_FLASH_CLUSTERID:
    423                flashTime = BUILD_UINT16(pkt->cmd.Data[1], pkt->cmd.Data[2] );
    424                HalLedBlink( HAL_LED_4, 4, 50, (flashTime / 4) );
   \                     ??SampleApp_MessageMSGCB_1:
   \   00002E   12....       LCALL   ?Subroutine6 & 0xFFFF
   \                     ??CrossCallReturnLabel_7:
   \   000031   A3           INC     DPTR
   \   000032   E0           MOVX    A,@DPTR
   \   000033   FA           MOV     R2,A
   \   000034   8882         MOV     DPL,R0
   \   000036   8983         MOV     DPH,R1
   \   000038   A3           INC     DPTR
   \   000039   A3           INC     DPTR
   \   00003A   E0           MOVX    A,@DPTR
   \   00003B   F9           MOV     R1,A
   \   00003C   EA           MOV     A,R2
   \   00003D   2400         ADD     A,#0x0
   \   00003F   F5..         MOV     ?V0 + 0,A
   \   000041   E4           CLR     A
   \   000042   39           ADDC    A,R1
   \   000043   F5..         MOV     ?V0 + 1,A
   \   000045   7402         MOV     A,#0x2
   \   000047   78..         MOV     R0,#?V0 + 0
   \   000049   12....       LCALL   ?US_SHR
   \   00004C   AC..         MOV     R4,?V0 + 0
   \   00004E   AD..         MOV     R5,?V0 + 1
   \   000050   7B32         MOV     R3,#0x32
   \   000052   7A04         MOV     R2,#0x4
   \   000054   7908         MOV     R1,#0x8
   \   000056   12....       LCALL   ??HalLedBlink?relay
    425                break;
    426            }
    427          }
   \                     ??SampleApp_MessageMSGCB_0:
   \   000059   80..         SJMP    ??Subroutine11_0

   \                                 In  segment BANKED_CODE, align 1, keep-with-next
   \                     ?Subroutine6:
   \   000000   EA           MOV     A,R2
   \   000001   2422         ADD     A,#0x22
   \   000003   F582         MOV     DPL,A
   \   000005   EB           MOV     A,R3
   \   000006   3400         ADDC    A,#0x0
   \   000008   F583         MOV     DPH,A
   \   00000A   E0           MOVX    A,@DPTR
   \   00000B   F8           MOV     R0,A
   \   00000C   A3           INC     DPTR
   \   00000D   E0           MOVX    A,@DPTR
   \   00000E   F9           MOV     R1,A
   \   00000F                ; Setup parameters for call to function HalLedBlink
   \   00000F   8882         MOV     DPL,R0
   \   000011   8983         MOV     DPH,R1
   \   000013   22           RET
    428          
    429          /*********************************************************************
    430           * @fn      SampleApp_SendPeriodicMessage
    431           *
    432           * @brief   Send the periodic message.
    433           *
    434           * @param   none
    435           *
    436           * @return  none
    437           */

   \                                 In  segment BANKED_CODE, align 1, keep-with-next
   \                     ?Subroutine1:
   \   000000   12....       LCALL   ?DEALLOC_XSTACK8
   \   000003                REQUIRE ??Subroutine11_0
   \   000003                ; // Fall through to label ??Subroutine11_0

   \                                 In  segment BANKED_CODE, align 1, keep-with-next
    438          void SampleApp_SendPeriodicMessage( void )
   \                     SampleApp_SendPeriodicMessage:
    439          {
   \   000000   74F6         MOV     A,#-0xa
   \   000002   12....       LCALL   ?BANKED_ENTER_XDATA
   \   000005                ; Saved register size: 10
   \   000005                ; Auto size: 0
    440            if ( AF_DataRequest( &SampleApp_Periodic_DstAddr, &SampleApp_epDesc,
    441                                 SAMPLEAPP_PERIODIC_CLUSTERID,
    442                                 1,
    443                                 (uint8*)&SampleAppPeriodicCounter,
    444                                 &SampleApp_TransID,
    445                                 AF_DISCV_ROUTE,
    446                                 AF_DEFAULT_RADIUS ) == afStatus_SUCCESS )
   \   000005                ; Setup parameters for call to function AF_DataRequest
   \   000005   75..1E       MOV     ?V0 + 0,#0x1e
   \   000008   78..         MOV     R0,#?V0 + 0
   \   00000A   12....       LCALL   ?PUSH_XSTACK_I_ONE
   \   00000D   75....       MOV     ?V0 + 0,#SampleApp_TransID & 0xff
   \   000010   75....       MOV     ?V0 + 1,#(SampleApp_TransID >> 8) & 0xff
   \   000013   78..         MOV     R0,#?V0 + 0
   \   000015   12....       LCALL   ?PUSH_XSTACK_I_TWO
   \   000018   75....       MOV     ?V0 + 0,#SampleAppPeriodicCounter & 0xff
   \   00001B   75....       MOV     ?V0 + 1,#(SampleAppPeriodicCounter >> 8) & 0xff
   \   00001E   78..         MOV     R0,#?V0 + 0
   \   000020   12....       LCALL   ?PUSH_XSTACK_I_TWO
   \   000023   75..01       MOV     ?V0 + 0,#0x1
   \   000026   75..00       MOV     ?V0 + 1,#0x0
   \   000029   78..         MOV     R0,#?V0 + 0
   \   00002B   12....       LCALL   ?PUSH_XSTACK_I_TWO
   \   00002E   78..         MOV     R0,#?V0 + 0
   \   000030   12....       LCALL   ?PUSH_XSTACK_I_TWO
   \   000033   7920         MOV     R1,#0x20
   \   000035   7C..         MOV     R4,#SampleApp_epDesc & 0xff
   \   000037   7D..         MOV     R5,#(SampleApp_epDesc >> 8) & 0xff
   \   000039   7A..         MOV     R2,#SampleApp_Periodic_DstAddr & 0xff
   \   00003B   7B..         MOV     R3,#(SampleApp_Periodic_DstAddr >> 8) & 0xff
   \   00003D   12....       LCALL   ?Subroutine7 & 0xFFFF
   \                     ??CrossCallReturnLabel_8:
   \   000040   02....       LJMP    ?Subroutine1 & 0xFFFF
    447            {
    448            }
    449            else
    450            {
    451              // Error occurred in request to send.
    452            }
    453          }

   \                                 In  segment BANKED_CODE, align 1, keep-with-next
   \                     ?Subroutine7:
   \   000000   12....       LCALL   ??AF_DataRequest?relay
   \   000003   7409         MOV     A,#0x9
   \   000005   22           RET
    454          
    455          /*********************************************************************
    456           * @fn      SampleApp_SendFlashMessage
    457           *
    458           * @brief   Send the flash message to group 1.
    459           *
    460           * @param   flashTime - in milliseconds
    461           *
    462           * @return  none
    463           */

   \                                 In  segment BANKED_CODE, align 1, keep-with-next
    464          void SampleApp_SendFlashMessage( uint16 flashTime )
   \                     SampleApp_SendFlashMessage:
    465          {
   \   000000   74F6         MOV     A,#-0xa
   \   000002   12....       LCALL   ?BANKED_ENTER_XDATA
   \   000005                ; Saved register size: 10
   \   000005                ; Auto size: 3
   \   000005   74FD         MOV     A,#-0x3
   \   000007   12....       LCALL   ?ALLOC_XSTACK8
    466            uint8 buffer[3];
    467            buffer[0] = (uint8)(SampleAppFlashCounter++);
   \   00000A   90....       MOV     DPTR,#SampleAppFlashCounter
   \   00000D   E0           MOVX    A,@DPTR
   \   00000E   85..82       MOV     DPL,?XSP + 0
   \   000011   85..83       MOV     DPH,?XSP + 1
   \   000014   F0           MOVX    @DPTR,A
   \   000015   90....       MOV     DPTR,#SampleAppFlashCounter
   \   000018   E0           MOVX    A,@DPTR
   \   000019   04           INC     A
   \   00001A   F0           MOVX    @DPTR,A
    468            buffer[1] = LO_UINT16( flashTime );
   \   00001B   7401         MOV     A,#0x1
   \   00001D   12....       LCALL   ?XSTACK_DISP0_8
   \   000020   EA           MOV     A,R2
   \   000021   F0           MOVX    @DPTR,A
    469            buffer[2] = HI_UINT16( flashTime );
   \   000022   7402         MOV     A,#0x2
   \   000024   12....       LCALL   ?XSTACK_DISP0_8
   \   000027   EB           MOV     A,R3
   \   000028   F0           MOVX    @DPTR,A
    470          
    471            if ( AF_DataRequest( &SampleApp_Flash_DstAddr, &SampleApp_epDesc,
    472                                 SAMPLEAPP_FLASH_CLUSTERID,
    473                                 3,
    474                                 buffer,
    475                                 &SampleApp_TransID,
    476                                 AF_DISCV_ROUTE,
    477                                 AF_DEFAULT_RADIUS ) == afStatus_SUCCESS )
   \   000029                ; Setup parameters for call to function AF_DataRequest
   \   000029   75..1E       MOV     ?V0 + 0,#0x1e
   \   00002C   78..         MOV     R0,#?V0 + 0
   \   00002E   12....       LCALL   ?PUSH_XSTACK_I_ONE
   \   000031   75....       MOV     ?V0 + 0,#SampleApp_TransID & 0xff
   \   000034   75....       MOV     ?V0 + 1,#(SampleApp_TransID >> 8) & 0xff
   \   000037   78..         MOV     R0,#?V0 + 0
   \   000039   12....       LCALL   ?PUSH_XSTACK_I_TWO
   \   00003C   7403         MOV     A,#0x3
   \   00003E   12....       LCALL   ?XSTACK_DISP0_8
   \   000041   8582..       MOV     ?V0 + 0,DPL
   \   000044   8583..       MOV     ?V0 + 1,DPH
   \   000047   78..         MOV     R0,#?V0 + 0
   \   000049   12....       LCALL   ?PUSH_XSTACK_I_TWO
   \   00004C   75..03       MOV     ?V0 + 0,#0x3
   \   00004F   75..00       MOV     ?V0 + 1,#0x0
   \   000052   78..         MOV     R0,#?V0 + 0
   \   000054   12....       LCALL   ?PUSH_XSTACK_I_TWO
   \   000057   75..02       MOV     ?V0 + 0,#0x2
   \   00005A   78..         MOV     R0,#?V0 + 0
   \   00005C   12....       LCALL   ?PUSH_XSTACK_I_TWO
   \   00005F   7920         MOV     R1,#0x20
   \   000061   7C..         MOV     R4,#SampleApp_epDesc & 0xff
   \   000063   7D..         MOV     R5,#(SampleApp_epDesc >> 8) & 0xff
   \   000065   7A..         MOV     R2,#SampleApp_Flash_DstAddr & 0xff
   \   000067   7B..         MOV     R3,#(SampleApp_Flash_DstAddr >> 8) & 0xff
   \   000069   12....       LCALL   ?Subroutine7 & 0xFFFF
   \                     ??CrossCallReturnLabel_9:
   \   00006C   12....       LCALL   ?DEALLOC_XSTACK8
    478            {
    479            }
    480            else
    481            {
    482              // Error occurred in request to send.
    483            }
    484          }
   \   00006F   7403         MOV     A,#0x3
   \   000071   02....       LJMP    ?Subroutine1 & 0xFFFF
    485          
    486          /*********************************************************************
    487           * @fn      SampleApp_Send_P2P_Message
    488           *
    489           * @brief   point to point.
    490           *
    491           * @param   none
    492           *
    493           * @return  none
    494           */
    495          /*
    496          *终端打包传感器数据并发送到协调器处理函数
    497          */

   \                                 In  segment BANKED_CODE, align 1, keep-with-next
    498          void SampleApp_Send_P2P_Message(int8 _SensorStyle, int8 _SenserIndex, int8 _SenserPositon, uint8 *_pData)
   \                     SampleApp_Send_P2P_Message:
    499          {
   \   000000   74F2         MOV     A,#-0xe
   \   000002   12....       LCALL   ?BANKED_ENTER_XDATA
   \   000005                ; Saved register size: 14
   \   000005                ; Auto size: 10
   \   000005   74F6         MOV     A,#-0xa
   \   000007   12....       LCALL   ?ALLOC_XSTACK8
   \   00000A   E9           MOV     A,R1
   \   00000B   FE           MOV     R6,A
   \   00000C   EA           MOV     A,R2
   \   00000D   FF           MOV     R7,A
   \   00000E   8B..         MOV     ?V0 + 0,R3
   \   000010   8C..         MOV     ?V0 + 2,R4
   \   000012   8D..         MOV     ?V0 + 3,R5
    500            //MT_BuildAndSendZToolResponse(((uint8)MT_RPC_CMD_SRSP | (uint8)MT_RPC_SYS_CBT2530_APP), 0, 0, 0);
    501            uint8 sMsg[10];  
    502            uint8 sMsgLen = 0x0A;
    503            uint16 nwkAddr;
    504          
    505            nwkAddr = NLME_GetShortAddr();
   \   000014                ; Setup parameters for call to function NLME_GetShortAddr
   \   000014   12....       LCALL   ??NLME_GetShortAddr?relay
    506          
    507            sMsg[0] = HI_UINT16(nwkAddr);
   \   000017   85..82       MOV     DPL,?XSP + 0
   \   00001A   85..83       MOV     DPH,?XSP + 1
   \   00001D   EB           MOV     A,R3
   \   00001E   F0           MOVX    @DPTR,A
    508            sMsg[1] = LO_UINT16(nwkAddr);
   \   00001F   7401         MOV     A,#0x1
   \   000021   12....       LCALL   ?XSTACK_DISP0_8
   \   000024   EA           MOV     A,R2
   \   000025   F0           MOVX    @DPTR,A
    509            sMsg[2] = _SensorStyle;
   \   000026   7402         MOV     A,#0x2
   \   000028   12....       LCALL   ?XSTACK_DISP0_8
   \   00002B   EE           MOV     A,R6
   \   00002C   F0           MOVX    @DPTR,A
    510            sMsg[3] = _SenserIndex;
   \   00002D   7403         MOV     A,#0x3
   \   00002F   12....       LCALL   ?XSTACK_DISP0_8
   \   000032   EF           MOV     A,R7
   \   000033   F0           MOVX    @DPTR,A
    511            sMsg[4] = _SenserPositon;
   \   000034   7404         MOV     A,#0x4
   \   000036   12....       LCALL   ?XSTACK_DISP0_8
   \   000039   E5..         MOV     A,?V0 + 0
   \   00003B   F0           MOVX    @DPTR,A
    512          
    513            sMsg[5] = _pData[0];
   \   00003C   85..82       MOV     DPL,?V0 + 2
   \   00003F   85..83       MOV     DPH,?V0 + 3
   \   000042   E0           MOVX    A,@DPTR
   \   000043   C0E0         PUSH    A
   \   000045   7405         MOV     A,#0x5
   \   000047   12....       LCALL   ?XSTACK_DISP0_8
   \   00004A   D0E0         POP     A
   \   00004C   12....       LCALL   ?Subroutine9 & 0xFFFF
    514            sMsg[6] = _pData[1];
   \                     ??CrossCallReturnLabel_14:
   \   00004F   E0           MOVX    A,@DPTR
   \   000050   C0E0         PUSH    A
   \   000052   7406         MOV     A,#0x6
   \   000054   12....       LCALL   ?XSTACK_DISP0_8
   \   000057   D0E0         POP     A
   \   000059   12....       LCALL   ?Subroutine5 & 0xFFFF
    515            sMsg[7] = _pData[2];
   \                     ??CrossCallReturnLabel_4:
   \   00005C   E0           MOVX    A,@DPTR
   \   00005D   C0E0         PUSH    A
   \   00005F   7407         MOV     A,#0x7
   \   000061   12....       LCALL   ?XSTACK_DISP0_8
   \   000064   D0E0         POP     A
   \   000066   12....       LCALL   ?Subroutine5 & 0xFFFF
    516            sMsg[8] = _pData[3];
   \                     ??CrossCallReturnLabel_5:
   \   000069   A3           INC     DPTR
   \   00006A   E0           MOVX    A,@DPTR
   \   00006B   C0E0         PUSH    A
   \   00006D   7408         MOV     A,#0x8
   \   00006F   12....       LCALL   ?XSTACK_DISP0_8
   \   000072   D0E0         POP     A
   \   000074   F0           MOVX    @DPTR,A
    517            
    518            sMsg[9] = 0x00;//_pData[4];// REV DATA BIT
   \   000075   7409         MOV     A,#0x9
   \   000077   12....       LCALL   ?XSTACK_DISP0_8
   \   00007A   E4           CLR     A
   \   00007B   F0           MOVX    @DPTR,A
    519            if ( AF_DataRequest( &SampleApp_P2P_DstAddr, &SampleApp_epDesc,
    520                                 SAMPLEAPP_P2P_CLUSTERID,
    521                                 sMsgLen,
    522                                 sMsg,
    523                                 &SampleApp_TransID,
    524                                 AF_DISCV_ROUTE,
    525                                 AF_DEFAULT_RADIUS ) == afStatus_SUCCESS )
   \   00007C                ; Setup parameters for call to function AF_DataRequest
   \   00007C   75..1E       MOV     ?V0 + 1,#0x1e
   \   00007F   78..         MOV     R0,#?V0 + 1
   \   000081   12....       LCALL   ?PUSH_XSTACK_I_ONE
   \   000084   75....       MOV     ?V0 + 2,#SampleApp_TransID & 0xff
   \   000087   75....       MOV     ?V0 + 3,#(SampleApp_TransID >> 8) & 0xff
   \   00008A   78..         MOV     R0,#?V0 + 2
   \   00008C   12....       LCALL   ?PUSH_XSTACK_I_TWO
   \   00008F   7403         MOV     A,#0x3
   \   000091   12....       LCALL   ?XSTACK_DISP0_8
   \   000094   8582..       MOV     ?V0 + 2,DPL
   \   000097   8583..       MOV     ?V0 + 3,DPH
   \   00009A   78..         MOV     R0,#?V0 + 2
   \   00009C   12....       LCALL   ?PUSH_XSTACK_I_TWO
   \   00009F   75..0A       MOV     ?V0 + 2,#0xa
   \   0000A2   75..00       MOV     ?V0 + 3,#0x0
   \   0000A5   78..         MOV     R0,#?V0 + 2
   \   0000A7   12....       LCALL   ?PUSH_XSTACK_I_TWO
   \   0000AA   75..03       MOV     ?V0 + 2,#0x3
   \   0000AD   78..         MOV     R0,#?V0 + 2
   \   0000AF   12....       LCALL   ?PUSH_XSTACK_I_TWO
   \   0000B2   7920         MOV     R1,#0x20
   \   0000B4   7C..         MOV     R4,#SampleApp_epDesc & 0xff
   \   0000B6   7D..         MOV     R5,#(SampleApp_epDesc >> 8) & 0xff
   \   0000B8   7A..         MOV     R2,#SampleApp_P2P_DstAddr & 0xff
   \   0000BA   7B..         MOV     R3,#(SampleApp_P2P_DstAddr >> 8) & 0xff
   \   0000BC   12....       LCALL   ?Subroutine7 & 0xFFFF
   \                     ??CrossCallReturnLabel_10:
   \   0000BF   12....       LCALL   ?DEALLOC_XSTACK8
    526            {
    527            }else
    528            {
    529              // Error occurred in request to send.
    530            }
    531          }
   \   0000C2   740A         MOV     A,#0xa
   \   0000C4   12....       LCALL   ?DEALLOC_XSTACK8
   \   0000C7   7F06         MOV     R7,#0x6
   \   0000C9   02....       LJMP    ?BANKED_LEAVE_XDATA

   \                                 In  segment BANKED_CODE, align 1, keep-with-next
   \                     ?Subroutine5:
   \   000000   12....       LCALL   ?Subroutine9 & 0xFFFF
   \                     ??CrossCallReturnLabel_15:
   \   000003   A3           INC     DPTR
   \   000004   22           RET

   \                                 In  segment BANKED_CODE, align 1, keep-with-next
   \                     ?Subroutine9:
   \   000000   F0           MOVX    @DPTR,A
   \   000001   85..82       MOV     DPL,?V0 + 2
   \   000004   85..83       MOV     DPH,?V0 + 3
   \   000007   A3           INC     DPTR
   \   000008   22           RET
    532          
    533          /*
    534          *协调器收到上位机串口数据处理函数
    535          */

   \                                 In  segment BANKED_CODE, align 1, keep-with-next
    536          void SampleApp_Send_CMD_Message(uint8 *pBuf)
   \                     SampleApp_Send_CMD_Message:
    537          {
   \   000000   74F6         MOV     A,#-0xa
   \   000002   12....       LCALL   ?BANKED_ENTER_XDATA
   \   000005                ; Saved register size: 10
   \   000005                ; Auto size: 0
    538            //HalLedBlink( HAL_LED_2, 2, 50, (1000 / 4) );
    539            SampleApp_CMD_DstAddr.addrMode = (afAddrMode_t)afAddr16Bit;
   \   000005   90....       MOV     DPTR,#SampleApp_CMD_DstAddr + 8
   \   000008   12....       LCALL   ?Subroutine4 & 0xFFFF
    540            SampleApp_CMD_DstAddr.endPoint = SAMPLEAPP_ENDPOINT;
    541            SampleApp_CMD_DstAddr.addr.shortAddr = BUILD_UINT16(pBuf[6], pBuf[5]);
   \                     ??CrossCallReturnLabel_19:
   \   00000B   8A82         MOV     DPL,R2
   \   00000D   8B83         MOV     DPH,R3
   \   00000F   A3           INC     DPTR
   \   000010   A3           INC     DPTR
   \   000011   A3           INC     DPTR
   \   000012   A3           INC     DPTR
   \   000013   A3           INC     DPTR
   \   000014   A3           INC     DPTR
   \   000015   E0           MOVX    A,@DPTR
   \   000016   FC           MOV     R4,A
   \   000017   8A82         MOV     DPL,R2
   \   000019   8B83         MOV     DPH,R3
   \   00001B   A3           INC     DPTR
   \   00001C   A3           INC     DPTR
   \   00001D   A3           INC     DPTR
   \   00001E   A3           INC     DPTR
   \   00001F   A3           INC     DPTR
   \   000020   E0           MOVX    A,@DPTR
   \   000021   F9           MOV     R1,A
   \   000022   EC           MOV     A,R4
   \   000023   90....       MOV     DPTR,#SampleApp_CMD_DstAddr
   \   000026   F0           MOVX    @DPTR,A
   \   000027   A3           INC     DPTR
   \   000028   E9           MOV     A,R1
   \   000029   F0           MOVX    @DPTR,A
    542          
    543            //HalUARTWrite(1, pBuf, 18); 
    544            
    545            if ( AF_DataRequest( &SampleApp_CMD_DstAddr, &SampleApp_epDesc,
    546                                 SAMPLEAPP_CMD_CLUSTERID,
    547                                 0x12,
    548                                 pBuf,
    549                                 &SampleApp_TransID,
    550                                 AF_DISCV_ROUTE,
    551                                 AF_DEFAULT_RADIUS ) == afStatus_SUCCESS )
   \   00002A                ; Setup parameters for call to function AF_DataRequest
   \   00002A   75..1E       MOV     ?V0 + 0,#0x1e
   \   00002D   78..         MOV     R0,#?V0 + 0
   \   00002F   12....       LCALL   ?PUSH_XSTACK_I_ONE
   \   000032   75....       MOV     ?V0 + 0,#SampleApp_TransID & 0xff
   \   000035   75....       MOV     ?V0 + 1,#(SampleApp_TransID >> 8) & 0xff
   \   000038   78..         MOV     R0,#?V0 + 0
   \   00003A   12....       LCALL   ?PUSH_XSTACK_I_TWO
   \   00003D   8A..         MOV     ?V0 + 0,R2
   \   00003F   8B..         MOV     ?V0 + 1,R3
   \   000041   78..         MOV     R0,#?V0 + 0
   \   000043   12....       LCALL   ?PUSH_XSTACK_I_TWO
   \   000046   75..12       MOV     ?V0 + 0,#0x12
   \   000049   75..00       MOV     ?V0 + 1,#0x0
   \   00004C   78..         MOV     R0,#?V0 + 0
   \   00004E   12....       LCALL   ?PUSH_XSTACK_I_TWO
   \   000051   75..04       MOV     ?V0 + 0,#0x4
   \   000054   78..         MOV     R0,#?V0 + 0
   \   000056   12....       LCALL   ?PUSH_XSTACK_I_TWO
   \   000059   7920         MOV     R1,#0x20
   \   00005B   7C..         MOV     R4,#SampleApp_epDesc & 0xff
   \   00005D   7D..         MOV     R5,#(SampleApp_epDesc >> 8) & 0xff
   \   00005F   7A..         MOV     R2,#SampleApp_CMD_DstAddr & 0xff
   \   000061   7B..         MOV     R3,#(SampleApp_CMD_DstAddr >> 8) & 0xff
   \   000063   12....       LCALL   ?Subroutine7 & 0xFFFF
   \                     ??CrossCallReturnLabel_11:
   \   000066   12....       LCALL   ?DEALLOC_XSTACK8
   \   000069   E9           MOV     A,R1
   \   00006A   700D         JNZ     ??SampleApp_Send_CMD_Message_0
    552            {
    553              HalLedBlink( HAL_LED_1, 2, 50, (1000 / 4) );
   \   00006C                ; Setup parameters for call to function HalLedBlink
   \   00006C   7CFA         MOV     R4,#-0x6
   \   00006E   7D00         MOV     R5,#0x0
   \   000070   7B32         MOV     R3,#0x32
   \   000072   7A02         MOV     R2,#0x2
   \   000074   7901         MOV     R1,#0x1
   \   000076   12....       LCALL   ??HalLedBlink?relay
    554              //asm("NOP");
    555            }
    556            else
    557            {
    558              //HalLedBlink( HAL_LED_1, 2, 50, (1000 / 4) );
    559              //Error occurred in request to send.
    560            }
    561          }
   \                     ??SampleApp_Send_CMD_Message_0:
   \   000079   02....       LJMP    ??Subroutine11_0 & 0xFFFF
    562          
    563          /*
    564          *协调器收到终端发送的周期数据处理函数
    565          */

   \                                 In  segment BANKED_CODE, align 1, keep-with-next
    566          void SampleApp_NwkP2PMsgProcessing(afIncomingMSGPacket_t * pkt)
   \                     SampleApp_NwkP2PMsgProcessing:
    567          {
   \   000000   74F5         MOV     A,#-0xb
   \   000002   12....       LCALL   ?BANKED_ENTER_XDATA
   \   000005                ; Saved register size: 11
   \   000005                ; Auto size: 0
    568            sensorValue.dataDetail.nodeAddr[2] = *pkt->cmd.Data;
   \   000005   EA           MOV     A,R2
   \   000006   2422         ADD     A,#0x22
   \   000008   F8           MOV     R0,A
   \   000009   EB           MOV     A,R3
   \   00000A   3400         ADDC    A,#0x0
   \   00000C   F9           MOV     R1,A
   \   00000D   12....       LCALL   ?Subroutine10 & 0xFFFF
   \                     ??CrossCallReturnLabel_16:
   \   000010   E0           MOVX    A,@DPTR
   \   000011   90....       MOV     DPTR,#sensorValue + 5
   \   000014   12....       LCALL   ?Subroutine3 & 0xFFFF
    569            sensorValue.dataDetail.nodeAddr[3] = *(pkt->cmd.Data+1);
   \                     ??CrossCallReturnLabel_2:
   \   000017   E0           MOVX    A,@DPTR
   \   000018   90....       MOV     DPTR,#sensorValue + 6
   \   00001B   F0           MOVX    @DPTR,A
    570            sensorValue.dataDetail.nodeChannel = _NIB.nwkLogicalChannel;
   \   00001C   90....       MOV     DPTR,#_NIB + 22
   \   00001F   E0           MOVX    A,@DPTR
   \   000020   90....       MOV     DPTR,#sensorValue + 7
   \   000023   F0           MOVX    @DPTR,A
    571            sensorValue.dataDetail.nodePort    = 0x01;
   \   000024   A3           INC     DPTR
   \   000025   7401         MOV     A,#0x1
   \   000027   12....       LCALL   ?Subroutine3 & 0xFFFF
    572            sensorValue.dataDetail.data.sensorType = *(pkt->cmd.Data+2);
   \                     ??CrossCallReturnLabel_3:
   \   00002A   A3           INC     DPTR
   \   00002B   E0           MOVX    A,@DPTR
   \   00002C   90....       MOV     DPTR,#sensorValue + 10
   \   00002F   12....       LCALL   ?Subroutine2 & 0xFFFF
    573            sensorValue.dataDetail.data.sensorID   = *(pkt->cmd.Data+3);
   \                     ??CrossCallReturnLabel_0:
   \   000032   E0           MOVX    A,@DPTR
   \   000033   90....       MOV     DPTR,#sensorValue + 11
   \   000036   12....       LCALL   ?Subroutine2 & 0xFFFF
    574            sensorValue.dataDetail.data.sensorPostion = *(pkt->cmd.Data+4);
   \                     ??CrossCallReturnLabel_1:
   \   000039   A3           INC     DPTR
   \   00003A   E0           MOVX    A,@DPTR
   \   00003B   90....       MOV     DPTR,#sensorValue + 12
   \   00003E   F0           MOVX    @DPTR,A
    575            osal_memcpy(sensorValue.dataDetail.data.SensorData, pkt->cmd.Data+5, 4);
   \   00003F                ; Setup parameters for call to function osal_memcpy
   \   00003F   8882         MOV     DPL,R0
   \   000041   8983         MOV     DPH,R1
   \   000043   E0           MOVX    A,@DPTR
   \   000044   2405         ADD     A,#0x5
   \   000046   F5..         MOV     ?V0 + 0,A
   \   000048   A3           INC     DPTR
   \   000049   E0           MOVX    A,@DPTR
   \   00004A   3400         ADDC    A,#0x0
   \   00004C   F5..         MOV     ?V0 + 1,A
   \   00004E   75..00       MOV     ?V0 + 2,#0x0
   \   000051   78..         MOV     R0,#?V0 + 0
   \   000053   12....       LCALL   ?PUSH_XSTACK_I_THREE
   \   000056   7C04         MOV     R4,#0x4
   \   000058   7D00         MOV     R5,#0x0
   \   00005A   7A..         MOV     R2,#(sensorValue + 13) & 0xff
   \   00005C   7B..         MOV     R3,#((sensorValue + 13) >> 8) & 0xff
   \   00005E   12....       LCALL   ??osal_memcpy?relay
   \   000061   7403         MOV     A,#0x3
   \   000063   12....       LCALL   ?DEALLOC_XSTACK8
    576            
    577            HalUARTWrite(0, sensorValue.dataArry,DATA_AGREEMENT_LENGTH);
   \   000066                ; Setup parameters for call to function HalUARTWrite
   \   000066   7C12         MOV     R4,#0x12
   \   000068   7D00         MOV     R5,#0x0
   \   00006A   7A..         MOV     R2,#sensorValue & 0xff
   \   00006C   7B..         MOV     R3,#(sensorValue >> 8) & 0xff
   \   00006E   7900         MOV     R1,#0x0
   \   000070   12....       LCALL   ??HalUARTWrite?relay
    578          }
   \   000073   02....       LJMP    ?Subroutine0 & 0xFFFF

   \                                 In  segment BANKED_CODE, align 1, keep-with-next
   \                     ?Subroutine3:
   \   000000   12....       LCALL   ?Subroutine8 & 0xFFFF
   \                     ??CrossCallReturnLabel_12:
   \   000003   22           RET

   \                                 In  segment BANKED_CODE, align 1, keep-with-next
   \                     ?Subroutine8:
   \   000000   F0           MOVX    @DPTR,A
   \   000001   12....       LCALL   ?Subroutine10 & 0xFFFF
   \                     ??CrossCallReturnLabel_17:
   \   000004   A3           INC     DPTR
   \   000005   22           RET

   \                                 In  segment BANKED_CODE, align 1, keep-with-next
   \                     ?Subroutine10:
   \   000000   8882         MOV     DPL,R0
   \   000002   8983         MOV     DPH,R1
   \   000004   E0           MOVX    A,@DPTR
   \   000005   FA           MOV     R2,A
   \   000006   A3           INC     DPTR
   \   000007   E0           MOVX    A,@DPTR
   \   000008   F583         MOV     DPH,A
   \   00000A   8A82         MOV     DPL,R2
   \   00000C   22           RET

   \                                 In  segment BANKED_CODE, align 1, keep-with-next
   \                     ?Subroutine2:
   \   000000   12....       LCALL   ?Subroutine8 & 0xFFFF
   \                     ??CrossCallReturnLabel_13:
   \   000003   A3           INC     DPTR
   \   000004   A3           INC     DPTR
   \   000005   22           RET
    579          
    580          /*
    581          *终端接受无线控制命令处理函数
    582          */

   \                                 In  segment BANKED_CODE, align 1, keep-with-next
    583          void SampleApp_NwkCMDMsgProcessing(afIncomingMSGPacket_t * pkt)
   \                     SampleApp_NwkCMDMsgProcessing:
    584          {
   \   000000   C082         PUSH    DPL
   \   000002   C083         PUSH    DPH
   \   000004                ; Saved register size: 2
   \   000004                ; Auto size: 0
    585            uint8 *buf = pkt->cmd.Data;
   \   000004   12....       LCALL   ?Subroutine6 & 0xFFFF
    586            
    587            if(buf[0] == 0xEE && buf[1] == 0xCC && buf[17] == 0xFF)
   \                     ??CrossCallReturnLabel_6:
   \   000007   E0           MOVX    A,@DPTR
   \   000008   64EE         XRL     A,#0xee
   \   00000A   7036         JNZ     ??SampleApp_NwkCMDMsgProcessing_0
   \   00000C   A3           INC     DPTR
   \   00000D   E0           MOVX    A,@DPTR
   \   00000E   64CC         XRL     A,#0xcc
   \   000010   7030         JNZ     ??SampleApp_NwkCMDMsgProcessing_0
   \   000012   E8           MOV     A,R0
   \   000013   2411         ADD     A,#0x11
   \   000015   F582         MOV     DPL,A
   \   000017   E9           MOV     A,R1
   \   000018   3400         ADDC    A,#0x0
   \   00001A   F583         MOV     DPH,A
   \   00001C   E0           MOVX    A,@DPTR
   \   00001D   F4           CPL     A
   \   00001E   7022         JNZ     ??SampleApp_NwkCMDMsgProcessing_0
    588            {
    589              switch(buf[10])
   \   000020   8882         MOV     DPL,R0
   \   000022   8983         MOV     DPH,R1
   \   000024   A3           INC     DPTR
   \   000025   A3           INC     DPTR
   \   000026   A3           INC     DPTR
   \   000027   A3           INC     DPTR
   \   000028   A3           INC     DPTR
   \   000029   A3           INC     DPTR
   \   00002A   A3           INC     DPTR
   \   00002B   A3           INC     DPTR
   \   00002C   A3           INC     DPTR
   \   00002D   A3           INC     DPTR
   \   00002E   E0           MOVX    A,@DPTR
   \   00002F   6411         XRL     A,#0x11
   \   000031   700F         JNZ     ??SampleApp_NwkCMDMsgProcessing_0
    590              {
    591          #ifdef DEVICE_RELAY_ONE
    592                case DEVICE_RELAY_ONE:
    593                  CtrlRelyOne(buf[16]);
    594                  break;
    595          #endif
    596          #ifdef DEVICE_RELAY_TWO
    597                case DEVICE_RELAY_TWO:
    598                  CtrlRelyTwo(buf[16]);
   \   000033                ; Setup parameters for call to function CtrlRelyTwo
   \   000033   E8           MOV     A,R0
   \   000034   2410         ADD     A,#0x10
   \   000036   F582         MOV     DPL,A
   \   000038   E9           MOV     A,R1
   \   000039   3400         ADDC    A,#0x0
   \   00003B   F583         MOV     DPH,A
   \   00003D   E0           MOVX    A,@DPTR
   \   00003E   F9           MOV     R1,A
   \   00003F   12....       LCALL   ??CtrlRelyTwo?relay
    599                  break;
    600          #endif
    601                default:
    602                  break;
    603              }
    604            }
    605          }
   \                     ??SampleApp_NwkCMDMsgProcessing_0:
   \   000042   D083         POP     DPH
   \   000044   D082         POP     DPL
   \   000046   02....       LJMP    ?BRET

   \                                 In  segment XDATA_ID, align 1, keep-with-next
   \                     `?<Initializer for AppTitle>`:
   \   000000   414C4432     DB "ALD2530 DHT11"
   \            35333020
   \            44485431
   \            3100    

   \                                 In  segment XDATA_ID, align 1, keep-with-next
   \                     `?<Initializer for sensorValue>`:
   \   000000   EE           DB 238
   \   000001   CC           DB 204
   \   000002   01           DB 1
   \   000003   00           DB 0
   \   000004   00           DB 0
   \   000005   00           DB 0
   \   000006   00           DB 0
   \   000007   00           DB 0
   \   000008   00           DB 0
   \   000009   07           DB 7
   \   00000A   00           DB 0
   \   00000B   00           DB 0
   \   00000C   00           DB 0
   \   00000D   00           DB 0
   \   00000E   00           DB 0
   \   00000F   00           DB 0
   \   000010   00           DB 0
   \   000011   FF           DB 255

   \                                 In  segment BANK_RELAYS, align 1
   \                     ??SampleApp_Init?relay:
   \   000000   12....       LCALL   ?BDISPATCH
   \   000003   ......       DC24    SampleApp_Init

   \                                 In  segment BANK_RELAYS, align 1
   \                     ??SampleApp_ProcessEvent?relay:
   \   000000   12....       LCALL   ?BDISPATCH
   \   000003   ......       DC24    SampleApp_ProcessEvent

   \                                 In  segment BANK_RELAYS, align 1
   \                     ??SampleApp_HandleKeys?relay:
   \   000000   12....       LCALL   ?BDISPATCH
   \   000003   ......       DC24    SampleApp_HandleKeys

   \                                 In  segment BANK_RELAYS, align 1
   \                     ??SampleApp_MessageMSGCB?relay:
   \   000000   12....       LCALL   ?BDISPATCH
   \   000003   ......       DC24    SampleApp_MessageMSGCB

   \                                 In  segment BANK_RELAYS, align 1
   \                     ??SampleApp_SendPeriodicMessage?relay:
   \   000000   12....       LCALL   ?BDISPATCH
   \   000003   ......       DC24    SampleApp_SendPeriodicMessage

   \                                 In  segment BANK_RELAYS, align 1
   \                     ??SampleApp_SendFlashMessage?relay:
   \   000000   12....       LCALL   ?BDISPATCH
   \   000003   ......       DC24    SampleApp_SendFlashMessage

   \                                 In  segment BANK_RELAYS, align 1
   \                     ??SampleApp_Send_P2P_Message?relay:
   \   000000   12....       LCALL   ?BDISPATCH
   \   000003   ......       DC24    SampleApp_Send_P2P_Message

   \                                 In  segment BANK_RELAYS, align 1
   \                     ??SampleApp_Send_CMD_Message?relay:
   \   000000   12....       LCALL   ?BDISPATCH
   \   000003   ......       DC24    SampleApp_Send_CMD_Message

   \                                 In  segment BANK_RELAYS, align 1
   \                     ??SampleApp_NwkP2PMsgProcessing?relay:
   \   000000   12....       LCALL   ?BDISPATCH
   \   000003   ......       DC24    SampleApp_NwkP2PMsgProcessing

   \                                 In  segment BANK_RELAYS, align 1
   \                     ??SampleApp_NwkCMDMsgProcessing?relay:
   \   000000   12....       LCALL   ?BDISPATCH
   \   000003   ......       DC24    SampleApp_NwkCMDMsgProcessing

   \                                 In  segment XDATA_ROM_C, align 1
   \                     `?<Constant "Group 1">`:
   \   000000   47726F75     DB "Group 1"
   \            70203100

   \                                 In  segment XDATA_ROM_C, align 1
   \                     `?<Constant "SampleApp">`:
   \   000000   53616D70     DB "SampleApp"
   \            6C654170
   \            7000    

   \                                 In  segment XDATA_ROM_C, align 1
   \                     `?<Constant {0}>`:
   \   000000   00           DB 0
   \   000001   000000       DB 0, 0, 0
    606          /*********************************************************************
    607          *********************************************************************/

   Maximum stack usage in bytes:

     Function                       ISTACK PSTACK XSTACK
     --------                       ------ ------ ------
     SampleApp_HandleKeys               0      0     26
       -> SampleApp_SendFlashMessage
                                        0      0     20
       -> aps_FindGroup                 0      0     20
       -> aps_RemoveGroup               0      0     20
       -> aps_AddGroup                  0      0     20
     SampleApp_Init                     0      0     14
       -> MT_UartRegisterTaskID         0      0     22
       -> InitDigSensor                 0      0     22
       -> afRegister                    0      0     22
       -> RegisterForKeys               0      0     22
       -> osal_memcpy                   0      0     28
       -> aps_AddGroup                  0      0     22
       -> HalLcdWriteString             0      0     22
     SampleApp_MessageMSGCB             0      0     26
       -> SampleApp_NwkP2PMsgProcessing
                                        0      0     20
       -> SampleApp_NwkCMDMsgProcessing
                                        0      0     20
       -> HalLedBlink                   0      0     20
     SampleApp_NwkCMDMsgProcessing      2      0     10
       -> CtrlRelyTwo                   4      0      0
     SampleApp_NwkP2PMsgProcessing      0      0     24
       -> osal_memcpy                   0      0     28
       -> HalUARTWrite                  0      0     22
     SampleApp_ProcessEvent             2      0     16
       -> osal_msg_receive              0      0     32
       -> osal_start_timerEx            0      0     32
       -> osal_msg_deallocate           0      0     32
       -> osal_msg_receive              0      0     32
       -> SampleApp_HandleKeys          0      0     32
       -> SampleApp_MessageMSGCB        0      0     32
       -> SampleApp_Send_CMD_Message
                                        0      0     32
       -> SampleApp_Send_P2P_Message
                                        0      0     32
       -> osal_rand                     0      0     32
       -> osal_start_timerEx            0      0     32
     SampleApp_SendFlashMessage         1      0     32
       -> AF_DataRequest                0      0     44
     SampleApp_SendPeriodicMessage      0      0     19
       -> AF_DataRequest                0      0     38
     SampleApp_Send_CMD_Message         0      0     35
       -> AF_DataRequest                0      0     38
       -> HalLedBlink                   0      0     20
     SampleApp_Send_P2P_Message         1      0     49
       -> NLME_GetShortAddr             0      0     48
       -> AF_DataRequest                0      0     66


   Segment part sizes:

     Function/Label                        Bytes
     --------------                        -----
     AppTitle                                14
     SampleApp_ClusterList                    8
     SampleApp_SimpleDesc                    12
     SampleApp_epDesc                         6
     SampleApp_TaskID                         1
     SampleApp_NwkState                       1
     SampleApp_TransID                        1
     SampleApp_Periodic_DstAddr              12
     SampleApp_Flash_DstAddr                 12
     SampleApp_P2P_DstAddr                   12
     SampleApp_CMD_DstAddr                   12
     SampleApp_Group                         18
     SampleAppPeriodicCounter                 1
     SampleAppFlashCounter                    1
     sensorValue                             18
     SampleApp_Init                         169
     ?Subroutine0                             5
     ?Subroutine4                             2
     ??Subroutine12_0                         6
     SampleApp_ProcessEvent                 277
     SampleApp_HandleKeys                    61
     ??Subroutine11_0                         5
     SampleApp_MessageMSGCB                  91
     ?Subroutine6                            20
     ?Subroutine1                             3
     SampleApp_SendPeriodicMessage           67
     ?Subroutine7                             6
     SampleApp_SendFlashMessage             116
     SampleApp_Send_P2P_Message             204
     ?Subroutine5                             5
     ?Subroutine9                             9
     SampleApp_Send_CMD_Message             124
     SampleApp_NwkP2PMsgProcessing          118
     ?Subroutine3                             4
     ?Subroutine8                             6
     ?Subroutine10                           13
     ?Subroutine2                             6
     SampleApp_NwkCMDMsgProcessing           73
     ?<Initializer for AppTitle>             14
     ?<Initializer for sensorValue>          18
     ??SampleApp_Init?relay                   6
     ??SampleApp_ProcessEvent?relay           6
     ??SampleApp_HandleKeys?relay             6
     ??SampleApp_MessageMSGCB?relay           6
     ??SampleApp_SendPeriodicMessage?relay    6
     ??SampleApp_SendFlashMessage?relay       6
     ??SampleApp_Send_P2P_Message?relay       6
     ??SampleApp_Send_CMD_Message?relay       6
     ??SampleApp_NwkP2PMsgProcessing?relay    6
     ??SampleApp_NwkCMDMsgProcessing?relay    6
     ?<Constant "Group 1">                    8
     ?<Constant "SampleApp">                 10
     ?<Constant {0}>                          4

 
 1 390 bytes in segment BANKED_CODE
    60 bytes in segment BANK_RELAYS
    32 bytes in segment XDATA_I
    32 bytes in segment XDATA_ID
    42 bytes in segment XDATA_ROM_C
    77 bytes in segment XDATA_Z
 
 1 482 bytes of CODE  memory
    42 bytes of CONST memory
   109 bytes of XDATA memory

Errors: none
Warnings: 1
