C51 COMPILER V9.56.0.0   DHT11                                                             10/02/2018 09:38:22 PAGE 1   


C51 COMPILER V9.56.0.0, COMPILATION OF MODULE DHT11
OBJECT MODULE PLACED IN .\Objects\DHT11.obj
COMPILER INVOKED BY: D:\Program Files\Keil\C51\BIN\C51.EXE src\DHT11.c LARGE OMF2 OPTIMIZE(8,SPEED) BROWSE INCDIR(.\inc)
                    - DEBUG PRINT(.\Listings\DHT11.lst) TABS(2) OBJECT(.\Objects\DHT11.obj)

line level    source

   1          #include "DHT11.h"
   2          
   3          sbit Data=P3^7;    
   4          u8 RH,RL,TH,TL;
   5          
   6          void DHT11_delay_us(u8 n)
   7          {
   8   1          while(--n);
   9   1      }
  10          
  11          void DHT11_delay_ms(u16 z)
  12          {
  13   1         u16 i,j;
  14   1         for(i=z;i>0;i--)
  15   1            for(j=110;j>0;j--);
  16   1      }
  17          
  18          void DHT11_start()
  19          {
  20   1         Data=1;
  21   1         DHT11_delay_us(2);
  22   1         Data=0;
  23   1         DHT11_delay_ms(20);   
  24   1         Data=1;
  25   1         DHT11_delay_us(30);
  26   1      }
  27          
  28          u8 DHT11_rec_byte()    
  29          {
  30   1        u8 i,dat=0;
  31   1        for(i=0;i<8;i++)   
  32   1        {          
  33   2          while(!Data);   
  34   2          DHT11_delay_us(8);    
  35   2          dat<<=1;           
  36   2          if(Data==1)   
  37   2             dat+=1;
  38   2          while(Data);    
  39   2        }  
  40   1        return dat;
  41   1      }
  42          
  43          void DHT11_receive(u8 *temp, u8 *humi)  
  44          {
  45   1        u8 R_H,R_L,T_H,T_L,revise; 
  46   1        EA = 0;
  47   1        DHT11_start();
  48   1        if(Data==0)
  49   1        {
  50   2          while(Data==0);    
  51   2          DHT11_delay_us(40);  
  52   2          R_H=DHT11_rec_byte();    
  53   2          R_L=DHT11_rec_byte();    
  54   2          T_H=DHT11_rec_byte();    
C51 COMPILER V9.56.0.0   DHT11                                                             10/02/2018 09:38:22 PAGE 2   

  55   2          T_L=DHT11_rec_byte();    
  56   2          revise=DHT11_rec_byte(); 
  57   2          DHT11_delay_us(25);   
  58   2          if((R_H+R_L+T_H+T_L)==revise)      
  59   2          {
  60   3              RH=R_H;
  61   3              RL=R_L;
  62   3              TH=T_H;
  63   3              TL=T_L;
  64   3          } 
  65   2          temp[0]='0'+(TH/10);
  66   2          temp[1]='0'+(TH%10);
  67   2          //temp[2]='.';
  68   2          //temp[3]='0'+(TL%10);
  69   2          temp[2]='C';
  70   2          temp[3]='\0';
  71   2          
  72   2          humi[0]='0'+(RH/10);
  73   2          humi[1]='0'+(RH%10);
  74   2          humi[2]='%';
  75   2          humi[3]='\0';
  76   2        }
  77   1        EA = 1;
  78   1      }


MODULE INFORMATION:   STATIC OVERLAYABLE
   CODE SIZE        =    328    ----
   CONSTANT SIZE    =   ----    ----
   XDATA SIZE       =      4      11
   PDATA SIZE       =   ----    ----
   DATA SIZE        =   ----    ----
   IDATA SIZE       =   ----    ----
   BIT SIZE         =   ----    ----
   EDATA SIZE       =   ----    ----
   HDATA SIZE       =   ----    ----
   XDATA CONST SIZE =   ----    ----
   FAR CONST SIZE   =   ----    ----
END OF MODULE INFORMATION.


C51 COMPILATION COMPLETE.  0 WARNING(S),  0 ERROR(S)
