C51 COMPILER V9.56.0.0   MAIN                                                              10/02/2018 09:38:22 PAGE 1   


C51 COMPILER V9.56.0.0, COMPILATION OF MODULE MAIN
OBJECT MODULE PLACED IN .\Objects\main.obj
COMPILER INVOKED BY: D:\Program Files\Keil\C51\BIN\C51.EXE src\main.c LARGE OMF2 OPTIMIZE(8,SPEED) BROWSE INCDIR(.\inc) 
                    -DEBUG PRINT(.\Listings\main.lst) TABS(2) OBJECT(.\Objects\main.obj)

line level    source

   1          #include <reg52.h>  
   2          #include <stdio.h>
   3          #include "mysys.h"
   4          #include "io.h"
   5          #include "adc.h"
   6          #include "uart.h"
   7          #include "uart2.h"
   8          #include "tasklist.h"
   9          #include "agreement.h"
  10          #include "TFT_LCD.h"
  11          #include "DHT11.h"
  12          
  13          void bsp_init(void);
  14          void display_background(void);
  15          
  16          void main(void)
  17          {
  18   1        bsp_init();
  19   1        while(1)
  20   1        { 
  21   2          if(flag_taskOne)
  22   2          {
  23   3            MyTask_One(); //任务一:温湿度
  24   3            flag_taskOne=0;
  25   3          }
  26   2          if(flag_taskTwo)
  27   2          {
  28   3            MyTask_Two(); //任务二:PM25
  29   3            flag_taskTwo=0;
  30   3          }
  31   2          if(flag_taskThree)
  32   2          {
  33   3            MyTask_Three(); //任务三:步进电机
  34   3            flag_taskThree=0;
  35   3          }
  36   2      
  37   2          if(SMARTMODE) //自动模式
  38   2          {
  39   3            if(uartRxSta)
  40   3            {
  41   4              agreementParse(UART_RX_BUF);
  42   4              uartRxSta = 0;
  43   4              uartRxCount = 0;
  44   4            }
  45   3            //if(watl_value>watl_threshold) PUMP_ON(); //超标
  46   3            //else PUMP_OFF();
  47   3          }else //手动模式
  48   2          { 
  49   3            if(uartRxSta)
  50   3            {
  51   4              agreementParse(UART_RX_BUF);
  52   4              uartRxSta = 0;
  53   4              uartRxCount = 0;
  54   4            }
C51 COMPILER V9.56.0.0   MAIN                                                              10/02/2018 09:38:22 PAGE 2   

  55   3          }
  56   2        } 
  57   1      }
  58          
  59          void bsp_init(void)
  60          {
  61   1        UartInit();
  62   1        Uart2Init();
  63   1        mysysinit();
  64   1        adc_Init();
  65   1        lcd_initial();
  66   1        display_background();
  67   1      }
  68          void display_background(void)
  69          {
  70   1        dsp_single_colour(WHITE);
  71   1        Fast_DrawFont_GBK16(15,10,BLUE,WHITE, "智能散热系统");
  72   1        Fast_DrawFont_GBK16(5,40,BLACK,WHITE, "温度:");
  73   1        Fast_DrawFont_GBK16(5,60,BLACK,WHITE, "湿度:");
  74   1        Fast_DrawFont_GBK16(5,80,BLACK,WHITE, "粉尘:");
  75   1        Fast_DrawFont_GBK16(5,100,BLACK,WHITE, "电机");
  76   1      }
  77          
  78          


MODULE INFORMATION:   STATIC OVERLAYABLE
   CODE SIZE        =    281    ----
   CONSTANT SIZE    =     36    ----
   XDATA SIZE       =   ----    ----
   PDATA SIZE       =   ----    ----
   DATA SIZE        =   ----    ----
   IDATA SIZE       =   ----    ----
   BIT SIZE         =   ----    ----
   EDATA SIZE       =   ----    ----
   HDATA SIZE       =   ----    ----
   XDATA CONST SIZE =   ----    ----
   FAR CONST SIZE   =   ----    ----
END OF MODULE INFORMATION.


C51 COMPILATION COMPLETE.  0 WARNING(S),  0 ERROR(S)
