C51 COMPILER V9.56.0.0   TASKLIST                                                          10/02/2018 09:38:21 PAGE 1   


C51 COMPILER V9.56.0.0, COMPILATION OF MODULE TASKLIST
OBJECT MODULE PLACED IN .\Objects\tasklist.obj
COMPILER INVOKED BY: D:\Program Files\Keil\C51\BIN\C51.EXE src\tasklist.c LARGE OMF2 OPTIMIZE(8,SPEED) BROWSE INCDIR(.\i
                    -nc) DEBUG PRINT(.\Listings\tasklist.lst) TABS(2) OBJECT(.\Objects\tasklist.obj)

line level    source

   1          #include "tasklist.h"
   2          #include "io.h"
   3          #include "adc.h"
   4          #include "agreement.h"
   5          #include "TFT_LCD.h"
   6          #include "DHT11.h"
   7          
   8          u8 sdata[4] = {0};
   9          
  10          void MyTask_One(void)
  11          {
  12   1        u8 u8Humi[4];
  13   1        u8 u8Temp[4];
  14   1      
  15   1        DHT11_receive(u8Temp, u8Humi);
  16   1        Display_ASCII8X16_Color(50,40,u8Temp,RED,WHITE); //ÎÂ¶È
  17   1        Display_ASCII8X16_Color(50,60,u8Humi,RED,WHITE); //Êª¶È
  18   1        sdata[0] = 0;
  19   1        sdata[1] = TH;
  20   1        sdata[2] = 0;
  21   1        sdata[3] = RH;
  22   1        Send_SensorData(SENSOR_DHT11, 0, sdata);
  23   1      }
  24          
  25          void MyTask_Two(void)
  26          {
  27   1        //u8 str[5];
  28   1        //u8 waterl;
  29   1        
  30   1        //waterl = get_WTL_value(str);
  31   1        //Display_ASCII8X16_Color(50,60,str,RED,WHITE); 
  32   1      
  33   1        sdata[0] = 0;
  34   1        sdata[1] = 0;
  35   1        sdata[2] = 0;
  36   1        sdata[3] = 0;
  37   1        Send_SensorData(SENSOR_PM25, 0, sdata);
  38   1      }
  39          void MyTask_Three(void)
  40          {
  41   1        if(IO_FAN) Display_ASCII8X16_Color(50,100,"ON ",RED,WHITE); 
  42   1        else Display_ASCII8X16_Color(50,100,"OFF",BLACK,WHITE); 
  43   1        
  44   1        sdata[0] = 0;
  45   1        sdata[1] = 0;
  46   1        sdata[2] = 0;
  47   1        sdata[3] = IO_FAN;
  48   1        Send_SensorData(SENSOR_FAN, 0, sdata);
  49   1      }
  50          


MODULE INFORMATION:   STATIC OVERLAYABLE
   CODE SIZE        =    221    ----
C51 COMPILER V9.56.0.0   TASKLIST                                                          10/02/2018 09:38:21 PAGE 2   

   CONSTANT SIZE    =      8    ----
   XDATA SIZE       =      4       8
   PDATA SIZE       =   ----    ----
   DATA SIZE        =   ----    ----
   IDATA SIZE       =   ----    ----
   BIT SIZE         =   ----    ----
   EDATA SIZE       =   ----    ----
   HDATA SIZE       =   ----    ----
   XDATA CONST SIZE =   ----    ----
   FAR CONST SIZE   =   ----    ----
END OF MODULE INFORMATION.


C51 COMPILATION COMPLETE.  0 WARNING(S),  0 ERROR(S)
