C51 COMPILER V9.56.0.0   DELAY                                                             09/19/2018 23:15:31 PAGE 1   


C51 COMPILER V9.56.0.0, COMPILATION OF MODULE DELAY
OBJECT MODULE PLACED IN .\Objects\delay.obj
COMPILER INVOKED BY: D:\Program Files\Keil\C51\BIN\C51.EXE src\delay.c LARGE OMF2 OPTIMIZE(8,SPEED) BROWSE INCDIR(.\inc)
                    - DEBUG PRINT(.\Listings\delay.lst) TABS(2) OBJECT(.\Objects\delay.obj)

line level    source

   1          #include "delay.h"
   2          
   3          void delay_ms(u16 ms)    //u16 µÈ¼ÛÓÚ
   4          { 
   5   1        u16 i,j; 
   6   1        for(i=ms;i>0;i--) 
   7   1          for(j=114;j>0;j--);
   8   1      }
   9          


MODULE INFORMATION:   STATIC OVERLAYABLE
   CODE SIZE        =     30    ----
   CONSTANT SIZE    =   ----    ----
   XDATA SIZE       =   ----    ----
   PDATA SIZE       =   ----    ----
   DATA SIZE        =   ----    ----
   IDATA SIZE       =   ----    ----
   BIT SIZE         =   ----    ----
   EDATA SIZE       =   ----    ----
   HDATA SIZE       =   ----    ----
   XDATA CONST SIZE =   ----    ----
   FAR CONST SIZE   =   ----    ----
END OF MODULE INFORMATION.


C51 COMPILATION COMPLETE.  0 WARNING(S),  0 ERROR(S)
